<?xml version="1.0" encoding="UTF-8"?>
<!-- Generated by org.testng.reporters.JUnitXMLReporter -->
<testsuite ignored="17" hostname="YASINTHA-PC" failures="0" tests="60" name="Test Automation Framework Chrome Test" time="722.153" errors="0" timestamp="2025-01-12T22:53:38 IST">
  <testcase classname="com.odel.test.HomePageTest" name="verifyHomePageTitleTest" time="0.024"/>
  <testcase classname="com.odel.test.HomePageTest" name="verifyHomePageLogoTest" time="0.047"/>
  <testcase classname="com.odel.test.HomePageTest" name="verifyHomePageLogoClickTest" time="2.432"/>
  <testcase classname="com.odel.test.HomePageTest" name="verifyHomePageSearchIconTest" time="0.042"/>
  <testcase classname="com.odel.test.HomePageTest" name="verifyHomePageCartIconTest" time="0.045"/>
  <testcase classname="com.odel.test.HomePageTest" name="verifyHomePageProfileIconTest" time="0.034"/>
  <testcase classname="com.odel.test.HomePageTest" name="verifyHomePageAccountIconTest" time="0.04"/>
  <testcase classname="com.odel.test.HomePageTest" name="verifyDealsLinkTest" time="4.893"/>
  <testcase classname="com.odel.test.HomePageTest" name="verifyNewCollectionLinkTest" time="5.357"/>
  <testcase classname="com.odel.test.HomePageTest" name="verifyShopByBrandsLinkTest" time="1.493"/>
  <testcase classname="com.odel.test.HomePageTest" name="verifyUniSexLinkTest" time="2.974"/>
  <testcase classname="com.odel.test.HomePageTest" name="verifyWomenLinkTest" time="2.274"/>
  <testcase classname="com.odel.test.HomePageTest" name="verifyMenLinkTest" time="2.202"/>
  <testcase classname="com.odel.test.HomePageTest" name="verifySportsLinkTest" time="5.359"/>
  <testcase classname="com.odel.test.HomePageTest" name="verifyFootwearLinkTest" time="3.223"/>
  <testcase classname="com.odel.test.HomePageTest" name="verifyBagsLinkTest" time="3.066"/>
  <testcase classname="com.odel.test.HomePageTest" name="verifyWatchesAndSunglassesLinkTest" time="3.626"/>
  <testcase classname="com.odel.test.HomePageTest" name="verifyJewelleryLinkTest" time="3.44"/>
  <testcase classname="com.odel.test.HomePageTest" name="verifyKidsLinkTest" time="3.56"/>
  <testcase classname="com.odel.test.HomePageTest" name="verifyHomeAndLifeStyleLinkTest" time="3.628"/>
  <testcase classname="com.odel.test.HomePageTest" name="verifyFoodAndBeverageLinkTest" time="2.191"/>
  <testcase classname="com.odel.test.HomePageTest" name="verifySouvenirsAndGiftsLinkTest" time="2.128"/>
  <testcase classname="com.odel.test.HomePageTest" name="verifyLoginPageLinkTest" time="1.04"/>
  <testcase classname="com.odel.test.HomePageTest" name="verifySignUpLinkTest" time="1.037"/>
  <testcase classname="com.odel.test.HomePageTest" name="verifyProfileIconRedirectionTest" time="1.282"/>
  <testcase classname="com.odel.test.HomePageTest" name="verifyProfileAfterlogin" time="9.625"/>
  <testcase classname="com.odel.test.LoginPageTest" name="verifyLoginPageTitleTest" time="1.201"/>
  <testcase classname="com.odel.test.LoginPageTest" name="verifyLoginPageLabelTest" time="1.247"/>
  <testcase classname="com.odel.test.LoginPageTest" name="verifyLoginPageLogoClickTest" time="5.735"/>
  <testcase classname="com.odel.test.LoginPageTest" name="welcomeTextDisplayTest" time="1.268"/>
  <testcase classname="com.odel.test.LoginPageTest" name="verifySignUpPageButtonClickTest" time="2.014"/>
  <testcase classname="com.odel.test.LoginPageTest" name="verifyLoginPageBackButtonClickTest" time="1.27"/>
  <testcase classname="com.odel.test.LoginPageTest" name="passwordMaskingTest" time="1.93"/>
  <testcase classname="com.odel.test.LoginPageTest" name="forgotPasswordLinkTest" time="2.586"/>
  <testcase classname="com.odel.test.LoginPageTest" name="verifyLoginCredentials" time="6.78"/>
  <testcase classname="com.odel.test.LoginPageTest" name="verifyLoginCredentials" time="6.212"/>
  <testcase classname="com.odel.test.LoginPageTest" name="verifyLoginCredentials" time="3.13"/>
  <testcase classname="com.odel.test.LoginPageTest" name="verifyLoginCredentials" time="6.304"/>
  <testcase classname="com.odel.test.SignUpPageTest" name="verifySignUpPageTitleTest" time="2.125"/>
  <testcase classname="com.odel.test.SignUpPageTest" name="verifySignUpPageLabelTest" time="2.076"/>
  <testcase classname="com.odel.test.SignUpPageTest" name="verifyLoginPageButtonClickTest" time="3.18"/>
  <testcase classname="com.odel.test.SignUpPageTest" name="forgotPasswordLinkTest" time="1.951"/>
  <testcase classname="com.odel.test.SignUpPageTest" name="welcomeTextDisplayTest" time="1.352"/>
  <testcase classname="com.odel.test.SignUpPageTest" name="verifySignUpPageLogoClickTest" time="2.612"/>
  <testcase classname="com.odel.test.BagsPageTest" name="verifyBagsPageTitleTest" time="0.024"/>
  <testcase classname="com.odel.test.DealsPageTest" name="verifyDealsPageTitleTest" time="0.011"/>
  <testcase classname="com.odel.test.FoodAndBeveragePageTest" name="verifyFoodAndBeveragePageTitleTest" time="0.012"/>
  <testcase classname="com.odel.test.FootwearPageTest" name="verifyFootwearPageTitleTest" time="0.008"/>
  <testcase classname="com.odel.test.HomeAndLifeStylePageTest" name="verifyHomeAndLifeStylePageTitleTest" time="0.015"/>
  <testcase classname="com.odel.test.JewelleryPageTest" name="verifyJewelleryPageTitleTest" time="0.012"/>
  <testcase classname="com.odel.test.KidsPageTest" name="verifyKidsPageTitleTest" time="0.018"/>
  <testcase classname="com.odel.test.MenPageTest" name="verifyMenPageTitleTest" time="0.014"/>
  <testcase classname="com.odel.test.NewCollectionPageTest" name="verifyNewCollectionPageTitleTest" time="0.014"/>
  <testcase classname="com.odel.test.ShopByBrandsPageTest" name="verifyShopByBrandsPageTitleTest" time="0.016"/>
  <testcase classname="com.odel.test.ShopByBrandsPageTest" name="verifyShopByBrandsPageLabelTest" time="0.041"/>
  <testcase classname="com.odel.test.SouvenirsAndGiftsPageTest" name="verifySouvenirsAndGiftsPageTitleTest" time="0.018"/>
  <testcase classname="com.odel.test.SportsPageTest" name="verifySportsPageTitleTest" time="0.013"/>
  <testcase classname="com.odel.test.UniSexPageTest" name="verifyUniSexPageLabelTest" time="0.041"/>
  <testcase classname="com.odel.test.WatchesAndSunglassesPageTest" name="verifyWatchesAndSunglassesPageTitleTest" time="0.016"/>
  <testcase classname="com.odel.test.WomenPageTest" name="verifyUniSexPageLabelTest" time="0.045"/>
  <testcase classname="com.odel.base.BaseClass" name="@BeforeSuite loadConfig" time="0.0">
    <ignored/>
  </testcase> <!-- @BeforeSuite loadConfig -->
  <testcase classname="com.odel.base.BaseClass" name="@BeforeSuite loadConfig" time="0.0">
    <ignored/>
  </testcase> <!-- @BeforeSuite loadConfig -->
  <testcase classname="com.odel.base.BaseClass" name="@BeforeSuite loadConfig" time="0.0">
    <ignored/>
  </testcase> <!-- @BeforeSuite loadConfig -->
  <testcase classname="com.odel.base.BaseClass" name="@BeforeSuite loadConfig" time="0.0">
    <ignored/>
  </testcase> <!-- @BeforeSuite loadConfig -->
  <testcase classname="com.odel.base.BaseClass" name="@BeforeSuite loadConfig" time="0.0">
    <ignored/>
  </testcase> <!-- @BeforeSuite loadConfig -->
  <testcase classname="com.odel.base.BaseClass" name="@BeforeSuite loadConfig" time="0.0">
    <ignored/>
  </testcase> <!-- @BeforeSuite loadConfig -->
  <testcase classname="com.odel.base.BaseClass" name="@BeforeSuite loadConfig" time="0.0">
    <ignored/>
  </testcase> <!-- @BeforeSuite loadConfig -->
  <testcase classname="com.odel.base.BaseClass" name="@BeforeSuite loadConfig" time="0.0">
    <ignored/>
  </testcase> <!-- @BeforeSuite loadConfig -->
  <testcase classname="com.odel.base.BaseClass" name="@BeforeSuite loadConfig" time="0.0">
    <ignored/>
  </testcase> <!-- @BeforeSuite loadConfig -->
  <testcase classname="com.odel.base.BaseClass" name="@BeforeSuite loadConfig" time="0.0">
    <ignored/>
  </testcase> <!-- @BeforeSuite loadConfig -->
  <testcase classname="com.odel.base.BaseClass" name="@BeforeSuite loadConfig" time="0.0">
    <ignored/>
  </testcase> <!-- @BeforeSuite loadConfig -->
  <testcase classname="com.odel.base.BaseClass" name="@BeforeSuite loadConfig" time="0.0">
    <ignored/>
  </testcase> <!-- @BeforeSuite loadConfig -->
  <testcase classname="com.odel.base.BaseClass" name="@BeforeSuite loadConfig" time="0.0">
    <ignored/>
  </testcase> <!-- @BeforeSuite loadConfig -->
  <testcase classname="com.odel.base.BaseClass" name="@BeforeSuite loadConfig" time="0.0">
    <ignored/>
  </testcase> <!-- @BeforeSuite loadConfig -->
  <testcase classname="com.odel.base.BaseClass" name="@BeforeSuite loadConfig" time="0.0">
    <ignored/>
  </testcase> <!-- @BeforeSuite loadConfig -->
  <testcase classname="com.odel.base.BaseClass" name="@BeforeSuite loadConfig" time="0.0">
    <ignored/>
  </testcase> <!-- @BeforeSuite loadConfig -->
  <testcase classname="com.odel.base.BaseClass" name="@BeforeSuite loadConfig" time="0.0">
    <ignored/>
  </testcase> <!-- @BeforeSuite loadConfig -->
</testsuite> <!-- Test Automation Framework Chrome Test -->
