<?xml version="1.0" encoding="UTF-8"?>
<testng-results ignored="0" total="120" passed="116" failed="4" skipped="0">
  <reporter-output>
  </reporter-output>
  <suite started-at="2025-01-11T21:30:39 IST" name="Test Automation Framework Test Suite" finished-at="2025-01-11T21:53:30 IST" duration-ms="1370594">
    <groups>
    </groups>
    <test started-at="2025-01-11T21:30:39 IST" name="Test Automation Framework Chrome Test" finished-at="2025-01-11T21:41:44 IST" duration-ms="664927">
      <class name="com.odel.test.HomePageTest">
        <test-method is-config="true" signature="setup(java.lang.String)[pri:0, instance:com.odel.test.HomePageTest@50468873]" started-at="2025-01-11T21:30:39 IST" name="setup" finished-at="2025-01-11T21:30:50 IST" duration-ms="10886" status="PASS">
          <params>
            <param index="0">
              <value>
                <![CDATA[chrome]]>
              </value>
            </param>
          </params>
          <reporter-output>
          </reporter-output>
        </test-method> <!-- setup -->
        <test-method is-config="true" signature="setUp()[pri:0, instance:com.odel.test.HomePageTest@50468873]" started-at="2025-01-11T21:30:50 IST" name="setUp" finished-at="2025-01-11T21:30:50 IST" duration-ms="39" status="PASS">
          <reporter-output>
          </reporter-output>
        </test-method> <!-- setUp -->
        <test-method signature="verifyHomePageTitleTest()[pri:1, instance:com.odel.test.HomePageTest@50468873]" started-at="2025-01-11T21:30:50 IST" name="verifyHomePageTitleTest" finished-at="2025-01-11T21:30:50 IST" duration-ms="10" status="PASS">
          <reporter-output>
          </reporter-output>
        </test-method> <!-- verifyHomePageTitleTest -->
        <test-method is-config="true" signature="tearDown(org.testng.ITestResult)[pri:0, instance:com.odel.test.HomePageTest@50468873]" started-at="2025-01-11T21:30:50 IST" name="tearDown" finished-at="2025-01-11T21:30:50 IST" duration-ms="147" status="PASS">
          <params>
            <param index="0">
              <value>
                <![CDATA[[TestResult name=verifyHomePageTitleTest status=SUCCESS method=HomePageTest.verifyHomePageTitleTest()[pri:1, instance:com.odel.test.HomePageTest@50468873] output={null}]]]>
              </value>
            </param>
          </params>
          <reporter-output>
          </reporter-output>
        </test-method> <!-- tearDown -->
        <test-method is-config="true" signature="setup(java.lang.String)[pri:0, instance:com.odel.test.HomePageTest@50468873]" started-at="2025-01-11T21:30:50 IST" name="setup" finished-at="2025-01-11T21:31:01 IST" duration-ms="10504" status="PASS">
          <params>
            <param index="0">
              <value>
                <![CDATA[chrome]]>
              </value>
            </param>
          </params>
          <reporter-output>
          </reporter-output>
        </test-method> <!-- setup -->
        <test-method is-config="true" signature="setUp()[pri:0, instance:com.odel.test.HomePageTest@50468873]" started-at="2025-01-11T21:31:01 IST" name="setUp" finished-at="2025-01-11T21:31:01 IST" duration-ms="1" status="PASS">
          <reporter-output>
          </reporter-output>
        </test-method> <!-- setUp -->
        <test-method signature="verifyHomePageLogoTest()[pri:2, instance:com.odel.test.HomePageTest@50468873]" started-at="2025-01-11T21:31:01 IST" name="verifyHomePageLogoTest" finished-at="2025-01-11T21:31:01 IST" duration-ms="60" status="PASS">
          <reporter-output>
          </reporter-output>
        </test-method> <!-- verifyHomePageLogoTest -->
        <test-method is-config="true" signature="tearDown(org.testng.ITestResult)[pri:0, instance:com.odel.test.HomePageTest@50468873]" started-at="2025-01-11T21:31:01 IST" name="tearDown" finished-at="2025-01-11T21:31:01 IST" duration-ms="139" status="PASS">
          <params>
            <param index="0">
              <value>
                <![CDATA[[TestResult name=verifyHomePageLogoTest status=SUCCESS method=HomePageTest.verifyHomePageLogoTest()[pri:2, instance:com.odel.test.HomePageTest@50468873] output={null}]]]>
              </value>
            </param>
          </params>
          <reporter-output>
          </reporter-output>
        </test-method> <!-- tearDown -->
        <test-method is-config="true" signature="setup(java.lang.String)[pri:0, instance:com.odel.test.HomePageTest@50468873]" started-at="2025-01-11T21:31:01 IST" name="setup" finished-at="2025-01-11T21:31:09 IST" duration-ms="7477" status="PASS">
          <params>
            <param index="0">
              <value>
                <![CDATA[chrome]]>
              </value>
            </param>
          </params>
          <reporter-output>
          </reporter-output>
        </test-method> <!-- setup -->
        <test-method is-config="true" signature="setUp()[pri:0, instance:com.odel.test.HomePageTest@50468873]" started-at="2025-01-11T21:31:09 IST" name="setUp" finished-at="2025-01-11T21:31:09 IST" duration-ms="4" status="PASS">
          <reporter-output>
          </reporter-output>
        </test-method> <!-- setUp -->
        <test-method signature="verifyHomePageLogoClickTest()[pri:3, instance:com.odel.test.HomePageTest@50468873]" started-at="2025-01-11T21:31:09 IST" name="verifyHomePageLogoClickTest" finished-at="2025-01-11T21:31:10 IST" duration-ms="1156" status="PASS">
          <reporter-output>
          </reporter-output>
        </test-method> <!-- verifyHomePageLogoClickTest -->
        <test-method is-config="true" signature="tearDown(org.testng.ITestResult)[pri:0, instance:com.odel.test.HomePageTest@50468873]" started-at="2025-01-11T21:31:10 IST" name="tearDown" finished-at="2025-01-11T21:31:10 IST" duration-ms="161" status="PASS">
          <params>
            <param index="0">
              <value>
                <![CDATA[[TestResult name=verifyHomePageLogoClickTest status=SUCCESS method=HomePageTest.verifyHomePageLogoClickTest()[pri:3, instance:com.odel.test.HomePageTest@50468873] output={null}]]]>
              </value>
            </param>
          </params>
          <reporter-output>
          </reporter-output>
        </test-method> <!-- tearDown -->
        <test-method is-config="true" signature="setup(java.lang.String)[pri:0, instance:com.odel.test.HomePageTest@50468873]" started-at="2025-01-11T21:31:10 IST" name="setup" finished-at="2025-01-11T21:31:17 IST" duration-ms="7076" status="PASS">
          <params>
            <param index="0">
              <value>
                <![CDATA[chrome]]>
              </value>
            </param>
          </params>
          <reporter-output>
          </reporter-output>
        </test-method> <!-- setup -->
        <test-method is-config="true" signature="setUp()[pri:0, instance:com.odel.test.HomePageTest@50468873]" started-at="2025-01-11T21:31:17 IST" name="setUp" finished-at="2025-01-11T21:31:17 IST" duration-ms="1" status="PASS">
          <reporter-output>
          </reporter-output>
        </test-method> <!-- setUp -->
        <test-method signature="verifyHomePageSearchIconTest()[pri:4, instance:com.odel.test.HomePageTest@50468873]" started-at="2025-01-11T21:31:17 IST" name="verifyHomePageSearchIconTest" finished-at="2025-01-11T21:31:17 IST" duration-ms="28" status="PASS">
          <reporter-output>
          </reporter-output>
        </test-method> <!-- verifyHomePageSearchIconTest -->
        <test-method is-config="true" signature="tearDown(org.testng.ITestResult)[pri:0, instance:com.odel.test.HomePageTest@50468873]" started-at="2025-01-11T21:31:17 IST" name="tearDown" finished-at="2025-01-11T21:31:17 IST" duration-ms="143" status="PASS">
          <params>
            <param index="0">
              <value>
                <![CDATA[[TestResult name=verifyHomePageSearchIconTest status=SUCCESS method=HomePageTest.verifyHomePageSearchIconTest()[pri:4, instance:com.odel.test.HomePageTest@50468873] output={null}]]]>
              </value>
            </param>
          </params>
          <reporter-output>
          </reporter-output>
        </test-method> <!-- tearDown -->
        <test-method is-config="true" signature="setup(java.lang.String)[pri:0, instance:com.odel.test.HomePageTest@50468873]" started-at="2025-01-11T21:31:17 IST" name="setup" finished-at="2025-01-11T21:31:24 IST" duration-ms="6782" status="PASS">
          <params>
            <param index="0">
              <value>
                <![CDATA[chrome]]>
              </value>
            </param>
          </params>
          <reporter-output>
          </reporter-output>
        </test-method> <!-- setup -->
        <test-method is-config="true" signature="setUp()[pri:0, instance:com.odel.test.HomePageTest@50468873]" started-at="2025-01-11T21:31:24 IST" name="setUp" finished-at="2025-01-11T21:31:24 IST" duration-ms="2" status="PASS">
          <reporter-output>
          </reporter-output>
        </test-method> <!-- setUp -->
        <test-method signature="verifyHomePageCartIconTest()[pri:5, instance:com.odel.test.HomePageTest@50468873]" started-at="2025-01-11T21:31:24 IST" name="verifyHomePageCartIconTest" finished-at="2025-01-11T21:31:24 IST" duration-ms="37" status="PASS">
          <reporter-output>
          </reporter-output>
        </test-method> <!-- verifyHomePageCartIconTest -->
        <test-method is-config="true" signature="tearDown(org.testng.ITestResult)[pri:0, instance:com.odel.test.HomePageTest@50468873]" started-at="2025-01-11T21:31:24 IST" name="tearDown" finished-at="2025-01-11T21:31:24 IST" duration-ms="182" status="PASS">
          <params>
            <param index="0">
              <value>
                <![CDATA[[TestResult name=verifyHomePageCartIconTest status=SUCCESS method=HomePageTest.verifyHomePageCartIconTest()[pri:5, instance:com.odel.test.HomePageTest@50468873] output={null}]]]>
              </value>
            </param>
          </params>
          <reporter-output>
          </reporter-output>
        </test-method> <!-- tearDown -->
        <test-method is-config="true" signature="setup(java.lang.String)[pri:0, instance:com.odel.test.HomePageTest@50468873]" started-at="2025-01-11T21:31:24 IST" name="setup" finished-at="2025-01-11T21:31:29 IST" duration-ms="5182" status="PASS">
          <params>
            <param index="0">
              <value>
                <![CDATA[chrome]]>
              </value>
            </param>
          </params>
          <reporter-output>
          </reporter-output>
        </test-method> <!-- setup -->
        <test-method is-config="true" signature="setUp()[pri:0, instance:com.odel.test.HomePageTest@50468873]" started-at="2025-01-11T21:31:29 IST" name="setUp" finished-at="2025-01-11T21:31:29 IST" duration-ms="2" status="PASS">
          <reporter-output>
          </reporter-output>
        </test-method> <!-- setUp -->
        <test-method signature="verifyHomePageProfileIconTest()[pri:6, instance:com.odel.test.HomePageTest@50468873]" started-at="2025-01-11T21:31:29 IST" name="verifyHomePageProfileIconTest" finished-at="2025-01-11T21:31:29 IST" duration-ms="45" status="PASS">
          <reporter-output>
          </reporter-output>
        </test-method> <!-- verifyHomePageProfileIconTest -->
        <test-method is-config="true" signature="tearDown(org.testng.ITestResult)[pri:0, instance:com.odel.test.HomePageTest@50468873]" started-at="2025-01-11T21:31:29 IST" name="tearDown" finished-at="2025-01-11T21:31:30 IST" duration-ms="156" status="PASS">
          <params>
            <param index="0">
              <value>
                <![CDATA[[TestResult name=verifyHomePageProfileIconTest status=SUCCESS method=HomePageTest.verifyHomePageProfileIconTest()[pri:6, instance:com.odel.test.HomePageTest@50468873] output={null}]]]>
              </value>
            </param>
          </params>
          <reporter-output>
          </reporter-output>
        </test-method> <!-- tearDown -->
        <test-method is-config="true" signature="setup(java.lang.String)[pri:0, instance:com.odel.test.HomePageTest@50468873]" started-at="2025-01-11T21:31:30 IST" name="setup" finished-at="2025-01-11T21:31:37 IST" duration-ms="6888" status="PASS">
          <params>
            <param index="0">
              <value>
                <![CDATA[chrome]]>
              </value>
            </param>
          </params>
          <reporter-output>
          </reporter-output>
        </test-method> <!-- setup -->
        <test-method is-config="true" signature="setUp()[pri:0, instance:com.odel.test.HomePageTest@50468873]" started-at="2025-01-11T21:31:37 IST" name="setUp" finished-at="2025-01-11T21:31:37 IST" duration-ms="1" status="PASS">
          <reporter-output>
          </reporter-output>
        </test-method> <!-- setUp -->
        <test-method signature="verifyHomePageAccountIconTest()[pri:7, instance:com.odel.test.HomePageTest@50468873]" started-at="2025-01-11T21:31:37 IST" name="verifyHomePageAccountIconTest" finished-at="2025-01-11T21:31:37 IST" duration-ms="39" status="PASS">
          <reporter-output>
          </reporter-output>
        </test-method> <!-- verifyHomePageAccountIconTest -->
        <test-method is-config="true" signature="tearDown(org.testng.ITestResult)[pri:0, instance:com.odel.test.HomePageTest@50468873]" started-at="2025-01-11T21:31:37 IST" name="tearDown" finished-at="2025-01-11T21:31:37 IST" duration-ms="164" status="PASS">
          <params>
            <param index="0">
              <value>
                <![CDATA[[TestResult name=verifyHomePageAccountIconTest status=SUCCESS method=HomePageTest.verifyHomePageAccountIconTest()[pri:7, instance:com.odel.test.HomePageTest@50468873] output={null}]]]>
              </value>
            </param>
          </params>
          <reporter-output>
          </reporter-output>
        </test-method> <!-- tearDown -->
        <test-method is-config="true" signature="setup(java.lang.String)[pri:0, instance:com.odel.test.HomePageTest@50468873]" started-at="2025-01-11T21:31:37 IST" name="setup" finished-at="2025-01-11T21:31:42 IST" duration-ms="5247" status="PASS">
          <params>
            <param index="0">
              <value>
                <![CDATA[chrome]]>
              </value>
            </param>
          </params>
          <reporter-output>
          </reporter-output>
        </test-method> <!-- setup -->
        <test-method is-config="true" signature="setUp()[pri:0, instance:com.odel.test.HomePageTest@50468873]" started-at="2025-01-11T21:31:42 IST" name="setUp" finished-at="2025-01-11T21:31:42 IST" duration-ms="2" status="PASS">
          <reporter-output>
          </reporter-output>
        </test-method> <!-- setUp -->
        <test-method signature="verifyDealsLinkTest()[pri:8, instance:com.odel.test.HomePageTest@50468873]" started-at="2025-01-11T21:31:42 IST" name="verifyDealsLinkTest" finished-at="2025-01-11T21:31:44 IST" duration-ms="2280" status="PASS">
          <reporter-output>
          </reporter-output>
        </test-method> <!-- verifyDealsLinkTest -->
        <test-method is-config="true" signature="tearDown(org.testng.ITestResult)[pri:0, instance:com.odel.test.HomePageTest@50468873]" started-at="2025-01-11T21:31:44 IST" name="tearDown" finished-at="2025-01-11T21:31:44 IST" duration-ms="169" status="PASS">
          <params>
            <param index="0">
              <value>
                <![CDATA[[TestResult name=verifyDealsLinkTest status=SUCCESS method=HomePageTest.verifyDealsLinkTest()[pri:8, instance:com.odel.test.HomePageTest@50468873] output={null}]]]>
              </value>
            </param>
          </params>
          <reporter-output>
          </reporter-output>
        </test-method> <!-- tearDown -->
        <test-method is-config="true" signature="setup(java.lang.String)[pri:0, instance:com.odel.test.HomePageTest@50468873]" started-at="2025-01-11T21:31:44 IST" name="setup" finished-at="2025-01-11T21:31:51 IST" duration-ms="6857" status="PASS">
          <params>
            <param index="0">
              <value>
                <![CDATA[chrome]]>
              </value>
            </param>
          </params>
          <reporter-output>
          </reporter-output>
        </test-method> <!-- setup -->
        <test-method is-config="true" signature="setUp()[pri:0, instance:com.odel.test.HomePageTest@50468873]" started-at="2025-01-11T21:31:51 IST" name="setUp" finished-at="2025-01-11T21:31:51 IST" duration-ms="2" status="PASS">
          <reporter-output>
          </reporter-output>
        </test-method> <!-- setUp -->
        <test-method signature="verifyNewCollectionLinkTest()[pri:9, instance:com.odel.test.HomePageTest@50468873]" started-at="2025-01-11T21:31:51 IST" name="verifyNewCollectionLinkTest" finished-at="2025-01-11T21:31:54 IST" duration-ms="2495" status="PASS">
          <reporter-output>
          </reporter-output>
        </test-method> <!-- verifyNewCollectionLinkTest -->
        <test-method is-config="true" signature="tearDown(org.testng.ITestResult)[pri:0, instance:com.odel.test.HomePageTest@50468873]" started-at="2025-01-11T21:31:54 IST" name="tearDown" finished-at="2025-01-11T21:31:54 IST" duration-ms="162" status="PASS">
          <params>
            <param index="0">
              <value>
                <![CDATA[[TestResult name=verifyNewCollectionLinkTest status=SUCCESS method=HomePageTest.verifyNewCollectionLinkTest()[pri:9, instance:com.odel.test.HomePageTest@50468873] output={null}]]]>
              </value>
            </param>
          </params>
          <reporter-output>
          </reporter-output>
        </test-method> <!-- tearDown -->
        <test-method is-config="true" signature="setup(java.lang.String)[pri:0, instance:com.odel.test.HomePageTest@50468873]" started-at="2025-01-11T21:31:54 IST" name="setup" finished-at="2025-01-11T21:32:04 IST" duration-ms="10352" status="PASS">
          <params>
            <param index="0">
              <value>
                <![CDATA[chrome]]>
              </value>
            </param>
          </params>
          <reporter-output>
          </reporter-output>
        </test-method> <!-- setup -->
        <test-method is-config="true" signature="setUp()[pri:0, instance:com.odel.test.HomePageTest@50468873]" started-at="2025-01-11T21:32:04 IST" name="setUp" finished-at="2025-01-11T21:32:04 IST" duration-ms="3" status="PASS">
          <reporter-output>
          </reporter-output>
        </test-method> <!-- setUp -->
        <test-method signature="verifyShopByBrandsLinkTest()[pri:10, instance:com.odel.test.HomePageTest@50468873]" started-at="2025-01-11T21:32:04 IST" name="verifyShopByBrandsLinkTest" finished-at="2025-01-11T21:32:07 IST" duration-ms="3066" status="PASS">
          <reporter-output>
          </reporter-output>
        </test-method> <!-- verifyShopByBrandsLinkTest -->
        <test-method is-config="true" signature="tearDown(org.testng.ITestResult)[pri:0, instance:com.odel.test.HomePageTest@50468873]" started-at="2025-01-11T21:32:07 IST" name="tearDown" finished-at="2025-01-11T21:32:08 IST" duration-ms="167" status="PASS">
          <params>
            <param index="0">
              <value>
                <![CDATA[[TestResult name=verifyShopByBrandsLinkTest status=SUCCESS method=HomePageTest.verifyShopByBrandsLinkTest()[pri:10, instance:com.odel.test.HomePageTest@50468873] output={null}]]]>
              </value>
            </param>
          </params>
          <reporter-output>
          </reporter-output>
        </test-method> <!-- tearDown -->
        <test-method is-config="true" signature="setup(java.lang.String)[pri:0, instance:com.odel.test.HomePageTest@50468873]" started-at="2025-01-11T21:32:08 IST" name="setup" finished-at="2025-01-11T21:32:14 IST" duration-ms="6795" status="PASS">
          <params>
            <param index="0">
              <value>
                <![CDATA[chrome]]>
              </value>
            </param>
          </params>
          <reporter-output>
          </reporter-output>
        </test-method> <!-- setup -->
        <test-method signature="verifyUniSexLinkTest()[pri:11, instance:com.odel.test.HomePageTest@50468873]" started-at="2025-01-11T21:32:14 IST" name="verifyUniSexLinkTest" finished-at="2025-01-11T21:32:17 IST" duration-ms="2351" status="PASS">
          <reporter-output>
          </reporter-output>
        </test-method> <!-- verifyUniSexLinkTest -->
        <test-method is-config="true" signature="setUp()[pri:0, instance:com.odel.test.HomePageTest@50468873]" started-at="2025-01-11T21:32:14 IST" name="setUp" finished-at="2025-01-11T21:32:14 IST" duration-ms="0" status="PASS">
          <reporter-output>
          </reporter-output>
        </test-method> <!-- setUp -->
        <test-method is-config="true" signature="tearDown(org.testng.ITestResult)[pri:0, instance:com.odel.test.HomePageTest@50468873]" started-at="2025-01-11T21:32:17 IST" name="tearDown" finished-at="2025-01-11T21:32:17 IST" duration-ms="181" status="PASS">
          <params>
            <param index="0">
              <value>
                <![CDATA[[TestResult name=verifyUniSexLinkTest status=SUCCESS method=HomePageTest.verifyUniSexLinkTest()[pri:11, instance:com.odel.test.HomePageTest@50468873] output={null}]]]>
              </value>
            </param>
          </params>
          <reporter-output>
          </reporter-output>
        </test-method> <!-- tearDown -->
        <test-method is-config="true" signature="setup(java.lang.String)[pri:0, instance:com.odel.test.HomePageTest@50468873]" started-at="2025-01-11T21:32:17 IST" name="setup" finished-at="2025-01-11T21:32:24 IST" duration-ms="7622" status="PASS">
          <params>
            <param index="0">
              <value>
                <![CDATA[chrome]]>
              </value>
            </param>
          </params>
          <reporter-output>
          </reporter-output>
        </test-method> <!-- setup -->
        <test-method is-config="true" signature="setUp()[pri:0, instance:com.odel.test.HomePageTest@50468873]" started-at="2025-01-11T21:32:24 IST" name="setUp" finished-at="2025-01-11T21:32:24 IST" duration-ms="1" status="PASS">
          <reporter-output>
          </reporter-output>
        </test-method> <!-- setUp -->
        <test-method signature="verifyWomenLinkTest()[pri:12, instance:com.odel.test.HomePageTest@50468873]" started-at="2025-01-11T21:32:24 IST" name="verifyWomenLinkTest" finished-at="2025-01-11T21:32:27 IST" duration-ms="2644" status="PASS">
          <reporter-output>
          </reporter-output>
        </test-method> <!-- verifyWomenLinkTest -->
        <test-method is-config="true" signature="tearDown(org.testng.ITestResult)[pri:0, instance:com.odel.test.HomePageTest@50468873]" started-at="2025-01-11T21:32:27 IST" name="tearDown" finished-at="2025-01-11T21:32:27 IST" duration-ms="172" status="PASS">
          <params>
            <param index="0">
              <value>
                <![CDATA[[TestResult name=verifyWomenLinkTest status=SUCCESS method=HomePageTest.verifyWomenLinkTest()[pri:12, instance:com.odel.test.HomePageTest@50468873] output={null}]]]>
              </value>
            </param>
          </params>
          <reporter-output>
          </reporter-output>
        </test-method> <!-- tearDown -->
        <test-method is-config="true" signature="setup(java.lang.String)[pri:0, instance:com.odel.test.HomePageTest@50468873]" started-at="2025-01-11T21:32:27 IST" name="setup" finished-at="2025-01-11T21:32:38 IST" duration-ms="10522" status="PASS">
          <params>
            <param index="0">
              <value>
                <![CDATA[chrome]]>
              </value>
            </param>
          </params>
          <reporter-output>
          </reporter-output>
        </test-method> <!-- setup -->
        <test-method is-config="true" signature="setUp()[pri:0, instance:com.odel.test.HomePageTest@50468873]" started-at="2025-01-11T21:32:38 IST" name="setUp" finished-at="2025-01-11T21:32:38 IST" duration-ms="1" status="PASS">
          <reporter-output>
          </reporter-output>
        </test-method> <!-- setUp -->
        <test-method signature="verifyMenLinkTest()[pri:13, instance:com.odel.test.HomePageTest@50468873]" started-at="2025-01-11T21:32:38 IST" name="verifyMenLinkTest" finished-at="2025-01-11T21:32:41 IST" duration-ms="3266" status="PASS">
          <reporter-output>
          </reporter-output>
        </test-method> <!-- verifyMenLinkTest -->
        <test-method is-config="true" signature="tearDown(org.testng.ITestResult)[pri:0, instance:com.odel.test.HomePageTest@50468873]" started-at="2025-01-11T21:32:41 IST" name="tearDown" finished-at="2025-01-11T21:32:41 IST" duration-ms="178" status="PASS">
          <params>
            <param index="0">
              <value>
                <![CDATA[[TestResult name=verifyMenLinkTest status=SUCCESS method=HomePageTest.verifyMenLinkTest()[pri:13, instance:com.odel.test.HomePageTest@50468873] output={null}]]]>
              </value>
            </param>
          </params>
          <reporter-output>
          </reporter-output>
        </test-method> <!-- tearDown -->
        <test-method is-config="true" signature="setup(java.lang.String)[pri:0, instance:com.odel.test.HomePageTest@50468873]" started-at="2025-01-11T21:32:41 IST" name="setup" finished-at="2025-01-11T21:32:51 IST" duration-ms="10057" status="PASS">
          <params>
            <param index="0">
              <value>
                <![CDATA[chrome]]>
              </value>
            </param>
          </params>
          <reporter-output>
          </reporter-output>
        </test-method> <!-- setup -->
        <test-method is-config="true" signature="setUp()[pri:0, instance:com.odel.test.HomePageTest@50468873]" started-at="2025-01-11T21:32:51 IST" name="setUp" finished-at="2025-01-11T21:32:51 IST" duration-ms="2" status="PASS">
          <reporter-output>
          </reporter-output>
        </test-method> <!-- setUp -->
        <test-method signature="verifySportsLinkTest()[pri:14, instance:com.odel.test.HomePageTest@50468873]" started-at="2025-01-11T21:32:51 IST" name="verifySportsLinkTest" finished-at="2025-01-11T21:32:55 IST" duration-ms="3687" status="PASS">
          <reporter-output>
          </reporter-output>
        </test-method> <!-- verifySportsLinkTest -->
        <test-method is-config="true" signature="tearDown(org.testng.ITestResult)[pri:0, instance:com.odel.test.HomePageTest@50468873]" started-at="2025-01-11T21:32:55 IST" name="tearDown" finished-at="2025-01-11T21:32:55 IST" duration-ms="138" status="PASS">
          <params>
            <param index="0">
              <value>
                <![CDATA[[TestResult name=verifySportsLinkTest status=SUCCESS method=HomePageTest.verifySportsLinkTest()[pri:14, instance:com.odel.test.HomePageTest@50468873] output={null}]]]>
              </value>
            </param>
          </params>
          <reporter-output>
          </reporter-output>
        </test-method> <!-- tearDown -->
        <test-method is-config="true" signature="setup(java.lang.String)[pri:0, instance:com.odel.test.HomePageTest@50468873]" started-at="2025-01-11T21:32:55 IST" name="setup" finished-at="2025-01-11T21:33:06 IST" duration-ms="11115" status="PASS">
          <params>
            <param index="0">
              <value>
                <![CDATA[chrome]]>
              </value>
            </param>
          </params>
          <reporter-output>
          </reporter-output>
        </test-method> <!-- setup -->
        <test-method is-config="true" signature="setUp()[pri:0, instance:com.odel.test.HomePageTest@50468873]" started-at="2025-01-11T21:33:06 IST" name="setUp" finished-at="2025-01-11T21:33:06 IST" duration-ms="2" status="PASS">
          <reporter-output>
          </reporter-output>
        </test-method> <!-- setUp -->
        <test-method signature="verifyFootwearLinkTest()[pri:15, instance:com.odel.test.HomePageTest@50468873]" started-at="2025-01-11T21:33:06 IST" name="verifyFootwearLinkTest" finished-at="2025-01-11T21:33:10 IST" duration-ms="3489" status="PASS">
          <reporter-output>
          </reporter-output>
        </test-method> <!-- verifyFootwearLinkTest -->
        <test-method is-config="true" signature="tearDown(org.testng.ITestResult)[pri:0, instance:com.odel.test.HomePageTest@50468873]" started-at="2025-01-11T21:33:10 IST" name="tearDown" finished-at="2025-01-11T21:33:10 IST" duration-ms="153" status="PASS">
          <params>
            <param index="0">
              <value>
                <![CDATA[[TestResult name=verifyFootwearLinkTest status=SUCCESS method=HomePageTest.verifyFootwearLinkTest()[pri:15, instance:com.odel.test.HomePageTest@50468873] output={null}]]]>
              </value>
            </param>
          </params>
          <reporter-output>
          </reporter-output>
        </test-method> <!-- tearDown -->
        <test-method is-config="true" signature="setup(java.lang.String)[pri:0, instance:com.odel.test.HomePageTest@50468873]" started-at="2025-01-11T21:33:10 IST" name="setup" finished-at="2025-01-11T21:33:21 IST" duration-ms="11089" status="PASS">
          <params>
            <param index="0">
              <value>
                <![CDATA[chrome]]>
              </value>
            </param>
          </params>
          <reporter-output>
          </reporter-output>
        </test-method> <!-- setup -->
        <test-method is-config="true" signature="setUp()[pri:0, instance:com.odel.test.HomePageTest@50468873]" started-at="2025-01-11T21:33:21 IST" name="setUp" finished-at="2025-01-11T21:33:21 IST" duration-ms="1" status="PASS">
          <reporter-output>
          </reporter-output>
        </test-method> <!-- setUp -->
        <test-method signature="verifyBagsLinkTest()[pri:16, instance:com.odel.test.HomePageTest@50468873]" started-at="2025-01-11T21:33:21 IST" name="verifyBagsLinkTest" finished-at="2025-01-11T21:33:25 IST" duration-ms="4086" status="PASS">
          <reporter-output>
          </reporter-output>
        </test-method> <!-- verifyBagsLinkTest -->
        <test-method is-config="true" signature="tearDown(org.testng.ITestResult)[pri:0, instance:com.odel.test.HomePageTest@50468873]" started-at="2025-01-11T21:33:25 IST" name="tearDown" finished-at="2025-01-11T21:33:25 IST" duration-ms="158" status="PASS">
          <params>
            <param index="0">
              <value>
                <![CDATA[[TestResult name=verifyBagsLinkTest status=SUCCESS method=HomePageTest.verifyBagsLinkTest()[pri:16, instance:com.odel.test.HomePageTest@50468873] output={null}]]]>
              </value>
            </param>
          </params>
          <reporter-output>
          </reporter-output>
        </test-method> <!-- tearDown -->
        <test-method is-config="true" signature="setup(java.lang.String)[pri:0, instance:com.odel.test.HomePageTest@50468873]" started-at="2025-01-11T21:33:25 IST" name="setup" finished-at="2025-01-11T21:33:35 IST" duration-ms="9699" status="PASS">
          <params>
            <param index="0">
              <value>
                <![CDATA[chrome]]>
              </value>
            </param>
          </params>
          <reporter-output>
          </reporter-output>
        </test-method> <!-- setup -->
        <test-method is-config="true" signature="setUp()[pri:0, instance:com.odel.test.HomePageTest@50468873]" started-at="2025-01-11T21:33:35 IST" name="setUp" finished-at="2025-01-11T21:33:35 IST" duration-ms="1" status="PASS">
          <reporter-output>
          </reporter-output>
        </test-method> <!-- setUp -->
        <test-method signature="verifyWatchesAndSunglassesLinkTest()[pri:17, instance:com.odel.test.HomePageTest@50468873]" started-at="2025-01-11T21:33:35 IST" name="verifyWatchesAndSunglassesLinkTest" finished-at="2025-01-11T21:33:39 IST" duration-ms="3778" status="PASS">
          <reporter-output>
          </reporter-output>
        </test-method> <!-- verifyWatchesAndSunglassesLinkTest -->
        <test-method is-config="true" signature="tearDown(org.testng.ITestResult)[pri:0, instance:com.odel.test.HomePageTest@50468873]" started-at="2025-01-11T21:33:39 IST" name="tearDown" finished-at="2025-01-11T21:33:39 IST" duration-ms="154" status="PASS">
          <params>
            <param index="0">
              <value>
                <![CDATA[[TestResult name=verifyWatchesAndSunglassesLinkTest status=SUCCESS method=HomePageTest.verifyWatchesAndSunglassesLinkTest()[pri:17, instance:com.odel.test.HomePageTest@50468873] output={null}]]]>
              </value>
            </param>
          </params>
          <reporter-output>
          </reporter-output>
        </test-method> <!-- tearDown -->
        <test-method is-config="true" signature="setup(java.lang.String)[pri:0, instance:com.odel.test.HomePageTest@50468873]" started-at="2025-01-11T21:33:39 IST" name="setup" finished-at="2025-01-11T21:33:49 IST" duration-ms="10321" status="PASS">
          <params>
            <param index="0">
              <value>
                <![CDATA[chrome]]>
              </value>
            </param>
          </params>
          <reporter-output>
          </reporter-output>
        </test-method> <!-- setup -->
        <test-method is-config="true" signature="setUp()[pri:0, instance:com.odel.test.HomePageTest@50468873]" started-at="2025-01-11T21:33:49 IST" name="setUp" finished-at="2025-01-11T21:33:49 IST" duration-ms="1" status="PASS">
          <reporter-output>
          </reporter-output>
        </test-method> <!-- setUp -->
        <test-method signature="verifyJewelleryLinkTest()[pri:18, instance:com.odel.test.HomePageTest@50468873]" started-at="2025-01-11T21:33:49 IST" name="verifyJewelleryLinkTest" finished-at="2025-01-11T21:33:52 IST" duration-ms="3066" status="PASS">
          <reporter-output>
          </reporter-output>
        </test-method> <!-- verifyJewelleryLinkTest -->
        <test-method is-config="true" signature="tearDown(org.testng.ITestResult)[pri:0, instance:com.odel.test.HomePageTest@50468873]" started-at="2025-01-11T21:33:52 IST" name="tearDown" finished-at="2025-01-11T21:33:52 IST" duration-ms="152" status="PASS">
          <params>
            <param index="0">
              <value>
                <![CDATA[[TestResult name=verifyJewelleryLinkTest status=SUCCESS method=HomePageTest.verifyJewelleryLinkTest()[pri:18, instance:com.odel.test.HomePageTest@50468873] output={null}]]]>
              </value>
            </param>
          </params>
          <reporter-output>
          </reporter-output>
        </test-method> <!-- tearDown -->
        <test-method is-config="true" signature="setup(java.lang.String)[pri:0, instance:com.odel.test.HomePageTest@50468873]" started-at="2025-01-11T21:33:52 IST" name="setup" finished-at="2025-01-11T21:34:00 IST" duration-ms="7586" status="PASS">
          <params>
            <param index="0">
              <value>
                <![CDATA[chrome]]>
              </value>
            </param>
          </params>
          <reporter-output>
          </reporter-output>
        </test-method> <!-- setup -->
        <test-method is-config="true" signature="setUp()[pri:0, instance:com.odel.test.HomePageTest@50468873]" started-at="2025-01-11T21:34:00 IST" name="setUp" finished-at="2025-01-11T21:34:00 IST" duration-ms="2" status="PASS">
          <reporter-output>
          </reporter-output>
        </test-method> <!-- setUp -->
        <test-method signature="verifyKidsLinkTest()[pri:19, instance:com.odel.test.HomePageTest@50468873]" started-at="2025-01-11T21:34:00 IST" name="verifyKidsLinkTest" finished-at="2025-01-11T21:34:03 IST" duration-ms="3098" status="PASS">
          <reporter-output>
          </reporter-output>
        </test-method> <!-- verifyKidsLinkTest -->
        <test-method is-config="true" signature="tearDown(org.testng.ITestResult)[pri:0, instance:com.odel.test.HomePageTest@50468873]" started-at="2025-01-11T21:34:03 IST" name="tearDown" finished-at="2025-01-11T21:34:03 IST" duration-ms="155" status="PASS">
          <params>
            <param index="0">
              <value>
                <![CDATA[[TestResult name=verifyKidsLinkTest status=SUCCESS method=HomePageTest.verifyKidsLinkTest()[pri:19, instance:com.odel.test.HomePageTest@50468873] output={null}]]]>
              </value>
            </param>
          </params>
          <reporter-output>
          </reporter-output>
        </test-method> <!-- tearDown -->
        <test-method is-config="true" signature="setup(java.lang.String)[pri:0, instance:com.odel.test.HomePageTest@50468873]" started-at="2025-01-11T21:34:03 IST" name="setup" finished-at="2025-01-11T21:34:11 IST" duration-ms="7285" status="PASS">
          <params>
            <param index="0">
              <value>
                <![CDATA[chrome]]>
              </value>
            </param>
          </params>
          <reporter-output>
          </reporter-output>
        </test-method> <!-- setup -->
        <test-method is-config="true" signature="setUp()[pri:0, instance:com.odel.test.HomePageTest@50468873]" started-at="2025-01-11T21:34:11 IST" name="setUp" finished-at="2025-01-11T21:34:11 IST" duration-ms="1" status="PASS">
          <reporter-output>
          </reporter-output>
        </test-method> <!-- setUp -->
        <test-method signature="verifyHomeAndLifeStyleLinkTest()[pri:20, instance:com.odel.test.HomePageTest@50468873]" started-at="2025-01-11T21:34:11 IST" name="verifyHomeAndLifeStyleLinkTest" finished-at="2025-01-11T21:34:13 IST" duration-ms="2147" status="PASS">
          <reporter-output>
          </reporter-output>
        </test-method> <!-- verifyHomeAndLifeStyleLinkTest -->
        <test-method is-config="true" signature="tearDown(org.testng.ITestResult)[pri:0, instance:com.odel.test.HomePageTest@50468873]" started-at="2025-01-11T21:34:13 IST" name="tearDown" finished-at="2025-01-11T21:34:13 IST" duration-ms="140" status="PASS">
          <params>
            <param index="0">
              <value>
                <![CDATA[[TestResult name=verifyHomeAndLifeStyleLinkTest status=SUCCESS method=HomePageTest.verifyHomeAndLifeStyleLinkTest()[pri:20, instance:com.odel.test.HomePageTest@50468873] output={null}]]]>
              </value>
            </param>
          </params>
          <reporter-output>
          </reporter-output>
        </test-method> <!-- tearDown -->
        <test-method is-config="true" signature="setup(java.lang.String)[pri:0, instance:com.odel.test.HomePageTest@50468873]" started-at="2025-01-11T21:34:13 IST" name="setup" finished-at="2025-01-11T21:34:20 IST" duration-ms="6871" status="PASS">
          <params>
            <param index="0">
              <value>
                <![CDATA[chrome]]>
              </value>
            </param>
          </params>
          <reporter-output>
          </reporter-output>
        </test-method> <!-- setup -->
        <test-method is-config="true" signature="setUp()[pri:0, instance:com.odel.test.HomePageTest@50468873]" started-at="2025-01-11T21:34:20 IST" name="setUp" finished-at="2025-01-11T21:34:20 IST" duration-ms="1" status="PASS">
          <reporter-output>
          </reporter-output>
        </test-method> <!-- setUp -->
        <test-method signature="verifyFoodAndBeverageLinkTest()[pri:21, instance:com.odel.test.HomePageTest@50468873]" started-at="2025-01-11T21:34:20 IST" name="verifyFoodAndBeverageLinkTest" finished-at="2025-01-11T21:34:23 IST" duration-ms="3121" status="PASS">
          <reporter-output>
          </reporter-output>
        </test-method> <!-- verifyFoodAndBeverageLinkTest -->
        <test-method is-config="true" signature="tearDown(org.testng.ITestResult)[pri:0, instance:com.odel.test.HomePageTest@50468873]" started-at="2025-01-11T21:34:23 IST" name="tearDown" finished-at="2025-01-11T21:34:23 IST" duration-ms="180" status="PASS">
          <params>
            <param index="0">
              <value>
                <![CDATA[[TestResult name=verifyFoodAndBeverageLinkTest status=SUCCESS method=HomePageTest.verifyFoodAndBeverageLinkTest()[pri:21, instance:com.odel.test.HomePageTest@50468873] output={null}]]]>
              </value>
            </param>
          </params>
          <reporter-output>
          </reporter-output>
        </test-method> <!-- tearDown -->
        <test-method is-config="true" signature="setup(java.lang.String)[pri:0, instance:com.odel.test.HomePageTest@50468873]" started-at="2025-01-11T21:34:23 IST" name="setup" finished-at="2025-01-11T21:34:34 IST" duration-ms="10509" status="PASS">
          <params>
            <param index="0">
              <value>
                <![CDATA[chrome]]>
              </value>
            </param>
          </params>
          <reporter-output>
          </reporter-output>
        </test-method> <!-- setup -->
        <test-method signature="verifySouvenirsAndGiftsLinkTest()[pri:22, instance:com.odel.test.HomePageTest@50468873]" started-at="2025-01-11T21:34:34 IST" name="verifySouvenirsAndGiftsLinkTest" finished-at="2025-01-11T21:34:37 IST" duration-ms="3456" status="PASS">
          <reporter-output>
          </reporter-output>
        </test-method> <!-- verifySouvenirsAndGiftsLinkTest -->
        <test-method is-config="true" signature="setUp()[pri:0, instance:com.odel.test.HomePageTest@50468873]" started-at="2025-01-11T21:34:34 IST" name="setUp" finished-at="2025-01-11T21:34:34 IST" duration-ms="0" status="PASS">
          <reporter-output>
          </reporter-output>
        </test-method> <!-- setUp -->
        <test-method is-config="true" signature="tearDown(org.testng.ITestResult)[pri:0, instance:com.odel.test.HomePageTest@50468873]" started-at="2025-01-11T21:34:37 IST" name="tearDown" finished-at="2025-01-11T21:34:37 IST" duration-ms="155" status="PASS">
          <params>
            <param index="0">
              <value>
                <![CDATA[[TestResult name=verifySouvenirsAndGiftsLinkTest status=SUCCESS method=HomePageTest.verifySouvenirsAndGiftsLinkTest()[pri:22, instance:com.odel.test.HomePageTest@50468873] output={null}]]]>
              </value>
            </param>
          </params>
          <reporter-output>
          </reporter-output>
        </test-method> <!-- tearDown -->
        <test-method is-config="true" signature="setup(java.lang.String)[pri:0, instance:com.odel.test.HomePageTest@50468873]" started-at="2025-01-11T21:34:37 IST" name="setup" finished-at="2025-01-11T21:34:47 IST" duration-ms="10041" status="PASS">
          <params>
            <param index="0">
              <value>
                <![CDATA[chrome]]>
              </value>
            </param>
          </params>
          <reporter-output>
          </reporter-output>
        </test-method> <!-- setup -->
        <test-method signature="verifyLoginPageLinkTest()[pri:23, instance:com.odel.test.HomePageTest@50468873]" started-at="2025-01-11T21:34:47 IST" name="verifyLoginPageLinkTest" finished-at="2025-01-11T21:34:49 IST" duration-ms="2033" status="PASS">
          <reporter-output>
          </reporter-output>
        </test-method> <!-- verifyLoginPageLinkTest -->
        <test-method is-config="true" signature="setUp()[pri:0, instance:com.odel.test.HomePageTest@50468873]" started-at="2025-01-11T21:34:47 IST" name="setUp" finished-at="2025-01-11T21:34:47 IST" duration-ms="0" status="PASS">
          <reporter-output>
          </reporter-output>
        </test-method> <!-- setUp -->
        <test-method is-config="true" signature="tearDown(org.testng.ITestResult)[pri:0, instance:com.odel.test.HomePageTest@50468873]" started-at="2025-01-11T21:34:49 IST" name="tearDown" finished-at="2025-01-11T21:34:49 IST" duration-ms="161" status="PASS">
          <params>
            <param index="0">
              <value>
                <![CDATA[[TestResult name=verifyLoginPageLinkTest status=SUCCESS method=HomePageTest.verifyLoginPageLinkTest()[pri:23, instance:com.odel.test.HomePageTest@50468873] output={null}]]]>
              </value>
            </param>
          </params>
          <reporter-output>
          </reporter-output>
        </test-method> <!-- tearDown -->
        <test-method is-config="true" signature="setup(java.lang.String)[pri:0, instance:com.odel.test.HomePageTest@50468873]" started-at="2025-01-11T21:34:49 IST" name="setup" finished-at="2025-01-11T21:35:01 IST" duration-ms="11507" status="PASS">
          <params>
            <param index="0">
              <value>
                <![CDATA[chrome]]>
              </value>
            </param>
          </params>
          <reporter-output>
          </reporter-output>
        </test-method> <!-- setup -->
        <test-method signature="verifySignUpLinkTest()[pri:24, instance:com.odel.test.HomePageTest@50468873]" started-at="2025-01-11T21:35:01 IST" name="verifySignUpLinkTest" finished-at="2025-01-11T21:35:04 IST" duration-ms="3190" status="PASS">
          <reporter-output>
          </reporter-output>
        </test-method> <!-- verifySignUpLinkTest -->
        <test-method is-config="true" signature="setUp()[pri:0, instance:com.odel.test.HomePageTest@50468873]" started-at="2025-01-11T21:35:01 IST" name="setUp" finished-at="2025-01-11T21:35:01 IST" duration-ms="0" status="PASS">
          <reporter-output>
          </reporter-output>
        </test-method> <!-- setUp -->
        <test-method is-config="true" signature="tearDown(org.testng.ITestResult)[pri:0, instance:com.odel.test.HomePageTest@50468873]" started-at="2025-01-11T21:35:04 IST" name="tearDown" finished-at="2025-01-11T21:35:04 IST" duration-ms="182" status="PASS">
          <params>
            <param index="0">
              <value>
                <![CDATA[[TestResult name=verifySignUpLinkTest status=SUCCESS method=HomePageTest.verifySignUpLinkTest()[pri:24, instance:com.odel.test.HomePageTest@50468873] output={null}]]]>
              </value>
            </param>
          </params>
          <reporter-output>
          </reporter-output>
        </test-method> <!-- tearDown -->
        <test-method is-config="true" signature="setup(java.lang.String)[pri:0, instance:com.odel.test.HomePageTest@50468873]" started-at="2025-01-11T21:35:04 IST" name="setup" finished-at="2025-01-11T21:35:12 IST" duration-ms="7654" status="PASS">
          <params>
            <param index="0">
              <value>
                <![CDATA[chrome]]>
              </value>
            </param>
          </params>
          <reporter-output>
          </reporter-output>
        </test-method> <!-- setup -->
        <test-method signature="verifyProfileIconRedirectionTest()[pri:25, instance:com.odel.test.HomePageTest@50468873]" started-at="2025-01-11T21:35:12 IST" name="verifyProfileIconRedirectionTest" finished-at="2025-01-11T21:35:13 IST" duration-ms="1310" status="PASS">
          <reporter-output>
          </reporter-output>
        </test-method> <!-- verifyProfileIconRedirectionTest -->
        <test-method is-config="true" signature="setUp()[pri:0, instance:com.odel.test.HomePageTest@50468873]" started-at="2025-01-11T21:35:12 IST" name="setUp" finished-at="2025-01-11T21:35:12 IST" duration-ms="0" status="PASS">
          <reporter-output>
          </reporter-output>
        </test-method> <!-- setUp -->
        <test-method is-config="true" signature="tearDown(org.testng.ITestResult)[pri:0, instance:com.odel.test.HomePageTest@50468873]" started-at="2025-01-11T21:35:13 IST" name="tearDown" finished-at="2025-01-11T21:35:13 IST" duration-ms="167" status="PASS">
          <params>
            <param index="0">
              <value>
                <![CDATA[[TestResult name=verifyProfileIconRedirectionTest status=SUCCESS method=HomePageTest.verifyProfileIconRedirectionTest()[pri:25, instance:com.odel.test.HomePageTest@50468873] output={null}]]]>
              </value>
            </param>
          </params>
          <reporter-output>
          </reporter-output>
        </test-method> <!-- tearDown -->
        <test-method is-config="true" signature="setup(java.lang.String)[pri:0, instance:com.odel.test.HomePageTest@50468873]" started-at="2025-01-11T21:35:13 IST" name="setup" finished-at="2025-01-11T21:35:21 IST" duration-ms="7298" status="PASS">
          <params>
            <param index="0">
              <value>
                <![CDATA[chrome]]>
              </value>
            </param>
          </params>
          <reporter-output>
          </reporter-output>
        </test-method> <!-- setup -->
        <test-method is-config="true" signature="setUp()[pri:0, instance:com.odel.test.HomePageTest@50468873]" started-at="2025-01-11T21:35:21 IST" name="setUp" finished-at="2025-01-11T21:35:21 IST" duration-ms="1" status="PASS">
          <reporter-output>
          </reporter-output>
        </test-method> <!-- setUp -->
        <test-method signature="verifyProfileAfterlogin()[pri:26, instance:com.odel.test.HomePageTest@50468873]" started-at="2025-01-11T21:35:21 IST" name="verifyProfileAfterlogin" finished-at="2025-01-11T21:35:31 IST" duration-ms="10254" status="PASS">
          <reporter-output>
          </reporter-output>
        </test-method> <!-- verifyProfileAfterlogin -->
        <test-method is-config="true" signature="tearDown(org.testng.ITestResult)[pri:0, instance:com.odel.test.HomePageTest@50468873]" started-at="2025-01-11T21:35:31 IST" name="tearDown" finished-at="2025-01-11T21:35:31 IST" duration-ms="186" status="PASS">
          <params>
            <param index="0">
              <value>
                <![CDATA[[TestResult name=verifyProfileAfterlogin status=SUCCESS method=HomePageTest.verifyProfileAfterlogin()[pri:26, instance:com.odel.test.HomePageTest@50468873] output={null}]]]>
              </value>
            </param>
          </params>
          <reporter-output>
          </reporter-output>
        </test-method> <!-- tearDown -->
      </class> <!-- com.odel.test.HomePageTest -->
      <class name="com.odel.test.JewelleryPageTest">
        <test-method is-config="true" signature="setup(java.lang.String)[pri:0, instance:com.odel.test.JewelleryPageTest@6bbe2511]" started-at="2025-01-11T21:39:59 IST" name="setup" finished-at="2025-01-11T21:40:06 IST" duration-ms="7358" status="PASS">
          <params>
            <param index="0">
              <value>
                <![CDATA[chrome]]>
              </value>
            </param>
          </params>
          <reporter-output>
          </reporter-output>
        </test-method> <!-- setup -->
        <test-method is-config="true" signature="setUp()[pri:0, instance:com.odel.test.JewelleryPageTest@6bbe2511]" started-at="2025-01-11T21:40:06 IST" name="setUp" finished-at="2025-01-11T21:40:08 IST" duration-ms="2028" status="PASS">
          <reporter-output>
          </reporter-output>
        </test-method> <!-- setUp -->
        <test-method signature="verifyJewelleryPageTitleTest()[pri:1, instance:com.odel.test.JewelleryPageTest@6bbe2511]" started-at="2025-01-11T21:40:08 IST" name="verifyJewelleryPageTitleTest" finished-at="2025-01-11T21:40:08 IST" duration-ms="8" status="PASS">
          <reporter-output>
          </reporter-output>
        </test-method> <!-- verifyJewelleryPageTitleTest -->
        <test-method is-config="true" signature="tearDown(org.testng.ITestResult)[pri:0, instance:com.odel.test.JewelleryPageTest@6bbe2511]" started-at="2025-01-11T21:40:08 IST" name="tearDown" finished-at="2025-01-11T21:40:08 IST" duration-ms="155" status="PASS">
          <params>
            <param index="0">
              <value>
                <![CDATA[[TestResult name=verifyJewelleryPageTitleTest status=SUCCESS method=JewelleryPageTest.verifyJewelleryPageTitleTest()[pri:1, instance:com.odel.test.JewelleryPageTest@6bbe2511] output={null}]]]>
              </value>
            </param>
          </params>
          <reporter-output>
          </reporter-output>
        </test-method> <!-- tearDown -->
      </class> <!-- com.odel.test.JewelleryPageTest -->
      <class name="com.odel.test.UniSexPageTest">
        <test-method is-config="true" signature="setup(java.lang.String)[pri:0, instance:com.odel.test.UniSexPageTest@7a1a3478]" started-at="2025-01-11T21:41:08 IST" name="setup" finished-at="2025-01-11T21:41:15 IST" duration-ms="6917" status="PASS">
          <params>
            <param index="0">
              <value>
                <![CDATA[chrome]]>
              </value>
            </param>
          </params>
          <reporter-output>
          </reporter-output>
        </test-method> <!-- setup -->
        <test-method is-config="true" signature="setUp()[pri:0, instance:com.odel.test.UniSexPageTest@7a1a3478]" started-at="2025-01-11T21:41:15 IST" name="setUp" finished-at="2025-01-11T21:41:19 IST" duration-ms="3735" status="PASS">
          <reporter-output>
          </reporter-output>
        </test-method> <!-- setUp -->
        <test-method signature="verifyUniSexPageLabelTest()[pri:1, instance:com.odel.test.UniSexPageTest@7a1a3478]" started-at="2025-01-11T21:41:19 IST" name="verifyUniSexPageLabelTest" finished-at="2025-01-11T21:41:19 IST" duration-ms="33" status="PASS">
          <reporter-output>
          </reporter-output>
        </test-method> <!-- verifyUniSexPageLabelTest -->
        <test-method is-config="true" signature="tearDown(org.testng.ITestResult)[pri:0, instance:com.odel.test.UniSexPageTest@7a1a3478]" started-at="2025-01-11T21:41:19 IST" name="tearDown" finished-at="2025-01-11T21:41:19 IST" duration-ms="175" status="PASS">
          <params>
            <param index="0">
              <value>
                <![CDATA[[TestResult name=verifyUniSexPageLabelTest status=SUCCESS method=UniSexPageTest.verifyUniSexPageLabelTest()[pri:1, instance:com.odel.test.UniSexPageTest@7a1a3478] output={null}]]]>
              </value>
            </param>
          </params>
          <reporter-output>
          </reporter-output>
        </test-method> <!-- tearDown -->
      </class> <!-- com.odel.test.UniSexPageTest -->
      <class name="com.odel.test.MenPageTest">
        <test-method is-config="true" signature="setup(java.lang.String)[pri:0, instance:com.odel.test.MenPageTest@76012793]" started-at="2025-01-11T21:40:21 IST" name="setup" finished-at="2025-01-11T21:40:27 IST" duration-ms="5254" status="PASS">
          <params>
            <param index="0">
              <value>
                <![CDATA[chrome]]>
              </value>
            </param>
          </params>
          <reporter-output>
          </reporter-output>
        </test-method> <!-- setup -->
        <test-method is-config="true" signature="setUp()[pri:0, instance:com.odel.test.MenPageTest@76012793]" started-at="2025-01-11T21:40:27 IST" name="setUp" finished-at="2025-01-11T21:40:29 IST" duration-ms="2307" status="PASS">
          <reporter-output>
          </reporter-output>
        </test-method> <!-- setUp -->
        <test-method signature="verifyMenPageTitleTest()[pri:1, instance:com.odel.test.MenPageTest@76012793]" started-at="2025-01-11T21:40:29 IST" name="verifyMenPageTitleTest" finished-at="2025-01-11T21:40:29 IST" duration-ms="13" status="PASS">
          <reporter-output>
          </reporter-output>
        </test-method> <!-- verifyMenPageTitleTest -->
        <test-method is-config="true" signature="tearDown(org.testng.ITestResult)[pri:0, instance:com.odel.test.MenPageTest@76012793]" started-at="2025-01-11T21:40:29 IST" name="tearDown" finished-at="2025-01-11T21:40:29 IST" duration-ms="163" status="PASS">
          <params>
            <param index="0">
              <value>
                <![CDATA[[TestResult name=verifyMenPageTitleTest status=SUCCESS method=MenPageTest.verifyMenPageTitleTest()[pri:1, instance:com.odel.test.MenPageTest@76012793] output={null}]]]>
              </value>
            </param>
          </params>
          <reporter-output>
          </reporter-output>
        </test-method> <!-- tearDown -->
      </class> <!-- com.odel.test.MenPageTest -->
      <class name="com.odel.test.WatchesAndSunglassesPageTest">
        <test-method is-config="true" signature="setup(java.lang.String)[pri:0, instance:com.odel.test.WatchesAndSunglassesPageTest@495b0487]" started-at="2025-01-11T21:41:19 IST" name="setup" finished-at="2025-01-11T21:41:26 IST" duration-ms="7469" status="PASS">
          <params>
            <param index="0">
              <value>
                <![CDATA[chrome]]>
              </value>
            </param>
          </params>
          <reporter-output>
          </reporter-output>
        </test-method> <!-- setup -->
        <test-method is-config="true" signature="setUp()[pri:0, instance:com.odel.test.WatchesAndSunglassesPageTest@495b0487]" started-at="2025-01-11T21:41:26 IST" name="setUp" finished-at="2025-01-11T21:41:29 IST" duration-ms="2431" status="PASS">
          <reporter-output>
          </reporter-output>
        </test-method> <!-- setUp -->
        <test-method signature="verifyWatchesAndSunglassesPageTitleTest()[pri:1, instance:com.odel.test.WatchesAndSunglassesPageTest@495b0487]" started-at="2025-01-11T21:41:29 IST" name="verifyWatchesAndSunglassesPageTitleTest" finished-at="2025-01-11T21:41:29 IST" duration-ms="9" status="FAIL">
          <exception class="java.lang.AssertionError">
            <message>
              <![CDATA[WATECHES & SUNGLASSES page title not matched expected [WATECHES & SUNGLASSES | Odel.lk] but found [ | Odel.lk]]]>
            </message>
            <full-stacktrace>
              <![CDATA[java.lang.AssertionError: WATECHES & SUNGLASSES page title not matched expected [WATECHES & SUNGLASSES | Odel.lk] but found [ | Odel.lk]
at org.testng.Assert.fail(Assert.java:111)
at org.testng.Assert.failNotEquals(Assert.java:1578)
at org.testng.Assert.assertEqualsImpl(Assert.java:150)
at org.testng.Assert.assertEquals(Assert.java:132)
at org.testng.Assert.assertEquals(Assert.java:656)
at com.odel.test.WatchesAndSunglassesPageTest.verifyWatchesAndSunglassesPageTitleTest(WatchesAndSunglassesPageTest.java:26)
at java.base/jdk.internal.reflect.DirectMethodHandleAccessor.invoke(DirectMethodHandleAccessor.java:103)
at java.base/java.lang.reflect.Method.invoke(Method.java:580)
at org.testng.internal.invokers.MethodInvocationHelper.invokeMethod(MethodInvocationHelper.java:141)
at org.testng.internal.invokers.TestInvoker.invokeMethod(TestInvoker.java:686)
at org.testng.internal.invokers.TestInvoker.invokeTestMethod(TestInvoker.java:230)
at org.testng.internal.invokers.MethodRunner.runInSequence(MethodRunner.java:63)
at org.testng.internal.invokers.TestInvoker$MethodInvocationAgent.invoke(TestInvoker.java:992)
at org.testng.internal.invokers.TestInvoker.invokeTestMethods(TestInvoker.java:203)
at org.testng.internal.invokers.TestMethodWorker.invokeTestMethods(TestMethodWorker.java:154)
at org.testng.internal.invokers.TestMethodWorker.run(TestMethodWorker.java:134)
at java.base/java.util.ArrayList.forEach(ArrayList.java:1597)
at org.testng.TestRunner.privateRun(TestRunner.java:739)
at org.testng.TestRunner.run(TestRunner.java:614)
at org.testng.SuiteRunner.runTest(SuiteRunner.java:421)
at org.testng.SuiteRunner.runSequentially(SuiteRunner.java:413)
at org.testng.SuiteRunner.privateRun(SuiteRunner.java:373)
at org.testng.SuiteRunner.run(SuiteRunner.java:312)
at org.testng.SuiteRunnerWorker.runSuite(SuiteRunnerWorker.java:52)
at org.testng.SuiteRunnerWorker.run(SuiteRunnerWorker.java:95)
at org.testng.TestNG.runSuitesSequentially(TestNG.java:1274)
at org.testng.TestNG.runSuitesLocally(TestNG.java:1208)
at org.testng.TestNG.runSuites(TestNG.java:1112)
at org.testng.TestNG.run(TestNG.java:1079)
at org.apache.maven.surefire.testng.TestNGExecutor.run(TestNGExecutor.java:308)
at org.apache.maven.surefire.testng.TestNGXmlTestSuite.execute(TestNGXmlTestSuite.java:71)
at org.apache.maven.surefire.testng.TestNGProvider.invoke(TestNGProvider.java:113)
at org.apache.maven.surefire.booter.ForkedBooter.runSuitesInProcess(ForkedBooter.java:385)
at org.apache.maven.surefire.booter.ForkedBooter.execute(ForkedBooter.java:162)
at org.apache.maven.surefire.booter.ForkedBooter.run(ForkedBooter.java:507)
at org.apache.maven.surefire.booter.ForkedBooter.main(ForkedBooter.java:495)
]]>
            </full-stacktrace>
          </exception> <!-- java.lang.AssertionError -->
          <reporter-output>
          </reporter-output>
        </test-method> <!-- verifyWatchesAndSunglassesPageTitleTest -->
        <test-method is-config="true" signature="tearDown(org.testng.ITestResult)[pri:0, instance:com.odel.test.WatchesAndSunglassesPageTest@495b0487]" started-at="2025-01-11T21:41:29 IST" name="tearDown" finished-at="2025-01-11T21:41:30 IST" duration-ms="490" status="PASS">
          <params>
            <param index="0">
              <value>
                <![CDATA[[TestResult name=verifyWatchesAndSunglassesPageTitleTest status=FAILURE method=WatchesAndSunglassesPageTest.verifyWatchesAndSunglassesPageTitleTest()[pri:1, instance:com.odel.test.WatchesAndSunglassesPageTest@495b0487] output={null}]]]>
              </value>
            </param>
          </params>
          <reporter-output>
          </reporter-output>
        </test-method> <!-- tearDown -->
      </class> <!-- com.odel.test.WatchesAndSunglassesPageTest -->
      <class name="com.odel.test.HomeAndLifeStylePageTest">
        <test-method is-config="true" signature="setup(java.lang.String)[pri:0, instance:com.odel.test.HomeAndLifeStylePageTest@6127a7e]" started-at="2025-01-11T21:39:46 IST" name="setup" finished-at="2025-01-11T21:39:54 IST" duration-ms="8343" status="PASS">
          <params>
            <param index="0">
              <value>
                <![CDATA[chrome]]>
              </value>
            </param>
          </params>
          <reporter-output>
          </reporter-output>
        </test-method> <!-- setup -->
        <test-method is-config="true" signature="setUp()[pri:0, instance:com.odel.test.HomeAndLifeStylePageTest@6127a7e]" started-at="2025-01-11T21:39:54 IST" name="setUp" finished-at="2025-01-11T21:39:59 IST" duration-ms="4368" status="PASS">
          <reporter-output>
          </reporter-output>
        </test-method> <!-- setUp -->
        <test-method signature="verifyHomeAndLifeStylePageTitleTest()[pri:1, instance:com.odel.test.HomeAndLifeStylePageTest@6127a7e]" started-at="2025-01-11T21:39:59 IST" name="verifyHomeAndLifeStylePageTitleTest" finished-at="2025-01-11T21:39:59 IST" duration-ms="12" status="PASS">
          <reporter-output>
          </reporter-output>
        </test-method> <!-- verifyHomeAndLifeStylePageTitleTest -->
        <test-method is-config="true" signature="tearDown(org.testng.ITestResult)[pri:0, instance:com.odel.test.HomeAndLifeStylePageTest@6127a7e]" started-at="2025-01-11T21:39:59 IST" name="tearDown" finished-at="2025-01-11T21:39:59 IST" duration-ms="155" status="PASS">
          <params>
            <param index="0">
              <value>
                <![CDATA[[TestResult name=verifyHomeAndLifeStylePageTitleTest status=SUCCESS method=HomeAndLifeStylePageTest.verifyHomeAndLifeStylePageTitleTest()[pri:1, instance:com.odel.test.HomeAndLifeStylePageTest@6127a7e] output={null}]]]>
              </value>
            </param>
          </params>
          <reporter-output>
          </reporter-output>
        </test-method> <!-- tearDown -->
      </class> <!-- com.odel.test.HomeAndLifeStylePageTest -->
      <class name="com.odel.test.SouvenirsAndGiftsPageTest">
        <test-method is-config="true" signature="setup(java.lang.String)[pri:0, instance:com.odel.test.SouvenirsAndGiftsPageTest@4dd02341]" started-at="2025-01-11T21:40:51 IST" name="setup" finished-at="2025-01-11T21:40:58 IST" duration-ms="6880" status="PASS">
          <params>
            <param index="0">
              <value>
                <![CDATA[chrome]]>
              </value>
            </param>
          </params>
          <reporter-output>
          </reporter-output>
        </test-method> <!-- setup -->
        <test-method is-config="true" signature="setUp()[pri:0, instance:com.odel.test.SouvenirsAndGiftsPageTest@4dd02341]" started-at="2025-01-11T21:40:58 IST" name="setUp" finished-at="2025-01-11T21:41:00 IST" duration-ms="2396" status="PASS">
          <reporter-output>
          </reporter-output>
        </test-method> <!-- setUp -->
        <test-method signature="verifySouvenirsAndGiftsPageTitleTest()[pri:1, instance:com.odel.test.SouvenirsAndGiftsPageTest@4dd02341]" started-at="2025-01-11T21:41:00 IST" name="verifySouvenirsAndGiftsPageTitleTest" finished-at="2025-01-11T21:41:00 IST" duration-ms="11" status="PASS">
          <reporter-output>
          </reporter-output>
        </test-method> <!-- verifySouvenirsAndGiftsPageTitleTest -->
        <test-method is-config="true" signature="tearDown(org.testng.ITestResult)[pri:0, instance:com.odel.test.SouvenirsAndGiftsPageTest@4dd02341]" started-at="2025-01-11T21:41:00 IST" name="tearDown" finished-at="2025-01-11T21:41:01 IST" duration-ms="179" status="PASS">
          <params>
            <param index="0">
              <value>
                <![CDATA[[TestResult name=verifySouvenirsAndGiftsPageTitleTest status=SUCCESS method=SouvenirsAndGiftsPageTest.verifySouvenirsAndGiftsPageTitleTest()[pri:1, instance:com.odel.test.SouvenirsAndGiftsPageTest@4dd02341] output={null}]]]>
              </value>
            </param>
          </params>
          <reporter-output>
          </reporter-output>
        </test-method> <!-- tearDown -->
      </class> <!-- com.odel.test.SouvenirsAndGiftsPageTest -->
      <class name="com.odel.test.NewCollectionPageTest">
        <test-method is-config="true" signature="setup(java.lang.String)[pri:0, instance:com.odel.test.NewCollectionPageTest@635572a7]" started-at="2025-01-11T21:40:29 IST" name="setup" finished-at="2025-01-11T21:40:34 IST" duration-ms="4990" status="PASS">
          <params>
            <param index="0">
              <value>
                <![CDATA[chrome]]>
              </value>
            </param>
          </params>
          <reporter-output>
          </reporter-output>
        </test-method> <!-- setup -->
        <test-method is-config="true" signature="setUp()[pri:0, instance:com.odel.test.NewCollectionPageTest@635572a7]" started-at="2025-01-11T21:40:34 IST" name="setUp" finished-at="2025-01-11T21:40:37 IST" duration-ms="2560" status="PASS">
          <reporter-output>
          </reporter-output>
        </test-method> <!-- setUp -->
        <test-method signature="verifyNewCollectionPageTitleTest()[pri:1, instance:com.odel.test.NewCollectionPageTest@635572a7]" started-at="2025-01-11T21:40:37 IST" name="verifyNewCollectionPageTitleTest" finished-at="2025-01-11T21:40:37 IST" duration-ms="13" status="PASS">
          <reporter-output>
          </reporter-output>
        </test-method> <!-- verifyNewCollectionPageTitleTest -->
        <test-method is-config="true" signature="tearDown(org.testng.ITestResult)[pri:0, instance:com.odel.test.NewCollectionPageTest@635572a7]" started-at="2025-01-11T21:40:37 IST" name="tearDown" finished-at="2025-01-11T21:40:37 IST" duration-ms="152" status="PASS">
          <params>
            <param index="0">
              <value>
                <![CDATA[[TestResult name=verifyNewCollectionPageTitleTest status=SUCCESS method=NewCollectionPageTest.verifyNewCollectionPageTitleTest()[pri:1, instance:com.odel.test.NewCollectionPageTest@635572a7] output={null}]]]>
              </value>
            </param>
          </params>
          <reporter-output>
          </reporter-output>
        </test-method> <!-- tearDown -->
      </class> <!-- com.odel.test.NewCollectionPageTest -->
      <class name="com.odel.test.WomenPageTest">
        <test-method is-config="true" signature="setup(java.lang.String)[pri:0, instance:com.odel.test.WomenPageTest@55dfcc6]" started-at="2025-01-11T21:41:30 IST" name="setup" finished-at="2025-01-11T21:41:40 IST" duration-ms="10540" status="PASS">
          <params>
            <param index="0">
              <value>
                <![CDATA[chrome]]>
              </value>
            </param>
          </params>
          <reporter-output>
          </reporter-output>
        </test-method> <!-- setup -->
        <test-method is-config="true" signature="setUp()[pri:0, instance:com.odel.test.WomenPageTest@55dfcc6]" started-at="2025-01-11T21:41:40 IST" name="setUp" finished-at="2025-01-11T21:41:44 IST" duration-ms="3809" status="PASS">
          <reporter-output>
          </reporter-output>
        </test-method> <!-- setUp -->
        <test-method signature="verifyUniSexPageLabelTest()[pri:1, instance:com.odel.test.WomenPageTest@55dfcc6]" started-at="2025-01-11T21:41:44 IST" name="verifyUniSexPageLabelTest" finished-at="2025-01-11T21:41:44 IST" duration-ms="34" status="PASS">
          <reporter-output>
          </reporter-output>
        </test-method> <!-- verifyUniSexPageLabelTest -->
        <test-method is-config="true" signature="tearDown(org.testng.ITestResult)[pri:0, instance:com.odel.test.WomenPageTest@55dfcc6]" started-at="2025-01-11T21:41:44 IST" name="tearDown" finished-at="2025-01-11T21:41:44 IST" duration-ms="159" status="PASS">
          <params>
            <param index="0">
              <value>
                <![CDATA[[TestResult name=verifyUniSexPageLabelTest status=SUCCESS method=WomenPageTest.verifyUniSexPageLabelTest()[pri:1, instance:com.odel.test.WomenPageTest@55dfcc6] output={null}]]]>
              </value>
            </param>
          </params>
          <reporter-output>
          </reporter-output>
        </test-method> <!-- tearDown -->
      </class> <!-- com.odel.test.WomenPageTest -->
      <class name="com.odel.test.SignUpPageTest">
        <test-method is-config="true" signature="setup(java.lang.String)[pri:0, instance:com.odel.test.SignUpPageTest@736caf7a]" started-at="2025-01-11T21:37:55 IST" name="setup" finished-at="2025-01-11T21:38:04 IST" duration-ms="8616" status="PASS">
          <params>
            <param index="0">
              <value>
                <![CDATA[chrome]]>
              </value>
            </param>
          </params>
          <reporter-output>
          </reporter-output>
        </test-method> <!-- setup -->
        <test-method is-config="true" signature="setUp()[pri:0, instance:com.odel.test.SignUpPageTest@736caf7a]" started-at="2025-01-11T21:38:04 IST" name="setUp" finished-at="2025-01-11T21:38:04 IST" duration-ms="1" status="PASS">
          <reporter-output>
          </reporter-output>
        </test-method> <!-- setUp -->
        <test-method signature="verifySignUpPageTitleTest()[pri:1, instance:com.odel.test.SignUpPageTest@736caf7a]" started-at="2025-01-11T21:38:04 IST" name="verifySignUpPageTitleTest" finished-at="2025-01-11T21:38:06 IST" duration-ms="2089" status="PASS">
          <reporter-output>
          </reporter-output>
        </test-method> <!-- verifySignUpPageTitleTest -->
        <test-method is-config="true" signature="tearDown(org.testng.ITestResult)[pri:0, instance:com.odel.test.SignUpPageTest@736caf7a]" started-at="2025-01-11T21:38:06 IST" name="tearDown" finished-at="2025-01-11T21:38:06 IST" duration-ms="147" status="PASS">
          <params>
            <param index="0">
              <value>
                <![CDATA[[TestResult name=verifySignUpPageTitleTest status=SUCCESS method=SignUpPageTest.verifySignUpPageTitleTest()[pri:1, instance:com.odel.test.SignUpPageTest@736caf7a] output={null}]]]>
              </value>
            </param>
          </params>
          <reporter-output>
          </reporter-output>
        </test-method> <!-- tearDown -->
        <test-method is-config="true" signature="setup(java.lang.String)[pri:0, instance:com.odel.test.SignUpPageTest@736caf7a]" started-at="2025-01-11T21:38:06 IST" name="setup" finished-at="2025-01-11T21:38:16 IST" duration-ms="9852" status="PASS">
          <params>
            <param index="0">
              <value>
                <![CDATA[chrome]]>
              </value>
            </param>
          </params>
          <reporter-output>
          </reporter-output>
        </test-method> <!-- setup -->
        <test-method is-config="true" signature="setUp()[pri:0, instance:com.odel.test.SignUpPageTest@736caf7a]" started-at="2025-01-11T21:38:16 IST" name="setUp" finished-at="2025-01-11T21:38:16 IST" duration-ms="1" status="PASS">
          <reporter-output>
          </reporter-output>
        </test-method> <!-- setUp -->
        <test-method signature="verifySignUpPageLabelTest()[pri:2, instance:com.odel.test.SignUpPageTest@736caf7a]" started-at="2025-01-11T21:38:16 IST" name="verifySignUpPageLabelTest" finished-at="2025-01-11T21:38:18 IST" duration-ms="2061" status="PASS">
          <reporter-output>
          </reporter-output>
        </test-method> <!-- verifySignUpPageLabelTest -->
        <test-method is-config="true" signature="tearDown(org.testng.ITestResult)[pri:0, instance:com.odel.test.SignUpPageTest@736caf7a]" started-at="2025-01-11T21:38:18 IST" name="tearDown" finished-at="2025-01-11T21:38:18 IST" duration-ms="163" status="PASS">
          <params>
            <param index="0">
              <value>
                <![CDATA[[TestResult name=verifySignUpPageLabelTest status=SUCCESS method=SignUpPageTest.verifySignUpPageLabelTest()[pri:2, instance:com.odel.test.SignUpPageTest@736caf7a] output={null}]]]>
              </value>
            </param>
          </params>
          <reporter-output>
          </reporter-output>
        </test-method> <!-- tearDown -->
        <test-method is-config="true" signature="setup(java.lang.String)[pri:0, instance:com.odel.test.SignUpPageTest@736caf7a]" started-at="2025-01-11T21:38:18 IST" name="setup" finished-at="2025-01-11T21:38:28 IST" duration-ms="10166" status="PASS">
          <params>
            <param index="0">
              <value>
                <![CDATA[chrome]]>
              </value>
            </param>
          </params>
          <reporter-output>
          </reporter-output>
        </test-method> <!-- setup -->
        <test-method signature="verifyLoginPageButtonClickTest()[pri:3, instance:com.odel.test.SignUpPageTest@736caf7a]" started-at="2025-01-11T21:38:28 IST" name="verifyLoginPageButtonClickTest" finished-at="2025-01-11T21:38:31 IST" duration-ms="3052" status="PASS">
          <reporter-output>
          </reporter-output>
        </test-method> <!-- verifyLoginPageButtonClickTest -->
        <test-method is-config="true" signature="setUp()[pri:0, instance:com.odel.test.SignUpPageTest@736caf7a]" started-at="2025-01-11T21:38:28 IST" name="setUp" finished-at="2025-01-11T21:38:28 IST" duration-ms="0" status="PASS">
          <reporter-output>
          </reporter-output>
        </test-method> <!-- setUp -->
        <test-method is-config="true" signature="tearDown(org.testng.ITestResult)[pri:0, instance:com.odel.test.SignUpPageTest@736caf7a]" started-at="2025-01-11T21:38:31 IST" name="tearDown" finished-at="2025-01-11T21:38:31 IST" duration-ms="166" status="PASS">
          <params>
            <param index="0">
              <value>
                <![CDATA[[TestResult name=verifyLoginPageButtonClickTest status=SUCCESS method=SignUpPageTest.verifyLoginPageButtonClickTest()[pri:3, instance:com.odel.test.SignUpPageTest@736caf7a] output={null}]]]>
              </value>
            </param>
          </params>
          <reporter-output>
          </reporter-output>
        </test-method> <!-- tearDown -->
        <test-method is-config="true" signature="setup(java.lang.String)[pri:0, instance:com.odel.test.SignUpPageTest@736caf7a]" started-at="2025-01-11T21:38:31 IST" name="setup" finished-at="2025-01-11T21:38:37 IST" duration-ms="5396" status="PASS">
          <params>
            <param index="0">
              <value>
                <![CDATA[chrome]]>
              </value>
            </param>
          </params>
          <reporter-output>
          </reporter-output>
        </test-method> <!-- setup -->
        <test-method is-config="true" signature="setUp()[pri:0, instance:com.odel.test.SignUpPageTest@736caf7a]" started-at="2025-01-11T21:38:37 IST" name="setUp" finished-at="2025-01-11T21:38:37 IST" duration-ms="2" status="PASS">
          <reporter-output>
          </reporter-output>
        </test-method> <!-- setUp -->
        <test-method signature="forgotPasswordLinkTest()[pri:4, instance:com.odel.test.SignUpPageTest@736caf7a]" started-at="2025-01-11T21:38:37 IST" name="forgotPasswordLinkTest" finished-at="2025-01-11T21:38:39 IST" duration-ms="1679" status="PASS">
          <reporter-output>
          </reporter-output>
        </test-method> <!-- forgotPasswordLinkTest -->
        <test-method is-config="true" signature="tearDown(org.testng.ITestResult)[pri:0, instance:com.odel.test.SignUpPageTest@736caf7a]" started-at="2025-01-11T21:38:39 IST" name="tearDown" finished-at="2025-01-11T21:38:39 IST" duration-ms="143" status="PASS">
          <params>
            <param index="0">
              <value>
                <![CDATA[[TestResult name=forgotPasswordLinkTest status=SUCCESS method=SignUpPageTest.forgotPasswordLinkTest()[pri:4, instance:com.odel.test.SignUpPageTest@736caf7a] output={null}]]]>
              </value>
            </param>
          </params>
          <reporter-output>
          </reporter-output>
        </test-method> <!-- tearDown -->
        <test-method is-config="true" signature="setup(java.lang.String)[pri:0, instance:com.odel.test.SignUpPageTest@736caf7a]" started-at="2025-01-11T21:38:39 IST" name="setup" finished-at="2025-01-11T21:38:44 IST" duration-ms="5445" status="PASS">
          <params>
            <param index="0">
              <value>
                <![CDATA[chrome]]>
              </value>
            </param>
          </params>
          <reporter-output>
          </reporter-output>
        </test-method> <!-- setup -->
        <test-method is-config="true" signature="setUp()[pri:0, instance:com.odel.test.SignUpPageTest@736caf7a]" started-at="2025-01-11T21:38:44 IST" name="setUp" finished-at="2025-01-11T21:38:44 IST" duration-ms="1" status="PASS">
          <reporter-output>
          </reporter-output>
        </test-method> <!-- setUp -->
        <test-method signature="welcomeTextDisplayTest()[pri:4, instance:com.odel.test.SignUpPageTest@736caf7a]" started-at="2025-01-11T21:38:44 IST" name="welcomeTextDisplayTest" finished-at="2025-01-11T21:38:45 IST" duration-ms="1171" status="PASS">
          <reporter-output>
          </reporter-output>
        </test-method> <!-- welcomeTextDisplayTest -->
        <test-method is-config="true" signature="tearDown(org.testng.ITestResult)[pri:0, instance:com.odel.test.SignUpPageTest@736caf7a]" started-at="2025-01-11T21:38:45 IST" name="tearDown" finished-at="2025-01-11T21:38:45 IST" duration-ms="159" status="PASS">
          <params>
            <param index="0">
              <value>
                <![CDATA[[TestResult name=welcomeTextDisplayTest status=SUCCESS method=SignUpPageTest.welcomeTextDisplayTest()[pri:4, instance:com.odel.test.SignUpPageTest@736caf7a] output={null}]]]>
              </value>
            </param>
          </params>
          <reporter-output>
          </reporter-output>
        </test-method> <!-- tearDown -->
        <test-method is-config="true" signature="setup(java.lang.String)[pri:0, instance:com.odel.test.SignUpPageTest@736caf7a]" started-at="2025-01-11T21:38:45 IST" name="setup" finished-at="2025-01-11T21:38:52 IST" duration-ms="6982" status="PASS">
          <params>
            <param index="0">
              <value>
                <![CDATA[chrome]]>
              </value>
            </param>
          </params>
          <reporter-output>
          </reporter-output>
        </test-method> <!-- setup -->
[...]
          <params>
            <param index="0">
              <value>
                <![CDATA[[TestResult name=verifyLoginCredentials status=SUCCESS method=LoginPageTest.verifyLoginCredentials(java.lang.String,java.lang.String,java.lang.String)[pri:9, instance:com.odel.test.LoginPageTest@66fdec9] output={null}]]]>
              </value>
            </param>
          </params>
          <reporter-output>
          </reporter-output>
        </test-method> <!-- tearDown -->
        <test-method is-config="true" signature="setup(java.lang.String)[pri:0, instance:com.odel.test.LoginPageTest@66fdec9]" started-at="2025-01-11T21:48:56 IST" name="setup" finished-at="2025-01-11T21:49:05 IST" duration-ms="8574" status="PASS">
          <params>
            <param index="0">
              <value>
                <![CDATA[edge]]>
              </value>
            </param>
          </params>
          <reporter-output>
          </reporter-output>
        </test-method> <!-- setup -->
        <test-method signature="verifyLoginCredentials(java.lang.String,java.lang.String,java.lang.String)[pri:9, instance:com.odel.test.LoginPageTest@66fdec9]" started-at="2025-01-11T21:49:05 IST" name="verifyLoginCredentials" data-provider="getTestData" finished-at="2025-01-11T21:49:09 IST" duration-ms="4071" status="PASS">
          <params>
            <param index="0">
              <value>
                <![CDATA[correctusername]]>
              </value>
            </param>
            <param index="1">
              <value>
                <![CDATA[rixopo9775@wirelay.com]]>
              </value>
            </param>
            <param index="2">
              <value>
                <![CDATA[admin1234]]>
              </value>
            </param>
          </params>
          <reporter-output>
          </reporter-output>
        </test-method> <!-- verifyLoginCredentials -->
        <test-method is-config="true" signature="setUp()[pri:0, instance:com.odel.test.LoginPageTest@66fdec9]" started-at="2025-01-11T21:49:05 IST" name="setUp" finished-at="2025-01-11T21:49:05 IST" duration-ms="0" status="PASS">
          <reporter-output>
          </reporter-output>
        </test-method> <!-- setUp -->
        <test-method is-config="true" signature="tearDown(org.testng.ITestResult)[pri:0, instance:com.odel.test.LoginPageTest@66fdec9]" started-at="2025-01-11T21:49:09 IST" name="tearDown" finished-at="2025-01-11T21:49:10 IST" duration-ms="1304" status="PASS">
          <params>
            <param index="0">
              <value>
                <![CDATA[[TestResult name=verifyLoginCredentials status=SUCCESS method=LoginPageTest.verifyLoginCredentials(java.lang.String,java.lang.String,java.lang.String)[pri:9, instance:com.odel.test.LoginPageTest@66fdec9] output={null}]]]>
              </value>
            </param>
          </params>
          <reporter-output>
          </reporter-output>
        </test-method> <!-- tearDown -->
        <test-method is-config="true" signature="setup(java.lang.String)[pri:0, instance:com.odel.test.LoginPageTest@66fdec9]" started-at="2025-01-11T21:49:10 IST" name="setup" finished-at="2025-01-11T21:49:18 IST" duration-ms="7778" status="PASS">
          <params>
            <param index="0">
              <value>
                <![CDATA[edge]]>
              </value>
            </param>
          </params>
          <reporter-output>
          </reporter-output>
        </test-method> <!-- setup -->
        <test-method signature="verifyLoginCredentials(java.lang.String,java.lang.String,java.lang.String)[pri:9, instance:com.odel.test.LoginPageTest@66fdec9]" started-at="2025-01-11T21:49:18 IST" name="verifyLoginCredentials" data-provider="getTestData" finished-at="2025-01-11T21:49:24 IST" duration-ms="6138" status="PASS">
          <params>
            <param index="0">
              <value>
                <![CDATA[correctpassword]]>
              </value>
            </param>
            <param index="1">
              <value>
                <![CDATA[admin@gmail.com]]>
              </value>
            </param>
            <param index="2">
              <value>
                <![CDATA[#Abc1234]]>
              </value>
            </param>
          </params>
          <reporter-output>
          </reporter-output>
        </test-method> <!-- verifyLoginCredentials -->
        <test-method is-config="true" signature="setUp()[pri:0, instance:com.odel.test.LoginPageTest@66fdec9]" started-at="2025-01-11T21:49:18 IST" name="setUp" finished-at="2025-01-11T21:49:18 IST" duration-ms="0" status="PASS">
          <reporter-output>
          </reporter-output>
        </test-method> <!-- setUp -->
        <test-method is-config="true" signature="tearDown(org.testng.ITestResult)[pri:0, instance:com.odel.test.LoginPageTest@66fdec9]" started-at="2025-01-11T21:49:24 IST" name="tearDown" finished-at="2025-01-11T21:49:25 IST" duration-ms="1241" status="PASS">
          <params>
            <param index="0">
              <value>
                <![CDATA[[TestResult name=verifyLoginCredentials status=SUCCESS method=LoginPageTest.verifyLoginCredentials(java.lang.String,java.lang.String,java.lang.String)[pri:9, instance:com.odel.test.LoginPageTest@66fdec9] output={null}]]]>
              </value>
            </param>
          </params>
          <reporter-output>
          </reporter-output>
        </test-method> <!-- tearDown -->
      </class> <!-- com.odel.test.LoginPageTest -->
      <class name="com.odel.test.FoodAndBeveragePageTest">
        <test-method is-config="true" signature="setup(java.lang.String)[pri:0, instance:com.odel.test.FoodAndBeveragePageTest@52851b44]" started-at="2025-01-11T21:50:58 IST" name="setup" finished-at="2025-01-11T21:51:08 IST" duration-ms="10062" status="PASS">
          <params>
            <param index="0">
              <value>
                <![CDATA[edge]]>
              </value>
            </param>
          </params>
          <reporter-output>
          </reporter-output>
        </test-method> <!-- setup -->
        <test-method is-config="true" signature="setUp()[pri:0, instance:com.odel.test.FoodAndBeveragePageTest@52851b44]" started-at="2025-01-11T21:51:08 IST" name="setUp" finished-at="2025-01-11T21:51:11 IST" duration-ms="3224" status="PASS">
          <reporter-output>
          </reporter-output>
        </test-method> <!-- setUp -->
        <test-method signature="verifyFoodAndBeveragePageTitleTest()[pri:1, instance:com.odel.test.FoodAndBeveragePageTest@52851b44]" started-at="2025-01-11T21:51:11 IST" name="verifyFoodAndBeveragePageTitleTest" finished-at="2025-01-11T21:51:11 IST" duration-ms="8" status="PASS">
          <reporter-output>
          </reporter-output>
        </test-method> <!-- verifyFoodAndBeveragePageTitleTest -->
        <test-method is-config="true" signature="tearDown(org.testng.ITestResult)[pri:0, instance:com.odel.test.FoodAndBeveragePageTest@52851b44]" started-at="2025-01-11T21:51:11 IST" name="tearDown" finished-at="2025-01-11T21:51:13 IST" duration-ms="1285" status="PASS">
          <params>
            <param index="0">
              <value>
                <![CDATA[[TestResult name=verifyFoodAndBeveragePageTitleTest status=SUCCESS method=FoodAndBeveragePageTest.verifyFoodAndBeveragePageTitleTest()[pri:1, instance:com.odel.test.FoodAndBeveragePageTest@52851b44] output={null}]]]>
              </value>
            </param>
          </params>
          <reporter-output>
          </reporter-output>
        </test-method> <!-- tearDown -->
      </class> <!-- com.odel.test.FoodAndBeveragePageTest -->
      <class name="com.odel.test.ShopByBrandsPageTest">
        <test-method is-config="true" signature="setup(java.lang.String)[pri:0, instance:com.odel.test.ShopByBrandsPageTest@23aa363a]" started-at="2025-01-11T21:52:14 IST" name="setup" finished-at="2025-01-11T21:52:21 IST" duration-ms="6600" status="PASS">
          <params>
            <param index="0">
              <value>
                <![CDATA[edge]]>
              </value>
            </param>
          </params>
          <reporter-output>
          </reporter-output>
        </test-method> <!-- setup -->
        <test-method is-config="true" signature="setUp()[pri:0, instance:com.odel.test.ShopByBrandsPageTest@23aa363a]" started-at="2025-01-11T21:52:21 IST" name="setUp" finished-at="2025-01-11T21:52:22 IST" duration-ms="1098" status="PASS">
          <reporter-output>
          </reporter-output>
        </test-method> <!-- setUp -->
        <test-method signature="verifyShopByBrandsPageTitleTest()[pri:1, instance:com.odel.test.ShopByBrandsPageTest@23aa363a]" started-at="2025-01-11T21:52:22 IST" name="verifyShopByBrandsPageTitleTest" finished-at="2025-01-11T21:52:22 IST" duration-ms="13" status="PASS">
          <reporter-output>
          </reporter-output>
        </test-method> <!-- verifyShopByBrandsPageTitleTest -->
        <test-method is-config="true" signature="tearDown(org.testng.ITestResult)[pri:0, instance:com.odel.test.ShopByBrandsPageTest@23aa363a]" started-at="2025-01-11T21:52:22 IST" name="tearDown" finished-at="2025-01-11T21:52:23 IST" duration-ms="1265" status="PASS">
          <params>
            <param index="0">
              <value>
                <![CDATA[[TestResult name=verifyShopByBrandsPageTitleTest status=SUCCESS method=ShopByBrandsPageTest.verifyShopByBrandsPageTitleTest()[pri:1, instance:com.odel.test.ShopByBrandsPageTest@23aa363a] output={null}]]]>
              </value>
            </param>
          </params>
          <reporter-output>
          </reporter-output>
        </test-method> <!-- tearDown -->
        <test-method is-config="true" signature="setup(java.lang.String)[pri:0, instance:com.odel.test.ShopByBrandsPageTest@23aa363a]" started-at="2025-01-11T21:52:23 IST" name="setup" finished-at="2025-01-11T21:52:30 IST" duration-ms="6566" status="PASS">
          <params>
            <param index="0">
              <value>
                <![CDATA[edge]]>
              </value>
            </param>
          </params>
          <reporter-output>
          </reporter-output>
        </test-method> <!-- setup -->
        <test-method is-config="true" signature="setUp()[pri:0, instance:com.odel.test.ShopByBrandsPageTest@23aa363a]" started-at="2025-01-11T21:52:30 IST" name="setUp" finished-at="2025-01-11T21:52:31 IST" duration-ms="1487" status="PASS">
          <reporter-output>
          </reporter-output>
        </test-method> <!-- setUp -->
        <test-method signature="verifyShopByBrandsPageLabelTest()[pri:2, instance:com.odel.test.ShopByBrandsPageTest@23aa363a]" started-at="2025-01-11T21:52:31 IST" name="verifyShopByBrandsPageLabelTest" finished-at="2025-01-11T21:52:31 IST" duration-ms="23" status="PASS">
          <reporter-output>
          </reporter-output>
        </test-method> <!-- verifyShopByBrandsPageLabelTest -->
        <test-method is-config="true" signature="tearDown(org.testng.ITestResult)[pri:0, instance:com.odel.test.ShopByBrandsPageTest@23aa363a]" started-at="2025-01-11T21:52:31 IST" name="tearDown" finished-at="2025-01-11T21:52:32 IST" duration-ms="1262" status="PASS">
          <params>
            <param index="0">
              <value>
                <![CDATA[[TestResult name=verifyShopByBrandsPageLabelTest status=SUCCESS method=ShopByBrandsPageTest.verifyShopByBrandsPageLabelTest()[pri:2, instance:com.odel.test.ShopByBrandsPageTest@23aa363a] output={null}]]]>
              </value>
            </param>
          </params>
          <reporter-output>
          </reporter-output>
        </test-method> <!-- tearDown -->
      </class> <!-- com.odel.test.ShopByBrandsPageTest -->
      <class name="com.odel.test.KidsPageTest">
        <test-method is-config="true" signature="setup(java.lang.String)[pri:0, instance:com.odel.test.KidsPageTest@2dca0d64]" started-at="2025-01-11T21:51:43 IST" name="setup" finished-at="2025-01-11T21:51:50 IST" duration-ms="7282" status="PASS">
          <params>
            <param index="0">
              <value>
                <![CDATA[edge]]>
              </value>
            </param>
          </params>
          <reporter-output>
          </reporter-output>
        </test-method> <!-- setup -->
        <test-method is-config="true" signature="setUp()[pri:0, instance:com.odel.test.KidsPageTest@2dca0d64]" started-at="2025-01-11T21:51:50 IST" name="setUp" finished-at="2025-01-11T21:51:53 IST" duration-ms="2788" status="PASS">
          <reporter-output>
          </reporter-output>
        </test-method> <!-- setUp -->
        <test-method signature="verifyKidsPageTitleTest()[pri:1, instance:com.odel.test.KidsPageTest@2dca0d64]" started-at="2025-01-11T21:51:53 IST" name="verifyKidsPageTitleTest" finished-at="2025-01-11T21:51:53 IST" duration-ms="9" status="PASS">
          <reporter-output>
          </reporter-output>
        </test-method> <!-- verifyKidsPageTitleTest -->
        <test-method is-config="true" signature="tearDown(org.testng.ITestResult)[pri:0, instance:com.odel.test.KidsPageTest@2dca0d64]" started-at="2025-01-11T21:51:53 IST" name="tearDown" finished-at="2025-01-11T21:51:55 IST" duration-ms="1280" status="PASS">
          <params>
            <param index="0">
              <value>
                <![CDATA[[TestResult name=verifyKidsPageTitleTest status=SUCCESS method=KidsPageTest.verifyKidsPageTitleTest()[pri:1, instance:com.odel.test.KidsPageTest@2dca0d64] output={null}]]]>
              </value>
            </param>
          </params>
          <reporter-output>
          </reporter-output>
        </test-method> <!-- tearDown -->
      </class> <!-- com.odel.test.KidsPageTest -->
      <class name="com.odel.test.FootwearPageTest">
        <test-method is-config="true" signature="setup(java.lang.String)[pri:0, instance:com.odel.test.FootwearPageTest@584f54e6]" started-at="2025-01-11T21:51:13 IST" name="setup" finished-at="2025-01-11T21:51:19 IST" duration-ms="6132" status="PASS">
          <params>
            <param index="0">
              <value>
                <![CDATA[edge]]>
              </value>
            </param>
          </params>
          <reporter-output>
          </reporter-output>
        </test-method> <!-- setup -->
        <test-method is-config="true" signature="setUp()[pri:0, instance:com.odel.test.FootwearPageTest@584f54e6]" started-at="2025-01-11T21:51:19 IST" name="setUp" finished-at="2025-01-11T21:51:20 IST" duration-ms="1479" status="PASS">
          <reporter-output>
          </reporter-output>
        </test-method> <!-- setUp -->
        <test-method signature="verifyFootwearPageTitleTest()[pri:1, instance:com.odel.test.FootwearPageTest@584f54e6]" started-at="2025-01-11T21:51:20 IST" name="verifyFootwearPageTitleTest" finished-at="2025-01-11T21:51:20 IST" duration-ms="6" status="PASS">
          <reporter-output>
          </reporter-output>
        </test-method> <!-- verifyFootwearPageTitleTest -->
        <test-method is-config="true" signature="tearDown(org.testng.ITestResult)[pri:0, instance:com.odel.test.FootwearPageTest@584f54e6]" started-at="2025-01-11T21:51:20 IST" name="tearDown" finished-at="2025-01-11T21:51:22 IST" duration-ms="1266" status="PASS">
          <params>
            <param index="0">
              <value>
                <![CDATA[[TestResult name=verifyFootwearPageTitleTest status=SUCCESS method=FootwearPageTest.verifyFootwearPageTitleTest()[pri:1, instance:com.odel.test.FootwearPageTest@584f54e6] output={null}]]]>
              </value>
            </param>
          </params>
          <reporter-output>
          </reporter-output>
        </test-method> <!-- tearDown -->
      </class> <!-- com.odel.test.FootwearPageTest -->
      <class name="com.odel.test.SportsPageTest">
        <test-method is-config="true" signature="setup(java.lang.String)[pri:0, instance:com.odel.test.SportsPageTest@55dfebeb]" started-at="2025-01-11T21:52:42 IST" name="setup" finished-at="2025-01-11T21:52:49 IST" duration-ms="6984" status="PASS">
          <params>
            <param index="0">
              <value>
                <![CDATA[edge]]>
              </value>
            </param>
          </params>
          <reporter-output>
          </reporter-output>
        </test-method> <!-- setup -->
        <test-method is-config="true" signature="setUp()[pri:0, instance:com.odel.test.SportsPageTest@55dfebeb]" started-at="2025-01-11T21:52:49 IST" name="setUp" finished-at="2025-01-11T21:52:51 IST" duration-ms="1659" status="PASS">
          <reporter-output>
          </reporter-output>
        </test-method> <!-- setUp -->
        <test-method signature="verifySportsPageTitleTest()[pri:1, instance:com.odel.test.SportsPageTest@55dfebeb]" started-at="2025-01-11T21:52:51 IST" name="verifySportsPageTitleTest" finished-at="2025-01-11T21:52:51 IST" duration-ms="7" status="PASS">
          <reporter-output>
          </reporter-output>
        </test-method> <!-- verifySportsPageTitleTest -->
        <test-method is-config="true" signature="tearDown(org.testng.ITestResult)[pri:0, instance:com.odel.test.SportsPageTest@55dfebeb]" started-at="2025-01-11T21:52:51 IST" name="tearDown" finished-at="2025-01-11T21:52:52 IST" duration-ms="1284" status="PASS">
          <params>
            <param index="0">
              <value>
                <![CDATA[[TestResult name=verifySportsPageTitleTest status=SUCCESS method=SportsPageTest.verifySportsPageTitleTest()[pri:1, instance:com.odel.test.SportsPageTest@55dfebeb] output={null}]]]>
              </value>
            </param>
          </params>
          <reporter-output>
          </reporter-output>
        </test-method> <!-- tearDown -->
      </class> <!-- com.odel.test.SportsPageTest -->
      <class name="com.odel.test.DealsPageTest">
        <test-method is-config="true" signature="setup(java.lang.String)[pri:0, instance:com.odel.test.DealsPageTest@2a640157]" started-at="2025-01-11T21:50:42 IST" name="setup" finished-at="2025-01-11T21:50:52 IST" duration-ms="10266" status="PASS">
          <params>
            <param index="0">
              <value>
                <![CDATA[edge]]>
              </value>
            </param>
          </params>
          <reporter-output>
          </reporter-output>
        </test-method> <!-- setup -->
        <test-method is-config="true" signature="setUp()[pri:0, instance:com.odel.test.DealsPageTest@2a640157]" started-at="2025-01-11T21:50:52 IST" name="setUp" finished-at="2025-01-11T21:50:57 IST" duration-ms="4516" status="PASS">
          <reporter-output>
          </reporter-output>
        </test-method> <!-- setUp -->
        <test-method signature="verifyDealsPageTitleTest()[pri:1, instance:com.odel.test.DealsPageTest@2a640157]" started-at="2025-01-11T21:50:57 IST" name="verifyDealsPageTitleTest" finished-at="2025-01-11T21:50:57 IST" duration-ms="11" status="PASS">
          <reporter-output>
          </reporter-output>
        </test-method> <!-- verifyDealsPageTitleTest -->
        <test-method is-config="true" signature="tearDown(org.testng.ITestResult)[pri:0, instance:com.odel.test.DealsPageTest@2a640157]" started-at="2025-01-11T21:50:57 IST" name="tearDown" finished-at="2025-01-11T21:50:58 IST" duration-ms="1283" status="PASS">
          <params>
            <param index="0">
              <value>
                <![CDATA[[TestResult name=verifyDealsPageTitleTest status=SUCCESS method=DealsPageTest.verifyDealsPageTitleTest()[pri:1, instance:com.odel.test.DealsPageTest@2a640157] output={null}]]]>
              </value>
            </param>
          </params>
          <reporter-output>
          </reporter-output>
        </test-method> <!-- tearDown -->
      </class> <!-- com.odel.test.DealsPageTest -->
    </test> <!-- Test Automation Framework Edge Test -->
  </suite> <!-- Test Automation Framework Test Suite -->
</testng-results>
