<?xml version="1.0" encoding="UTF-8"?>
<testsuite xmlns:xsi="http://www.w3.org/2001/XMLSchema-instance" xsi:noNamespaceSchemaLocation="https://maven.apache.org/surefire/maven-surefire-plugin/xsd/surefire-test-report.xsd" version="3.0.1" name="TestSuite" time="529.254" tests="48" errors="0" skipped="0" failures="0">
  <properties>
[...]
</properties>
  <testcase name="verifyHomePageTitleTest" classname="com.odel.test.HomePageTest" time="0.019">
    <system-out><![CDATA[Setting up WebDriver for:HomePageTest
]]></system-out>
  </testcase>
  <testcase name="verifyHomePageLogoTest" classname="com.odel.test.HomePageTest" time="0.047">
    <system-out><![CDATA[Setting up WebDriver for:HomePageTest
]]></system-out>
  </testcase>
  <testcase name="verifyHomePageLogoClickTest" classname="com.odel.test.HomePageTest" time="1.891">
    <system-out><![CDATA[Setting up WebDriver for:HomePageTest
]]></system-out>
  </testcase>
  <testcase name="verifyHomePageSearchIconTest" classname="com.odel.test.HomePageTest" time="0.039">
    <system-out><![CDATA[Setting up WebDriver for:HomePageTest
]]></system-out>
  </testcase>
  <testcase name="verifyHomePageCartIconTest" classname="com.odel.test.HomePageTest" time="0.042">
    <system-out><![CDATA[Setting up WebDriver for:HomePageTest
]]></system-out>
  </testcase>
  <testcase name="verifyHomePageProfileIconTest" classname="com.odel.test.HomePageTest" time="0.042">
    <system-out><![CDATA[Setting up WebDriver for:HomePageTest
]]></system-out>
  </testcase>
  <testcase name="verifyHomePageAccountIconTest" classname="com.odel.test.HomePageTest" time="0.038">
    <system-out><![CDATA[Setting up WebDriver for:HomePageTest
]]></system-out>
  </testcase>
  <testcase name="verifyDealsLinkTest" classname="com.odel.test.HomePageTest" time="2.333">
    <system-out><![CDATA[Setting up WebDriver for:HomePageTest
]]></system-out>
  </testcase>
  <testcase name="verifyNewCollectionLinkTest" classname="com.odel.test.HomePageTest" time="2.164">
    <system-out><![CDATA[Setting up WebDriver for:HomePageTest
]]></system-out>
  </testcase>
  <testcase name="verifyShopByBrandsLinkTest" classname="com.odel.test.HomePageTest" time="1.208">
    <system-out><![CDATA[Setting up WebDriver for:HomePageTest
]]></system-out>
  </testcase>
  <testcase name="verifyUniSexLinkTest" classname="com.odel.test.HomePageTest" time="3.529">
    <system-out><![CDATA[Setting up WebDriver for:HomePageTest
]]></system-out>
  </testcase>
  <testcase name="verifyWomenLinkTest" classname="com.odel.test.HomePageTest" time="3.621">
    <system-out><![CDATA[Setting up WebDriver for:HomePageTest
]]></system-out>
  </testcase>
  <testcase name="verifyMenLinkTest" classname="com.odel.test.HomePageTest" time="2.913">
    <system-out><![CDATA[Setting up WebDriver for:HomePageTest
]]></system-out>
  </testcase>
  <testcase name="verifySportsLinkTest" classname="com.odel.test.HomePageTest" time="2.653">
    <system-out><![CDATA[Setting up WebDriver for:HomePageTest
]]></system-out>
  </testcase>
  <testcase name="verifyFootwearLinkTest" classname="com.odel.test.HomePageTest" time="3.705">
    <system-out><![CDATA[Setting up WebDriver for:HomePageTest
]]></system-out>
  </testcase>
  <testcase name="verifyBagsLinkTest" classname="com.odel.test.HomePageTest" time="3.753">
    <system-out><![CDATA[Setting up WebDriver for:HomePageTest
]]></system-out>
  </testcase>
  <testcase name="verifyWatchesAndSunglassesLinkTest" classname="com.odel.test.HomePageTest" time="2.308">
    <system-out><![CDATA[Setting up WebDriver for:HomePageTest
]]></system-out>
  </testcase>
  <testcase name="verifyJewelleryLinkTest" classname="com.odel.test.HomePageTest" time="2.801">
    <system-out><![CDATA[Setting up WebDriver for:HomePageTest
]]></system-out>
  </testcase>
  <testcase name="verifyKidsLinkTest" classname="com.odel.test.HomePageTest" time="3.494">
    <system-out><![CDATA[Setting up WebDriver for:HomePageTest
]]></system-out>
  </testcase>
  <testcase name="verifyHomeAndLifeStyleLinkTest" classname="com.odel.test.HomePageTest" time="2.603">
    <system-out><![CDATA[Setting up WebDriver for:HomePageTest
]]></system-out>
  </testcase>
  <testcase name="verifyFoodAndBeverageLinkTest" classname="com.odel.test.HomePageTest" time="3.989">
    <system-out><![CDATA[Setting up WebDriver for:HomePageTest
]]></system-out>
  </testcase>
  <testcase name="verifySouvenirsAndGiftsLinkTest" classname="com.odel.test.HomePageTest" time="3.153">
    <system-out><![CDATA[Setting up WebDriver for:HomePageTest
]]></system-out>
  </testcase>
  <testcase name="verifyLoginPageLinkTest" classname="com.odel.test.HomePageTest" time="2.599">
    <system-out><![CDATA[Setting up WebDriver for:HomePageTest
]]></system-out>
  </testcase>
  <testcase name="verifySignUpLinkTest" classname="com.odel.test.HomePageTest" time="2.094">
    <system-out><![CDATA[Setting up WebDriver for:HomePageTest
]]></system-out>
  </testcase>
  <testcase name="verifyLoginPageTitleTest" classname="com.odel.test.LoginPageTest" time="2.059">
    <system-out><![CDATA[Setting up WebDriver for:LoginPageTest
]]></system-out>
  </testcase>
  <testcase name="verifyLoginPageLabelTest" classname="com.odel.test.LoginPageTest" time="2.03">
    <system-out><![CDATA[Setting up WebDriver for:LoginPageTest
]]></system-out>
  </testcase>
  <testcase name="verifyLoginPageLogoClickTest" classname="com.odel.test.LoginPageTest" time="2.591">
    <system-out><![CDATA[Setting up WebDriver for:LoginPageTest
]]></system-out>
  </testcase>
  <testcase name="welcomeTextDisplayTest" classname="com.odel.test.LoginPageTest" time="1.996">
    <system-out><![CDATA[Setting up WebDriver for:LoginPageTest
]]></system-out>
  </testcase>
  <testcase name="verifySignUpPageButtonClickTest" classname="com.odel.test.LoginPageTest" time="1.472">
    <system-out><![CDATA[Setting up WebDriver for:LoginPageTest
]]></system-out>
  </testcase>
  <testcase name="verifyLoginPageBackButtonClickTest" classname="com.odel.test.LoginPageTest" time="1.0">
    <system-out><![CDATA[Setting up WebDriver for:LoginPageTest
]]></system-out>
  </testcase>
  <testcase name="passwordMaskingTest" classname="com.odel.test.LoginPageTest" time="1.09">
    <system-out><![CDATA[Setting up WebDriver for:LoginPageTest
]]></system-out>
  </testcase>
  <testcase name="forgotPasswordLinkTest" classname="com.odel.test.LoginPageTest" time="1.269">
    <system-out><![CDATA[Setting up WebDriver for:LoginPageTest
]]></system-out>
  </testcase>
  <testcase name="verifyLoginCredentials[bothcorrect, rixopo9775@wirelay.com, #Abc1234](1)" classname="com.odel.test.LoginPageTest" time="6.917">
    <system-out><![CDATA[Setting up WebDriver for:LoginPageTest
]]></system-out>
  </testcase>
  <testcase name="verifyLoginCredentials[bothwrong, admin@gmail.com, admin1234](2)" classname="com.odel.test.LoginPageTest" time="5.97">
    <system-out><![CDATA[Setting up WebDriver for:LoginPageTest
]]></system-out>
  </testcase>
  <testcase name="verifyLoginCredentials[correctusername, rixopo9775@wirelay.com, admin1234](3)" classname="com.odel.test.LoginPageTest" time="4.315">
    <system-out><![CDATA[Setting up WebDriver for:LoginPageTest
]]></system-out>
  </testcase>
  <testcase name="verifyLoginCredentials[correctpassword, admin@gmail.com, #Abc1234](4)" classname="com.odel.test.LoginPageTest" time="5.91">
    <system-out><![CDATA[Setting up WebDriver for:LoginPageTest
]]></system-out>
  </testcase>
  <testcase name="verifySignUpPageTitleTest" classname="com.odel.test.SignUpPageTest" time="1.304">
    <system-out><![CDATA[Setting up WebDriver for:SignUpPageTest
]]></system-out>
  </testcase>
  <testcase name="verifySignUpPageLabelTest" classname="com.odel.test.SignUpPageTest" time="1.19">
    <system-out><![CDATA[Setting up WebDriver for:SignUpPageTest
]]></system-out>
  </testcase>
  <testcase name="verifyLoginPageButtonClickTest" classname="com.odel.test.SignUpPageTest" time="1.51">
    <system-out><![CDATA[Setting up WebDriver for:SignUpPageTest
]]></system-out>
  </testcase>
  <testcase name="forgotPasswordLinkTest" classname="com.odel.test.SignUpPageTest" time="1.494">
    <system-out><![CDATA[Setting up WebDriver for:SignUpPageTest
]]></system-out>
  </testcase>
  <testcase name="welcomeTextDisplayTest" classname="com.odel.test.SignUpPageTest" time="2.293">
    <system-out><![CDATA[Setting up WebDriver for:SignUpPageTest
]]></system-out>
  </testcase>
  <testcase name="verifySignUpPageLogoClickTest" classname="com.odel.test.SignUpPageTest" time="2.993">
    <system-out><![CDATA[Setting up WebDriver for:SignUpPageTest
]]></system-out>
  </testcase>
  <testcase name="verifyDealsPageTitleTest" classname="com.odel.test.DealsPageTest" time="0.013">
    <system-out><![CDATA[Setting up WebDriver for:DealsPageTest
]]></system-out>
  </testcase>
  <testcase name="verifyNewCollectionPageTitleTest" classname="com.odel.test.NewCollectionPageTest" time="0.011">
    <system-out><![CDATA[Setting up WebDriver for:NewCollectionPageTest
]]></system-out>
  </testcase>
  <testcase name="verifyShopByBrandsPageTitleTest" classname="com.odel.test.ShopByBrandsPageTest" time="0.01">
    <system-out><![CDATA[Setting up WebDriver for:ShopByBrandsPageTest
]]></system-out>
  </testcase>
  <testcase name="verifyShopByBrandsPageLabelTest" classname="com.odel.test.ShopByBrandsPageTest" time="0.033">
    <system-out><![CDATA[Setting up WebDriver for:ShopByBrandsPageTest
]]></system-out>
  </testcase>
  <testcase name="verifyUniSexPageLabelTest" classname="com.odel.test.UniSexPageTest" time="0.038">
    <system-out><![CDATA[Setting up WebDriver for:UniSexPageTest
]]></system-out>
  </testcase>
  <testcase name="verifyUniSexPageLabelTest" classname="com.odel.test.WomenPageTest" time="0.038">
    <system-out><![CDATA[Setting up WebDriver for:WomenPageTest
]]></system-out>
  </testcase>
</testsuite>