<?xml version="1.0" encoding="UTF-8"?>
<testng-results ignored="34" total="154" passed="120" failed="0" skipped="0">
  <reporter-output>
  </reporter-output>
  <suite started-at="2025-01-12T14:04:42 IST" name="Test Automation Framework Test Suite" finished-at="2025-01-12T14:29:33 IST" duration-ms="1490927">
    <groups>
    </groups>
    <test started-at="2025-01-12T14:04:42 IST" name="Test Automation Framework Chrome Test" finished-at="2025-01-12T14:16:27 IST" duration-ms="705263">
      <class name="com.odel.test.HomePageTest">
        <test-method is-config="true" signature="setup(java.lang.String)[pri:0, instance:com.odel.test.HomePageTest@62ddbd7e]" started-at="2025-01-12T14:04:42 IST" name="setup" finished-at="2025-01-12T14:04:53 IST" duration-ms="10371" status="PASS">
          <params>
            <param index="0">
              <value>
                <![CDATA[chrome]]>
              </value>
            </param>
          </params>
          <reporter-output>
          </reporter-output>
        </test-method> <!-- setup -->
        <test-method is-config="true" signature="setUp()[pri:0, instance:com.odel.test.HomePageTest@62ddbd7e]" started-at="2025-01-12T14:04:53 IST" name="setUp" finished-at="2025-01-12T14:04:53 IST" duration-ms="31" status="PASS">
          <reporter-output>
          </reporter-output>
        </test-method> <!-- setUp -->
        <test-method signature="verifyHomePageTitleTest()[pri:1, instance:com.odel.test.HomePageTest@62ddbd7e]" started-at="2025-01-12T14:04:53 IST" name="verifyHomePageTitleTest" finished-at="2025-01-12T14:04:53 IST" duration-ms="17" status="PASS">
          <reporter-output>
          </reporter-output>
        </test-method> <!-- verifyHomePageTitleTest -->
        <test-method is-config="true" signature="tearDown(org.testng.ITestResult)[pri:0, instance:com.odel.test.HomePageTest@62ddbd7e]" started-at="2025-01-12T14:04:53 IST" name="tearDown" finished-at="2025-01-12T14:04:53 IST" duration-ms="147" status="PASS">
          <params>
            <param index="0">
              <value>
                <![CDATA[[TestResult name=verifyHomePageTitleTest status=SUCCESS method=HomePageTest.verifyHomePageTitleTest()[pri:1, instance:com.odel.test.HomePageTest@62ddbd7e] output={null}]]]>
              </value>
            </param>
          </params>
          <reporter-output>
          </reporter-output>
        </test-method> <!-- tearDown -->
        <test-method is-config="true" signature="setup(java.lang.String)[pri:0, instance:com.odel.test.HomePageTest@62ddbd7e]" started-at="2025-01-12T14:04:53 IST" name="setup" finished-at="2025-01-12T14:05:03 IST" duration-ms="10189" status="PASS">
          <params>
            <param index="0">
              <value>
                <![CDATA[chrome]]>
              </value>
            </param>
          </params>
          <reporter-output>
          </reporter-output>
        </test-method> <!-- setup -->
        <test-method is-config="true" signature="setUp()[pri:0, instance:com.odel.test.HomePageTest@62ddbd7e]" started-at="2025-01-12T14:05:03 IST" name="setUp" finished-at="2025-01-12T14:05:03 IST" duration-ms="1" status="PASS">
          <reporter-output>
          </reporter-output>
        </test-method> <!-- setUp -->
        <test-method signature="verifyHomePageLogoTest()[pri:2, instance:com.odel.test.HomePageTest@62ddbd7e]" started-at="2025-01-12T14:05:03 IST" name="verifyHomePageLogoTest" finished-at="2025-01-12T14:05:03 IST" duration-ms="41" status="PASS">
          <reporter-output>
          </reporter-output>
        </test-method> <!-- verifyHomePageLogoTest -->
        <test-method is-config="true" signature="tearDown(org.testng.ITestResult)[pri:0, instance:com.odel.test.HomePageTest@62ddbd7e]" started-at="2025-01-12T14:05:03 IST" name="tearDown" finished-at="2025-01-12T14:05:03 IST" duration-ms="145" status="PASS">
          <params>
            <param index="0">
              <value>
                <![CDATA[[TestResult name=verifyHomePageLogoTest status=SUCCESS method=HomePageTest.verifyHomePageLogoTest()[pri:2, instance:com.odel.test.HomePageTest@62ddbd7e] output={null}]]]>
              </value>
            </param>
          </params>
          <reporter-output>
          </reporter-output>
        </test-method> <!-- tearDown -->
        <test-method is-config="true" signature="setup(java.lang.String)[pri:0, instance:com.odel.test.HomePageTest@62ddbd7e]" started-at="2025-01-12T14:05:03 IST" name="setup" finished-at="2025-01-12T14:05:12 IST" duration-ms="8850" status="PASS">
          <params>
            <param index="0">
              <value>
                <![CDATA[chrome]]>
              </value>
            </param>
          </params>
          <reporter-output>
          </reporter-output>
        </test-method> <!-- setup -->
        <test-method is-config="true" signature="setUp()[pri:0, instance:com.odel.test.HomePageTest@62ddbd7e]" started-at="2025-01-12T14:05:12 IST" name="setUp" finished-at="2025-01-12T14:05:12 IST" duration-ms="3" status="PASS">
          <reporter-output>
          </reporter-output>
        </test-method> <!-- setUp -->
        <test-method signature="verifyHomePageLogoClickTest()[pri:3, instance:com.odel.test.HomePageTest@62ddbd7e]" started-at="2025-01-12T14:05:12 IST" name="verifyHomePageLogoClickTest" finished-at="2025-01-12T14:05:14 IST" duration-ms="1847" status="PASS">
          <reporter-output>
          </reporter-output>
        </test-method> <!-- verifyHomePageLogoClickTest -->
        <test-method is-config="true" signature="tearDown(org.testng.ITestResult)[pri:0, instance:com.odel.test.HomePageTest@62ddbd7e]" started-at="2025-01-12T14:05:14 IST" name="tearDown" finished-at="2025-01-12T14:05:14 IST" duration-ms="150" status="PASS">
          <params>
            <param index="0">
              <value>
                <![CDATA[[TestResult name=verifyHomePageLogoClickTest status=SUCCESS method=HomePageTest.verifyHomePageLogoClickTest()[pri:3, instance:com.odel.test.HomePageTest@62ddbd7e] output={null}]]]>
              </value>
            </param>
          </params>
          <reporter-output>
          </reporter-output>
        </test-method> <!-- tearDown -->
        <test-method is-config="true" signature="setup(java.lang.String)[pri:0, instance:com.odel.test.HomePageTest@62ddbd7e]" started-at="2025-01-12T14:05:14 IST" name="setup" finished-at="2025-01-12T14:05:24 IST" duration-ms="10167" status="PASS">
          <params>
            <param index="0">
              <value>
                <![CDATA[chrome]]>
              </value>
            </param>
          </params>
          <reporter-output>
          </reporter-output>
        </test-method> <!-- setup -->
        <test-method is-config="true" signature="setUp()[pri:0, instance:com.odel.test.HomePageTest@62ddbd7e]" started-at="2025-01-12T14:05:24 IST" name="setUp" finished-at="2025-01-12T14:05:24 IST" duration-ms="1" status="PASS">
          <reporter-output>
          </reporter-output>
        </test-method> <!-- setUp -->
        <test-method signature="verifyHomePageSearchIconTest()[pri:4, instance:com.odel.test.HomePageTest@62ddbd7e]" started-at="2025-01-12T14:05:24 IST" name="verifyHomePageSearchIconTest" finished-at="2025-01-12T14:05:24 IST" duration-ms="32" status="PASS">
          <reporter-output>
          </reporter-output>
        </test-method> <!-- verifyHomePageSearchIconTest -->
        <test-method is-config="true" signature="tearDown(org.testng.ITestResult)[pri:0, instance:com.odel.test.HomePageTest@62ddbd7e]" started-at="2025-01-12T14:05:24 IST" name="tearDown" finished-at="2025-01-12T14:05:25 IST" duration-ms="170" status="PASS">
          <params>
            <param index="0">
              <value>
                <![CDATA[[TestResult name=verifyHomePageSearchIconTest status=SUCCESS method=HomePageTest.verifyHomePageSearchIconTest()[pri:4, instance:com.odel.test.HomePageTest@62ddbd7e] output={null}]]]>
              </value>
            </param>
          </params>
          <reporter-output>
          </reporter-output>
        </test-method> <!-- tearDown -->
        <test-method is-config="true" signature="setup(java.lang.String)[pri:0, instance:com.odel.test.HomePageTest@62ddbd7e]" started-at="2025-01-12T14:05:25 IST" name="setup" finished-at="2025-01-12T14:05:35 IST" duration-ms="10289" status="PASS">
          <params>
            <param index="0">
              <value>
                <![CDATA[chrome]]>
              </value>
            </param>
          </params>
          <reporter-output>
          </reporter-output>
        </test-method> <!-- setup -->
        <test-method is-config="true" signature="setUp()[pri:0, instance:com.odel.test.HomePageTest@62ddbd7e]" started-at="2025-01-12T14:05:35 IST" name="setUp" finished-at="2025-01-12T14:05:35 IST" duration-ms="2" status="PASS">
          <reporter-output>
          </reporter-output>
        </test-method> <!-- setUp -->
        <test-method signature="verifyHomePageCartIconTest()[pri:5, instance:com.odel.test.HomePageTest@62ddbd7e]" started-at="2025-01-12T14:05:35 IST" name="verifyHomePageCartIconTest" finished-at="2025-01-12T14:05:35 IST" duration-ms="32" status="PASS">
          <reporter-output>
          </reporter-output>
        </test-method> <!-- verifyHomePageCartIconTest -->
        <test-method is-config="true" signature="tearDown(org.testng.ITestResult)[pri:0, instance:com.odel.test.HomePageTest@62ddbd7e]" started-at="2025-01-12T14:05:35 IST" name="tearDown" finished-at="2025-01-12T14:05:35 IST" duration-ms="155" status="PASS">
          <params>
            <param index="0">
              <value>
                <![CDATA[[TestResult name=verifyHomePageCartIconTest status=SUCCESS method=HomePageTest.verifyHomePageCartIconTest()[pri:5, instance:com.odel.test.HomePageTest@62ddbd7e] output={null}]]]>
              </value>
            </param>
          </params>
          <reporter-output>
          </reporter-output>
        </test-method> <!-- tearDown -->
        <test-method is-config="true" signature="setup(java.lang.String)[pri:0, instance:com.odel.test.HomePageTest@62ddbd7e]" started-at="2025-01-12T14:05:35 IST" name="setup" finished-at="2025-01-12T14:05:44 IST" duration-ms="8584" status="PASS">
          <params>
            <param index="0">
              <value>
                <![CDATA[chrome]]>
              </value>
            </param>
          </params>
          <reporter-output>
          </reporter-output>
        </test-method> <!-- setup -->
        <test-method is-config="true" signature="setUp()[pri:0, instance:com.odel.test.HomePageTest@62ddbd7e]" started-at="2025-01-12T14:05:44 IST" name="setUp" finished-at="2025-01-12T14:05:44 IST" duration-ms="3" status="PASS">
          <reporter-output>
          </reporter-output>
        </test-method> <!-- setUp -->
        <test-method signature="verifyHomePageProfileIconTest()[pri:6, instance:com.odel.test.HomePageTest@62ddbd7e]" started-at="2025-01-12T14:05:44 IST" name="verifyHomePageProfileIconTest" finished-at="2025-01-12T14:05:44 IST" duration-ms="38" status="PASS">
          <reporter-output>
          </reporter-output>
        </test-method> <!-- verifyHomePageProfileIconTest -->
        <test-method is-config="true" signature="tearDown(org.testng.ITestResult)[pri:0, instance:com.odel.test.HomePageTest@62ddbd7e]" started-at="2025-01-12T14:05:44 IST" name="tearDown" finished-at="2025-01-12T14:05:44 IST" duration-ms="163" status="PASS">
          <params>
            <param index="0">
              <value>
                <![CDATA[[TestResult name=verifyHomePageProfileIconTest status=SUCCESS method=HomePageTest.verifyHomePageProfileIconTest()[pri:6, instance:com.odel.test.HomePageTest@62ddbd7e] output={null}]]]>
              </value>
            </param>
          </params>
          <reporter-output>
          </reporter-output>
        </test-method> <!-- tearDown -->
        <test-method is-config="true" signature="setup(java.lang.String)[pri:0, instance:com.odel.test.HomePageTest@62ddbd7e]" started-at="2025-01-12T14:05:44 IST" name="setup" finished-at="2025-01-12T14:05:49 IST" duration-ms="5321" status="PASS">
          <params>
            <param index="0">
              <value>
                <![CDATA[chrome]]>
              </value>
            </param>
          </params>
          <reporter-output>
          </reporter-output>
        </test-method> <!-- setup -->
        <test-method is-config="true" signature="setUp()[pri:0, instance:com.odel.test.HomePageTest@62ddbd7e]" started-at="2025-01-12T14:05:49 IST" name="setUp" finished-at="2025-01-12T14:05:49 IST" duration-ms="1" status="PASS">
          <reporter-output>
          </reporter-output>
        </test-method> <!-- setUp -->
        <test-method signature="verifyHomePageAccountIconTest()[pri:7, instance:com.odel.test.HomePageTest@62ddbd7e]" started-at="2025-01-12T14:05:49 IST" name="verifyHomePageAccountIconTest" finished-at="2025-01-12T14:05:49 IST" duration-ms="30" status="PASS">
          <reporter-output>
          </reporter-output>
        </test-method> <!-- verifyHomePageAccountIconTest -->
        <test-method is-config="true" signature="tearDown(org.testng.ITestResult)[pri:0, instance:com.odel.test.HomePageTest@62ddbd7e]" started-at="2025-01-12T14:05:49 IST" name="tearDown" finished-at="2025-01-12T14:05:49 IST" duration-ms="169" status="PASS">
          <params>
            <param index="0">
              <value>
                <![CDATA[[TestResult name=verifyHomePageAccountIconTest status=SUCCESS method=HomePageTest.verifyHomePageAccountIconTest()[pri:7, instance:com.odel.test.HomePageTest@62ddbd7e] output={null}]]]>
              </value>
            </param>
          </params>
          <reporter-output>
          </reporter-output>
        </test-method> <!-- tearDown -->
        <test-method is-config="true" signature="setup(java.lang.String)[pri:0, instance:com.odel.test.HomePageTest@62ddbd7e]" started-at="2025-01-12T14:05:49 IST" name="setup" finished-at="2025-01-12T14:05:57 IST" duration-ms="7238" status="PASS">
          <params>
            <param index="0">
              <value>
                <![CDATA[chrome]]>
              </value>
            </param>
          </params>
          <reporter-output>
          </reporter-output>
        </test-method> <!-- setup -->
        <test-method is-config="true" signature="setUp()[pri:0, instance:com.odel.test.HomePageTest@62ddbd7e]" started-at="2025-01-12T14:05:57 IST" name="setUp" finished-at="2025-01-12T14:05:57 IST" duration-ms="1" status="PASS">
          <reporter-output>
          </reporter-output>
        </test-method> <!-- setUp -->
        <test-method signature="verifyDealsLinkTest()[pri:8, instance:com.odel.test.HomePageTest@62ddbd7e]" started-at="2025-01-12T14:05:57 IST" name="verifyDealsLinkTest" finished-at="2025-01-12T14:05:59 IST" duration-ms="2128" status="PASS">
          <reporter-output>
          </reporter-output>
        </test-method> <!-- verifyDealsLinkTest -->
        <test-method is-config="true" signature="tearDown(org.testng.ITestResult)[pri:0, instance:com.odel.test.HomePageTest@62ddbd7e]" started-at="2025-01-12T14:05:59 IST" name="tearDown" finished-at="2025-01-12T14:05:59 IST" duration-ms="241" status="PASS">
          <params>
            <param index="0">
              <value>
                <![CDATA[[TestResult name=verifyDealsLinkTest status=SUCCESS method=HomePageTest.verifyDealsLinkTest()[pri:8, instance:com.odel.test.HomePageTest@62ddbd7e] output={null}]]]>
              </value>
            </param>
          </params>
          <reporter-output>
          </reporter-output>
        </test-method> <!-- tearDown -->
        <test-method is-config="true" signature="setup(java.lang.String)[pri:0, instance:com.odel.test.HomePageTest@62ddbd7e]" started-at="2025-01-12T14:05:59 IST" name="setup" finished-at="2025-01-12T14:06:05 IST" duration-ms="5549" status="PASS">
          <params>
            <param index="0">
              <value>
                <![CDATA[chrome]]>
              </value>
            </param>
          </params>
          <reporter-output>
          </reporter-output>
        </test-method> <!-- setup -->
        <test-method is-config="true" signature="setUp()[pri:0, instance:com.odel.test.HomePageTest@62ddbd7e]" started-at="2025-01-12T14:06:05 IST" name="setUp" finished-at="2025-01-12T14:06:05 IST" duration-ms="1" status="PASS">
          <reporter-output>
          </reporter-output>
        </test-method> <!-- setUp -->
        <test-method signature="verifyNewCollectionLinkTest()[pri:9, instance:com.odel.test.HomePageTest@62ddbd7e]" started-at="2025-01-12T14:06:05 IST" name="verifyNewCollectionLinkTest" finished-at="2025-01-12T14:06:07 IST" duration-ms="2501" status="PASS">
          <reporter-output>
          </reporter-output>
        </test-method> <!-- verifyNewCollectionLinkTest -->
        <test-method is-config="true" signature="tearDown(org.testng.ITestResult)[pri:0, instance:com.odel.test.HomePageTest@62ddbd7e]" started-at="2025-01-12T14:06:07 IST" name="tearDown" finished-at="2025-01-12T14:06:07 IST" duration-ms="213" status="PASS">
          <params>
            <param index="0">
              <value>
                <![CDATA[[TestResult name=verifyNewCollectionLinkTest status=SUCCESS method=HomePageTest.verifyNewCollectionLinkTest()[pri:9, instance:com.odel.test.HomePageTest@62ddbd7e] output={null}]]]>
              </value>
            </param>
          </params>
          <reporter-output>
          </reporter-output>
        </test-method> <!-- tearDown -->
        <test-method is-config="true" signature="setup(java.lang.String)[pri:0, instance:com.odel.test.HomePageTest@62ddbd7e]" started-at="2025-01-12T14:06:07 IST" name="setup" finished-at="2025-01-12T14:06:14 IST" duration-ms="7013" status="PASS">
          <params>
            <param index="0">
              <value>
                <![CDATA[chrome]]>
              </value>
            </param>
          </params>
          <reporter-output>
          </reporter-output>
        </test-method> <!-- setup -->
        <test-method is-config="true" signature="setUp()[pri:0, instance:com.odel.test.HomePageTest@62ddbd7e]" started-at="2025-01-12T14:06:14 IST" name="setUp" finished-at="2025-01-12T14:06:14 IST" duration-ms="1" status="PASS">
          <reporter-output>
          </reporter-output>
        </test-method> <!-- setUp -->
        <test-method signature="verifyShopByBrandsLinkTest()[pri:10, instance:com.odel.test.HomePageTest@62ddbd7e]" started-at="2025-01-12T14:06:14 IST" name="verifyShopByBrandsLinkTest" finished-at="2025-01-12T14:06:15 IST" duration-ms="1193" status="PASS">
          <reporter-output>
          </reporter-output>
        </test-method> <!-- verifyShopByBrandsLinkTest -->
        <test-method is-config="true" signature="tearDown(org.testng.ITestResult)[pri:0, instance:com.odel.test.HomePageTest@62ddbd7e]" started-at="2025-01-12T14:06:15 IST" name="tearDown" finished-at="2025-01-12T14:06:16 IST" duration-ms="173" status="PASS">
          <params>
            <param index="0">
              <value>
                <![CDATA[[TestResult name=verifyShopByBrandsLinkTest status=SUCCESS method=HomePageTest.verifyShopByBrandsLinkTest()[pri:10, instance:com.odel.test.HomePageTest@62ddbd7e] output={null}]]]>
              </value>
            </param>
          </params>
          <reporter-output>
          </reporter-output>
        </test-method> <!-- tearDown -->
        <test-method is-config="true" signature="setup(java.lang.String)[pri:0, instance:com.odel.test.HomePageTest@62ddbd7e]" started-at="2025-01-12T14:06:16 IST" name="setup" finished-at="2025-01-12T14:06:26 IST" duration-ms="10136" status="PASS">
          <params>
            <param index="0">
              <value>
                <![CDATA[chrome]]>
              </value>
            </param>
          </params>
          <reporter-output>
          </reporter-output>
        </test-method> <!-- setup -->
        <test-method is-config="true" signature="setUp()[pri:0, instance:com.odel.test.HomePageTest@62ddbd7e]" started-at="2025-01-12T14:06:26 IST" name="setUp" finished-at="2025-01-12T14:06:26 IST" duration-ms="1" status="PASS">
          <reporter-output>
          </reporter-output>
        </test-method> <!-- setUp -->
        <test-method signature="verifyUniSexLinkTest()[pri:11, instance:com.odel.test.HomePageTest@62ddbd7e]" started-at="2025-01-12T14:06:26 IST" name="verifyUniSexLinkTest" finished-at="2025-01-12T14:06:30 IST" duration-ms="3853" status="PASS">
          <reporter-output>
          </reporter-output>
        </test-method> <!-- verifyUniSexLinkTest -->
        <test-method is-config="true" signature="tearDown(org.testng.ITestResult)[pri:0, instance:com.odel.test.HomePageTest@62ddbd7e]" started-at="2025-01-12T14:06:30 IST" name="tearDown" finished-at="2025-01-12T14:06:30 IST" duration-ms="146" status="PASS">
          <params>
            <param index="0">
              <value>
                <![CDATA[[TestResult name=verifyUniSexLinkTest status=SUCCESS method=HomePageTest.verifyUniSexLinkTest()[pri:11, instance:com.odel.test.HomePageTest@62ddbd7e] output={null}]]]>
              </value>
            </param>
          </params>
          <reporter-output>
          </reporter-output>
        </test-method> <!-- tearDown -->
        <test-method is-config="true" signature="setup(java.lang.String)[pri:0, instance:com.odel.test.HomePageTest@62ddbd7e]" started-at="2025-01-12T14:06:30 IST" name="setup" finished-at="2025-01-12T14:06:37 IST" duration-ms="7235" status="PASS">
          <params>
            <param index="0">
              <value>
                <![CDATA[chrome]]>
              </value>
            </param>
          </params>
          <reporter-output>
          </reporter-output>
        </test-method> <!-- setup -->
        <test-method is-config="true" signature="setUp()[pri:0, instance:com.odel.test.HomePageTest@62ddbd7e]" started-at="2025-01-12T14:06:37 IST" name="setUp" finished-at="2025-01-12T14:06:37 IST" duration-ms="3" status="PASS">
          <reporter-output>
          </reporter-output>
        </test-method> <!-- setUp -->
        <test-method signature="verifyWomenLinkTest()[pri:12, instance:com.odel.test.HomePageTest@62ddbd7e]" started-at="2025-01-12T14:06:37 IST" name="verifyWomenLinkTest" finished-at="2025-01-12T14:06:42 IST" duration-ms="5060" status="PASS">
          <reporter-output>
          </reporter-output>
        </test-method> <!-- verifyWomenLinkTest -->
        <test-method is-config="true" signature="tearDown(org.testng.ITestResult)[pri:0, instance:com.odel.test.HomePageTest@62ddbd7e]" started-at="2025-01-12T14:06:42 IST" name="tearDown" finished-at="2025-01-12T14:06:42 IST" duration-ms="160" status="PASS">
          <params>
            <param index="0">
              <value>
                <![CDATA[[TestResult name=verifyWomenLinkTest status=SUCCESS method=HomePageTest.verifyWomenLinkTest()[pri:12, instance:com.odel.test.HomePageTest@62ddbd7e] output={null}]]]>
              </value>
            </param>
          </params>
          <reporter-output>
          </reporter-output>
        </test-method> <!-- tearDown -->
        <test-method is-config="true" signature="setup(java.lang.String)[pri:0, instance:com.odel.test.HomePageTest@62ddbd7e]" started-at="2025-01-12T14:06:42 IST" name="setup" finished-at="2025-01-12T14:06:52 IST" duration-ms="10094" status="PASS">
          <params>
            <param index="0">
              <value>
                <![CDATA[chrome]]>
              </value>
            </param>
          </params>
          <reporter-output>
          </reporter-output>
        </test-method> <!-- setup -->
        <test-method is-config="true" signature="setUp()[pri:0, instance:com.odel.test.HomePageTest@62ddbd7e]" started-at="2025-01-12T14:06:52 IST" name="setUp" finished-at="2025-01-12T14:06:52 IST" duration-ms="1" status="PASS">
          <reporter-output>
          </reporter-output>
        </test-method> <!-- setUp -->
        <test-method signature="verifyMenLinkTest()[pri:13, instance:com.odel.test.HomePageTest@62ddbd7e]" started-at="2025-01-12T14:06:52 IST" name="verifyMenLinkTest" finished-at="2025-01-12T14:06:56 IST" duration-ms="3337" status="PASS">
          <reporter-output>
          </reporter-output>
        </test-method> <!-- verifyMenLinkTest -->
        <test-method is-config="true" signature="tearDown(org.testng.ITestResult)[pri:0, instance:com.odel.test.HomePageTest@62ddbd7e]" started-at="2025-01-12T14:06:56 IST" name="tearDown" finished-at="2025-01-12T14:06:56 IST" duration-ms="183" status="PASS">
          <params>
            <param index="0">
              <value>
                <![CDATA[[TestResult name=verifyMenLinkTest status=SUCCESS method=HomePageTest.verifyMenLinkTest()[pri:13, instance:com.odel.test.HomePageTest@62ddbd7e] output={null}]]]>
              </value>
            </param>
          </params>
          <reporter-output>
          </reporter-output>
        </test-method> <!-- tearDown -->
        <test-method is-config="true" signature="setup(java.lang.String)[pri:0, instance:com.odel.test.HomePageTest@62ddbd7e]" started-at="2025-01-12T14:06:56 IST" name="setup" finished-at="2025-01-12T14:07:07 IST" duration-ms="10683" status="PASS">
          <params>
            <param index="0">
              <value>
                <![CDATA[chrome]]>
              </value>
            </param>
          </params>
          <reporter-output>
          </reporter-output>
        </test-method> <!-- setup -->
        <test-method is-config="true" signature="setUp()[pri:0, instance:com.odel.test.HomePageTest@62ddbd7e]" started-at="2025-01-12T14:07:07 IST" name="setUp" finished-at="2025-01-12T14:07:07 IST" duration-ms="0" status="PASS">
          <reporter-output>
          </reporter-output>
        </test-method> <!-- setUp -->
        <test-method signature="verifySportsLinkTest()[pri:14, instance:com.odel.test.HomePageTest@62ddbd7e]" started-at="2025-01-12T14:07:07 IST" name="verifySportsLinkTest" finished-at="2025-01-12T14:07:10 IST" duration-ms="3407" status="PASS">
          <reporter-output>
          </reporter-output>
        </test-method> <!-- verifySportsLinkTest -->
        <test-method is-config="true" signature="tearDown(org.testng.ITestResult)[pri:0, instance:com.odel.test.HomePageTest@62ddbd7e]" started-at="2025-01-12T14:07:10 IST" name="tearDown" finished-at="2025-01-12T14:07:10 IST" duration-ms="265" status="PASS">
          <params>
            <param index="0">
              <value>
                <![CDATA[[TestResult name=verifySportsLinkTest status=SUCCESS method=HomePageTest.verifySportsLinkTest()[pri:14, instance:com.odel.test.HomePageTest@62ddbd7e] output={null}]]]>
              </value>
            </param>
          </params>
          <reporter-output>
          </reporter-output>
        </test-method> <!-- tearDown -->
        <test-method is-config="true" signature="setup(java.lang.String)[pri:0, instance:com.odel.test.HomePageTest@62ddbd7e]" started-at="2025-01-12T14:07:10 IST" name="setup" finished-at="2025-01-12T14:07:21 IST" duration-ms="10689" status="PASS">
          <params>
            <param index="0">
              <value>
                <![CDATA[chrome]]>
              </value>
            </param>
          </params>
          <reporter-output>
          </reporter-output>
        </test-method> <!-- setup -->
        <test-method is-config="true" signature="setUp()[pri:0, instance:com.odel.test.HomePageTest@62ddbd7e]" started-at="2025-01-12T14:07:21 IST" name="setUp" finished-at="2025-01-12T14:07:21 IST" duration-ms="3" status="PASS">
          <reporter-output>
          </reporter-output>
        </test-method> <!-- setUp -->
        <test-method signature="verifyFootwearLinkTest()[pri:15, instance:com.odel.test.HomePageTest@62ddbd7e]" started-at="2025-01-12T14:07:21 IST" name="verifyFootwearLinkTest" finished-at="2025-01-12T14:07:24 IST" duration-ms="3442" status="PASS">
          <reporter-output>
          </reporter-output>
        </test-method> <!-- verifyFootwearLinkTest -->
        <test-method is-config="true" signature="tearDown(org.testng.ITestResult)[pri:0, instance:com.odel.test.HomePageTest@62ddbd7e]" started-at="2025-01-12T14:07:24 IST" name="tearDown" finished-at="2025-01-12T14:07:25 IST" duration-ms="208" status="PASS">
          <params>
            <param index="0">
              <value>
                <![CDATA[[TestResult name=verifyFootwearLinkTest status=SUCCESS method=HomePageTest.verifyFootwearLinkTest()[pri:15, instance:com.odel.test.HomePageTest@62ddbd7e] output={null}]]]>
              </value>
            </param>
          </params>
          <reporter-output>
          </reporter-output>
        </test-method> <!-- tearDown -->
        <test-method is-config="true" signature="setup(java.lang.String)[pri:0, instance:com.odel.test.HomePageTest@62ddbd7e]" started-at="2025-01-12T14:07:25 IST" name="setup" finished-at="2025-01-12T14:07:33 IST" duration-ms="8672" status="PASS">
          <params>
            <param index="0">
              <value>
                <![CDATA[chrome]]>
              </value>
            </param>
          </params>
          <reporter-output>
          </reporter-output>
        </test-method> <!-- setup -->
        <test-method is-config="true" signature="setUp()[pri:0, instance:com.odel.test.HomePageTest@62ddbd7e]" started-at="2025-01-12T14:07:33 IST" name="setUp" finished-at="2025-01-12T14:07:33 IST" duration-ms="1" status="PASS">
          <reporter-output>
          </reporter-output>
        </test-method> <!-- setUp -->
        <test-method signature="verifyBagsLinkTest()[pri:16, instance:com.odel.test.HomePageTest@62ddbd7e]" started-at="2025-01-12T14:07:33 IST" name="verifyBagsLinkTest" finished-at="2025-01-12T14:07:37 IST" duration-ms="3358" status="PASS">
          <reporter-output>
          </reporter-output>
        </test-method> <!-- verifyBagsLinkTest -->
        <test-method is-config="true" signature="tearDown(org.testng.ITestResult)[pri:0, instance:com.odel.test.HomePageTest@62ddbd7e]" started-at="2025-01-12T14:07:37 IST" name="tearDown" finished-at="2025-01-12T14:07:37 IST" duration-ms="177" status="PASS">
          <params>
            <param index="0">
              <value>
                <![CDATA[[TestResult name=verifyBagsLinkTest status=SUCCESS method=HomePageTest.verifyBagsLinkTest()[pri:16, instance:com.odel.test.HomePageTest@62ddbd7e] output={null}]]]>
              </value>
            </param>
          </params>
          <reporter-output>
          </reporter-output>
        </test-method> <!-- tearDown -->
        <test-method is-config="true" signature="setup(java.lang.String)[pri:0, instance:com.odel.test.HomePageTest@62ddbd7e]" started-at="2025-01-12T14:07:37 IST" name="setup" finished-at="2025-01-12T14:07:45 IST" duration-ms="8616" status="PASS">
          <params>
            <param index="0">
              <value>
                <![CDATA[chrome]]>
              </value>
            </param>
          </params>
          <reporter-output>
          </reporter-output>
        </test-method> <!-- setup -->
        <test-method is-config="true" signature="setUp()[pri:0, instance:com.odel.test.HomePageTest@62ddbd7e]" started-at="2025-01-12T14:07:45 IST" name="setUp" finished-at="2025-01-12T14:07:45 IST" duration-ms="0" status="PASS">
          <reporter-output>
          </reporter-output>
        </test-method> <!-- setUp -->
        <test-method signature="verifyWatchesAndSunglassesLinkTest()[pri:17, instance:com.odel.test.HomePageTest@62ddbd7e]" started-at="2025-01-12T14:07:45 IST" name="verifyWatchesAndSunglassesLinkTest" finished-at="2025-01-12T14:07:49 IST" duration-ms="3283" status="PASS">
          <reporter-output>
          </reporter-output>
        </test-method> <!-- verifyWatchesAndSunglassesLinkTest -->
        <test-method is-config="true" signature="tearDown(org.testng.ITestResult)[pri:0, instance:com.odel.test.HomePageTest@62ddbd7e]" started-at="2025-01-12T14:07:49 IST" name="tearDown" finished-at="2025-01-12T14:07:49 IST" duration-ms="161" status="PASS">
          <params>
            <param index="0">
              <value>
                <![CDATA[[TestResult name=verifyWatchesAndSunglassesLinkTest status=SUCCESS method=HomePageTest.verifyWatchesAndSunglassesLinkTest()[pri:17, instance:com.odel.test.HomePageTest@62ddbd7e] output={null}]]]>
              </value>
            </param>
          </params>
          <reporter-output>
          </reporter-output>
        </test-method> <!-- tearDown -->
        <test-method is-config="true" signature="setup(java.lang.String)[pri:0, instance:com.odel.test.HomePageTest@62ddbd7e]" started-at="2025-01-12T14:07:49 IST" name="setup" finished-at="2025-01-12T14:07:55 IST" duration-ms="6499" status="PASS">
          <params>
            <param index="0">
              <value>
                <![CDATA[chrome]]>
              </value>
            </param>
          </params>
          <reporter-output>
          </reporter-output>
        </test-method> <!-- setup -->
        <test-method is-config="true" signature="setUp()[pri:0, instance:com.odel.test.HomePageTest@62ddbd7e]" started-at="2025-01-12T14:07:55 IST" name="setUp" finished-at="2025-01-12T14:07:55 IST" duration-ms="1" status="PASS">
          <reporter-output>
          </reporter-output>
        </test-method> <!-- setUp -->
        <test-method signature="verifyJewelleryLinkTest()[pri:18, instance:com.odel.test.HomePageTest@62ddbd7e]" started-at="2025-01-12T14:07:55 IST" name="verifyJewelleryLinkTest" finished-at="2025-01-12T14:07:57 IST" duration-ms="1727" status="PASS">
          <reporter-output>
          </reporter-output>
        </test-method> <!-- verifyJewelleryLinkTest -->
        <test-method is-config="true" signature="tearDown(org.testng.ITestResult)[pri:0, instance:com.odel.test.HomePageTest@62ddbd7e]" started-at="2025-01-12T14:07:57 IST" name="tearDown" finished-at="2025-01-12T14:07:57 IST" duration-ms="144" status="PASS">
          <params>
            <param index="0">
              <value>
                <![CDATA[[TestResult name=verifyJewelleryLinkTest status=SUCCESS method=HomePageTest.verifyJewelleryLinkTest()[pri:18, instance:com.odel.test.HomePageTest@62ddbd7e] output={null}]]]>
              </value>
            </param>
          </params>
          <reporter-output>
          </reporter-output>
        </test-method> <!-- tearDown -->
        <test-method is-config="true" signature="setup(java.lang.String)[pri:0, instance:com.odel.test.HomePageTest@62ddbd7e]" started-at="2025-01-12T14:07:57 IST" name="setup" finished-at="2025-01-12T14:08:05 IST" duration-ms="7390" status="PASS">
          <params>
            <param index="0">
              <value>
                <![CDATA[chrome]]>
              </value>
            </param>
          </params>
          <reporter-output>
          </reporter-output>
        </test-method> <!-- setup -->
        <test-method is-config="true" signature="setUp()[pri:0, instance:com.odel.test.HomePageTest@62ddbd7e]" started-at="2025-01-12T14:08:05 IST" name="setUp" finished-at="2025-01-12T14:08:05 IST" duration-ms="1" status="PASS">
          <reporter-output>
          </reporter-output>
        </test-method> <!-- setUp -->
        <test-method signature="verifyKidsLinkTest()[pri:19, instance:com.odel.test.HomePageTest@62ddbd7e]" started-at="2025-01-12T14:08:05 IST" name="verifyKidsLinkTest" finished-at="2025-01-12T14:08:08 IST" duration-ms="3273" status="PASS">
          <reporter-output>
          </reporter-output>
        </test-method> <!-- verifyKidsLinkTest -->
        <test-method is-config="true" signature="tearDown(org.testng.ITestResult)[pri:0, instance:com.odel.test.HomePageTest@62ddbd7e]" started-at="2025-01-12T14:08:08 IST" name="tearDown" finished-at="2025-01-12T14:08:08 IST" duration-ms="177" status="PASS">
          <params>
            <param index="0">
              <value>
                <![CDATA[[TestResult name=verifyKidsLinkTest status=SUCCESS method=HomePageTest.verifyKidsLinkTest()[pri:19, instance:com.odel.test.HomePageTest@62ddbd7e] output={null}]]]>
              </value>
            </param>
          </params>
          <reporter-output>
          </reporter-output>
        </test-method> <!-- tearDown -->
        <test-method is-config="true" signature="setup(java.lang.String)[pri:0, instance:com.odel.test.HomePageTest@62ddbd7e]" started-at="2025-01-12T14:08:08 IST" name="setup" finished-at="2025-01-12T14:08:18 IST" duration-ms="9944" status="PASS">
          <params>
            <param index="0">
              <value>
                <![CDATA[chrome]]>
              </value>
            </param>
          </params>
          <reporter-output>
          </reporter-output>
        </test-method> <!-- setup -->
        <test-method is-config="true" signature="setUp()[pri:0, instance:com.odel.test.HomePageTest@62ddbd7e]" started-at="2025-01-12T14:08:18 IST" name="setUp" finished-at="2025-01-12T14:08:18 IST" duration-ms="2" status="PASS">
          <reporter-output>
          </reporter-output>
        </test-method> <!-- setUp -->
        <test-method signature="verifyHomeAndLifeStyleLinkTest()[pri:20, instance:com.odel.test.HomePageTest@62ddbd7e]" started-at="2025-01-12T14:08:18 IST" name="verifyHomeAndLifeStyleLinkTest" finished-at="2025-01-12T14:08:21 IST" duration-ms="3297" status="PASS">
          <reporter-output>
          </reporter-output>
        </test-method> <!-- verifyHomeAndLifeStyleLinkTest -->
        <test-method is-config="true" signature="tearDown(org.testng.ITestResult)[pri:0, instance:com.odel.test.HomePageTest@62ddbd7e]" started-at="2025-01-12T14:08:21 IST" name="tearDown" finished-at="2025-01-12T14:08:21 IST" duration-ms="189" status="PASS">
          <params>
            <param index="0">
              <value>
                <![CDATA[[TestResult name=verifyHomeAndLifeStyleLinkTest status=SUCCESS method=HomePageTest.verifyHomeAndLifeStyleLinkTest()[pri:20, instance:com.odel.test.HomePageTest@62ddbd7e] output={null}]]]>
              </value>
            </param>
          </params>
          <reporter-output>
          </reporter-output>
        </test-method> <!-- tearDown -->
        <test-method is-config="true" signature="setup(java.lang.String)[pri:0, instance:com.odel.test.HomePageTest@62ddbd7e]" started-at="2025-01-12T14:08:21 IST" name="setup" finished-at="2025-01-12T14:08:32 IST" duration-ms="10370" status="PASS">
          <params>
            <param index="0">
              <value>
                <![CDATA[chrome]]>
              </value>
            </param>
          </params>
          <reporter-output>
          </reporter-output>
        </test-method> <!-- setup -->
        <test-method is-config="true" signature="setUp()[pri:0, instance:com.odel.test.HomePageTest@62ddbd7e]" started-at="2025-01-12T14:08:32 IST" name="setUp" finished-at="2025-01-12T14:08:32 IST" duration-ms="1" status="PASS">
          <reporter-output>
          </reporter-output>
        </test-method> <!-- setUp -->
        <test-method signature="verifyFoodAndBeverageLinkTest()[pri:21, instance:com.odel.test.HomePageTest@62ddbd7e]" started-at="2025-01-12T14:08:32 IST" name="verifyFoodAndBeverageLinkTest" finished-at="2025-01-12T14:08:36 IST" duration-ms="4267" status="PASS">
          <reporter-output>
          </reporter-output>
        </test-method> <!-- verifyFoodAndBeverageLinkTest -->
        <test-method is-config="true" signature="tearDown(org.testng.ITestResult)[pri:0, instance:com.odel.test.HomePageTest@62ddbd7e]" started-at="2025-01-12T14:08:36 IST" name="tearDown" finished-at="2025-01-12T14:08:36 IST" duration-ms="169" status="PASS">
          <params>
            <param index="0">
              <value>
                <![CDATA[[TestResult name=verifyFoodAndBeverageLinkTest status=SUCCESS method=HomePageTest.verifyFoodAndBeverageLinkTest()[pri:21, instance:com.odel.test.HomePageTest@62ddbd7e] output={null}]]]>
              </value>
            </param>
          </params>
          <reporter-output>
          </reporter-output>
        </test-method> <!-- tearDown -->
        <test-method is-config="true" signature="setup(java.lang.String)[pri:0, instance:com.odel.test.HomePageTest@62ddbd7e]" started-at="2025-01-12T14:08:36 IST" name="setup" finished-at="2025-01-12T14:08:49 IST" duration-ms="12609" status="PASS">
          <params>
            <param index="0">
              <value>
                <![CDATA[chrome]]>
              </value>
            </param>
          </params>
          <reporter-output>
          </reporter-output>
        </test-method> <!-- setup -->
        <test-method is-config="true" signature="setUp()[pri:0, instance:com.odel.test.HomePageTest@62ddbd7e]" started-at="2025-01-12T14:08:49 IST" name="setUp" finished-at="2025-01-12T14:08:49 IST" duration-ms="1" status="PASS">
          <reporter-output>
          </reporter-output>
        </test-method> <!-- setUp -->
        <test-method signature="verifySouvenirsAndGiftsLinkTest()[pri:22, instance:com.odel.test.HomePageTest@62ddbd7e]" started-at="2025-01-12T14:08:49 IST" name="verifySouvenirsAndGiftsLinkTest" finished-at="2025-01-12T14:08:57 IST" duration-ms="7958" status="PASS">
          <reporter-output>
          </reporter-output>
        </test-method> <!-- verifySouvenirsAndGiftsLinkTest -->
        <test-method is-config="true" signature="tearDown(org.testng.ITestResult)[pri:0, instance:com.odel.test.HomePageTest@62ddbd7e]" started-at="2025-01-12T14:08:57 IST" name="tearDown" finished-at="2025-01-12T14:08:57 IST" duration-ms="192" status="PASS">
          <params>
            <param index="0">
              <value>
                <![CDATA[[TestResult name=verifySouvenirsAndGiftsLinkTest status=SUCCESS method=HomePageTest.verifySouvenirsAndGiftsLinkTest()[pri:22, instance:com.odel.test.HomePageTest@62ddbd7e] output={null}]]]>
              </value>
            </param>
          </params>
          <reporter-output>
          </reporter-output>
        </test-method> <!-- tearDown -->
        <test-method is-config="true" signature="setup(java.lang.String)[pri:0, instance:com.odel.test.HomePageTest@62ddbd7e]" started-at="2025-01-12T14:08:57 IST" name="setup" finished-at="2025-01-12T14:09:08 IST" duration-ms="10505" status="PASS">
          <params>
            <param index="0">
              <value>
                <![CDATA[chrome]]>
              </value>
            </param>
          </params>
          <reporter-output>
          </reporter-output>
        </test-method> <!-- setup -->
        <test-method is-config="true" signature="setUp()[pri:0, instance:com.odel.test.HomePageTest@62ddbd7e]" started-at="2025-01-12T14:09:08 IST" name="setUp" finished-at="2025-01-12T14:09:08 IST" duration-ms="2" status="PASS">
          <reporter-output>
          </reporter-output>
        </test-method> <!-- setUp -->
        <test-method signature="verifyLoginPageLinkTest()[pri:23, instance:com.odel.test.HomePageTest@62ddbd7e]" started-at="2025-01-12T14:09:08 IST" name="verifyLoginPageLinkTest" finished-at="2025-01-12T14:09:10 IST" duration-ms="2118" status="PASS">
          <reporter-output>
          </reporter-output>
        </test-method> <!-- verifyLoginPageLinkTest -->
        <test-method is-config="true" signature="tearDown(org.testng.ITestResult)[pri:0, instance:com.odel.test.HomePageTest@62ddbd7e]" started-at="2025-01-12T14:09:10 IST" name="tearDown" finished-at="2025-01-12T14:09:10 IST" duration-ms="291" status="PASS">
          <params>
            <param index="0">
              <value>
                <![CDATA[[TestResult name=verifyLoginPageLinkTest status=SUCCESS method=HomePageTest.verifyLoginPageLinkTest()[pri:23, instance:com.odel.test.HomePageTest@62ddbd7e] output={null}]]]>
              </value>
            </param>
          </params>
          <reporter-output>
          </reporter-output>
        </test-method> <!-- tearDown -->
        <test-method is-config="true" signature="setup(java.lang.String)[pri:0, instance:com.odel.test.HomePageTest@62ddbd7e]" started-at="2025-01-12T14:09:10 IST" name="setup" finished-at="2025-01-12T14:09:21 IST" duration-ms="10546" status="PASS">
          <params>
            <param index="0">
              <value>
                <![CDATA[chrome]]>
              </value>
            </param>
          </params>
          <reporter-output>
          </reporter-output>
        </test-method> <!-- setup -->
        <test-method is-config="true" signature="setUp()[pri:0, instance:com.odel.test.HomePageTest@62ddbd7e]" started-at="2025-01-12T14:09:21 IST" name="setUp" finished-at="2025-01-12T14:09:21 IST" duration-ms="0" status="PASS">
          <reporter-output>
          </reporter-output>
        </test-method> <!-- setUp -->
        <test-method signature="verifySignUpLinkTest()[pri:24, instance:com.odel.test.HomePageTest@62ddbd7e]" started-at="2025-01-12T14:09:21 IST" name="verifySignUpLinkTest" finished-at="2025-01-12T14:09:23 IST" duration-ms="2003" status="PASS">
          <reporter-output>
          </reporter-output>
        </test-method> <!-- verifySignUpLinkTest -->
        <test-method is-config="true" signature="tearDown(org.testng.ITestResult)[pri:0, instance:com.odel.test.HomePageTest@62ddbd7e]" started-at="2025-01-12T14:09:23 IST" name="tearDown" finished-at="2025-01-12T14:09:23 IST" duration-ms="181" status="PASS">
          <params>
            <param index="0">
              <value>
                <![CDATA[[TestResult name=verifySignUpLinkTest status=SUCCESS method=HomePageTest.verifySignUpLinkTest()[pri:24, instance:com.odel.test.HomePageTest@62ddbd7e] output={null}]]]>
              </value>
            </param>
          </params>
          <reporter-output>
          </reporter-output>
        </test-method> <!-- tearDown -->
        <test-method is-config="true" signature="setup(java.lang.String)[pri:0, instance:com.odel.test.HomePageTest@62ddbd7e]" started-at="2025-01-12T14:09:23 IST" name="setup" finished-at="2025-01-12T14:09:33 IST" duration-ms="10168" status="PASS">
          <params>
            <param index="0">
              <value>
                <![CDATA[chrome]]>
              </value>
            </param>
          </params>
          <reporter-output>
          </reporter-output>
        </test-method> <!-- setup -->
        <test-method is-config="true" signature="setUp()[pri:0, instance:com.odel.test.HomePageTest@62ddbd7e]" started-at="2025-01-12T14:09:33 IST" name="setUp" finished-at="2025-01-12T14:09:33 IST" duration-ms="1" status="PASS">
          <reporter-output>
          </reporter-output>
        </test-method> <!-- setUp -->
        <test-method signature="verifyProfileIconRedirectionTest()[pri:25, instance:com.odel.test.HomePageTest@62ddbd7e]" started-at="2025-01-12T14:09:33 IST" name="verifyProfileIconRedirectionTest" finished-at="2025-01-12T14:09:35 IST" duration-ms="2374" status="PASS">
          <reporter-output>
          </reporter-output>
        </test-method> <!-- verifyProfileIconRedirectionTest -->
        <test-method is-config="true" signature="tearDown(org.testng.ITestResult)[pri:0, instance:com.odel.test.HomePageTest@62ddbd7e]" started-at="2025-01-12T14:09:35 IST" name="tearDown" finished-at="2025-01-12T14:09:35 IST" duration-ms="172" status="PASS">
          <params>
            <param index="0">
              <value>
                <![CDATA[[TestResult name=verifyProfileIconRedirectionTest status=SUCCESS method=HomePageTest.verifyProfileIconRedirectionTest()[pri:25, instance:com.odel.test.HomePageTest@62ddbd7e] output={null}]]]>
              </value>
            </param>
          </params>
          <reporter-output>
          </reporter-output>
        </test-method> <!-- tearDown -->
        <test-method is-config="true" signature="setup(java.lang.String)[pri:0, instance:com.odel.test.HomePageTest@62ddbd7e]" started-at="2025-01-12T14:09:35 IST" name="setup" finished-at="2025-01-12T14:09:43 IST" duration-ms="7606" status="PASS">
          <params>
            <param index="0">
              <value>
                <![CDATA[chrome]]>
              </value>
            </param>
          </params>
          <reporter-output>
          </reporter-output>
        </test-method> <!-- setup -->
        <test-method is-config="true" signature="setUp()[pri:0, instance:com.odel.test.HomePageTest@62ddbd7e]" started-at="2025-01-12T14:09:43 IST" name="setUp" finished-at="2025-01-12T14:09:43 IST" duration-ms="1" status="PASS">
          <reporter-output>
          </reporter-output>
        </test-method> <!-- setUp -->
        <test-method signature="verifyProfileAfterlogin()[pri:26, instance:com.odel.test.HomePageTest@62ddbd7e]" started-at="2025-01-12T14:09:43 IST" name="verifyProfileAfterlogin" finished-at="2025-01-12T14:09:54 IST" duration-ms="11313" status="PASS">
          <reporter-output>
          </reporter-output>
        </test-method> <!-- verifyProfileAfterlogin -->
        <test-method is-config="true" signature="tearDown(org.testng.ITestResult)[pri:0, instance:com.odel.test.HomePageTest@62ddbd7e]" started-at="2025-01-12T14:09:54 IST" name="tearDown" finished-at="2025-01-12T14:09:55 IST" duration-ms="195" status="PASS">
          <params>
            <param index="0">
              <value>
                <![CDATA[[TestResult name=verifyProfileAfterlogin status=SUCCESS method=HomePageTest.verifyProfileAfterlogin()[pri:26, instance:com.odel.test.HomePageTest@62ddbd7e] output={null}]]]>
              </value>
            </param>
          </params>
          <reporter-output>
          </reporter-output>
        </test-method> <!-- tearDown -->
      </class> <!-- com.odel.test.HomePageTest -->
      <class name="com.odel.test.JewelleryPageTest">
        <test-method is-config="true" signature="setup(java.lang.String)[pri:0, instance:com.odel.test.JewelleryPageTest@5dda768f]" started-at="2025-01-12T14:14:30 IST" name="setup" finished-at="2025-01-12T14:14:38 IST" duration-ms="8602" status="PASS">
          <params>
            <param index="0">
              <value>
                <![CDATA[chrome]]>
              </value>
            </param>
          </params>
          <reporter-output>
          </reporter-output>
        </test-method> <!-- setup -->
        <test-method is-config="true" signature="setUp()[pri:0, instance:com.odel.test.JewelleryPageTest@5dda768f]" started-at="2025-01-12T14:14:38 IST" name="setUp" finished-at="2025-01-12T14:14:42 IST" duration-ms="3767" status="PASS">
          <reporter-output>
          </reporter-output>
        </test-method> <!-- setUp -->
        <test-method signature="verifyJewelleryPageTitleTest()[pri:1, instance:com.odel.test.JewelleryPageTest@5dda768f]" started-at="2025-01-12T14:14:42 IST" name="verifyJewelleryPageTitleTest" finished-at="2025-01-12T14:14:42 IST" duration-ms="8" status="PASS">
          <reporter-output>
          </reporter-output>
        </test-method> <!-- verifyJewelleryPageTitleTest -->
        <test-method is-config="true" signature="tearDown(org.testng.ITestResult)[pri:0, instance:com.odel.test.JewelleryPageTest@5dda768f]" started-at="2025-01-12T14:14:42 IST" name="tearDown" finished-at="2025-01-12T14:14:42 IST" duration-ms="189" status="PASS">
          <params>
            <param index="0">
              <value>
                <![CDATA[[TestResult name=verifyJewelleryPageTitleTest status=SUCCESS method=JewelleryPageTest.verifyJewelleryPageTitleTest()[pri:1, instance:com.odel.test.JewelleryPageTest@5dda768f] output={null}]]]>
              </value>
            </param>
          </params>
          <reporter-output>
          </reporter-output>
        </test-method> <!-- tearDown -->
      </class> <!-- com.odel.test.JewelleryPageTest -->
      <class name="com.odel.test.UniSexPageTest">
        <test-method is-config="true" signature="setup(java.lang.String)[pri:0, instance:com.odel.test.UniSexPageTest@752325ad]" started-at="2025-01-12T14:16:00 IST" name="setup" finished-at="2025-01-12T14:16:05 IST" duration-ms="5311" status="PASS">
          <params>
            <param index="0">
              <value>
                <![CDATA[chrome]]>
              </value>
            </param>
          </params>
          <reporter-output>
          </reporter-output>
        </test-method> <!-- setup -->
        <test-method is-config="true" signature="setUp()[pri:0, instance:com.odel.test.UniSexPageTest@752325ad]" started-at="2025-01-12T14:16:05 IST" name="setUp" finished-at="2025-01-12T14:16:08 IST" duration-ms="3353" status="PASS">
          <reporter-output>
          </reporter-output>
        </test-method> <!-- setUp -->
        <test-method signature="verifyUniSexPageLabelTest()[pri:1, instance:com.odel.test.UniSexPageTest@752325ad]" started-at="2025-01-12T14:16:08 IST" name="verifyUniSexPageLabelTest" finished-at="2025-01-12T14:16:08 IST" duration-ms="28" status="PASS">
          <reporter-output>
          </reporter-output>
        </test-method> <!-- verifyUniSexPageLabelTest -->
        <test-method is-config="true" signature="tearDown(org.testng.ITestResult)[pri:0, instance:com.odel.test.UniSexPageTest@752325ad]" started-at="2025-01-12T14:16:08 IST" name="tearDown" finished-at="2025-01-12T14:16:08 IST" duration-ms="178" status="PASS">
          <params>
            <param index="0">
              <value>
                <![CDATA[[TestResult name=verifyUniSexPageLabelTest status=SUCCESS method=UniSexPageTest.verifyUniSexPageLabelTest()[pri:1, instance:com.odel.test.UniSexPageTest@752325ad] output={null}]]]>
              </value>
            </param>
          </params>
          <reporter-output>
          </reporter-output>
        </test-method> <!-- tearDown -->
      </class> <!-- com.odel.test.UniSexPageTest -->
      <class name="com.odel.test.MenPageTest">
        <test-method is-config="true" signature="setup(java.lang.String)[pri:0, instance:com.odel.test.MenPageTest@24269709]" started-at="2025-01-12T14:14:55 IST" name="setup" finished-at="2025-01-12T14:15:04 IST" duration-ms="8979" status="PASS">
          <params>
            <param index="0">
              <value>
                <![CDATA[chrome]]>
              </value>
            </param>
          </params>
          <reporter-output>
          </reporter-output>
        </test-method> <!-- setup -->
        <test-method is-config="true" signature="setUp()[pri:0, instance:com.odel.test.MenPageTest@24269709]" started-at="2025-01-12T14:15:04 IST" name="setUp" finished-at="2025-01-12T14:15:07 IST" duration-ms="3063" status="PASS">
          <reporter-output>
          </reporter-output>
        </test-method> <!-- setUp -->
        <test-method signature="verifyMenPageTitleTest()[pri:1, instance:com.odel.test.MenPageTest@24269709]" started-at="2025-01-12T14:15:07 IST" name="verifyMenPageTitleTest" finished-at="2025-01-12T14:15:07 IST" duration-ms="15" status="PASS">
          <reporter-output>
          </reporter-output>
        </test-method> <!-- verifyMenPageTitleTest -->
        <test-method is-config="true" signature="tearDown(org.testng.ITestResult)[pri:0, instance:com.odel.test.MenPageTest@24269709]" started-at="2025-01-12T14:15:07 IST" name="tearDown" finished-at="2025-01-12T14:15:07 IST" duration-ms="171" status="PASS">
          <params>
            <param index="0">
              <value>
                <![CDATA[[TestResult name=verifyMenPageTitleTest status=SUCCESS method=MenPageTest.verifyMenPageTitleTest()[pri:1, instance:com.odel.test.MenPageTest@24269709] output={null}]]]>
              </value>
            </param>
          </params>
          <reporter-output>
          </reporter-output>
        </test-method> <!-- tearDown -->
      </class> <!-- com.odel.test.MenPageTest -->
      <class name="com.odel.test.WatchesAndSunglassesPageTest">
        <test-method is-config="true" signature="setup(java.lang.String)[pri:0, instance:com.odel.test.WatchesAndSunglassesPageTest@b3ca52e]" started-at="2025-01-12T14:16:08 IST" name="setup" finished-at="2025-01-12T14:16:14 IST" duration-ms="6045" status="PASS">
          <params>
            <param index="0">
              <value>
                <![CDATA[chrome]]>
              </value>
            </param>
          </params>
          <reporter-output>
          </reporter-output>
        </test-method> <!-- setup -->
        <test-method is-config="true" signature="setUp()[pri:0, instance:com.odel.test.WatchesAndSunglassesPageTest@b3ca52e]" started-at="2025-01-12T14:16:14 IST" name="setUp" finished-at="2025-01-12T14:16:17 IST" duration-ms="2421" status="PASS">
          <reporter-output>
          </reporter-output>
        </test-method> <!-- setUp -->
        <test-method signature="verifyWatchesAndSunglassesPageTitleTest()[pri:1, instance:com.odel.test.WatchesAndSunglassesPageTest@b3ca52e]" started-at="2025-01-12T14:16:17 IST" name="verifyWatchesAndSunglassesPageTitleTest" finished-at="2025-01-12T14:16:17 IST" duration-ms="10" status="PASS">
          <reporter-output>
          </reporter-output>
        </test-method> <!-- verifyWatchesAndSunglassesPageTitleTest -->
        <test-method is-config="true" signature="tearDown(org.testng.ITestResult)[pri:0, instance:com.odel.test.WatchesAndSunglassesPageTest@b3ca52e]" started-at="2025-01-12T14:16:17 IST" name="tearDown" finished-at="2025-01-12T14:16:17 IST" duration-ms="168" status="PASS">
          <params>
            <param index="0">
              <value>
                <![CDATA[[TestResult name=verifyWatchesAndSunglassesPageTitleTest status=SUCCESS method=WatchesAndSunglassesPageTest.verifyWatchesAndSunglassesPageTitleTest()[pri:1, instance:com.odel.test.WatchesAndSunglassesPageTest@b3ca52e] output={null}]]]>
              </value>
            </param>
          </params>
          <reporter-output>
          </reporter-output>
        </test-method> <!-- tearDown -->
      </class> <!-- com.odel.test.WatchesAndSunglassesPageTest -->
      <class name="com.odel.test.HomeAndLifeStylePageTest">
        <test-method is-config="true" signature="setup(java.lang.String)[pri:0, instance:com.odel.test.HomeAndLifeStylePageTest@1ce24091]" started-at="2025-01-12T14:14:18 IST" name="setup" finished-at="2025-01-12T14:14:26 IST" duration-ms="8489" status="PASS">
          <params>
            <param index="0">
              <value>
                <![CDATA[chrome]]>
              </value>
            </param>
          </params>
          <reporter-output>
          </reporter-output>
        </test-method> <!-- setup -->
        <test-method is-config="true" signature="setUp()[pri:0, instance:com.odel.test.HomeAndLifeStylePageTest@1ce24091]" started-at="2025-01-12T14:14:26 IST" name="setUp" finished-at="2025-01-12T14:14:30 IST" duration-ms="3103" status="PASS">
          <reporter-output>
          </reporter-output>
        </test-method> <!-- setUp -->
        <test-method signature="verifyHomeAndLifeStylePageTitleTest()[pri:1, instance:com.odel.test.HomeAndLifeStylePageTest@1ce24091]" started-at="2025-01-12T14:14:30 IST" name="verifyHomeAndLifeStylePageTitleTest" finished-at="2025-01-12T14:14:30 IST" duration-ms="14" status="PASS">
          <reporter-output>
          </reporter-output>
        </test-method> <!-- verifyHomeAndLifeStylePageTitleTest -->
        <test-method is-config="true" signature="tearDown(org.testng.ITestResult)[pri:0, instance:com.odel.test.HomeAndLifeStylePageTest@1ce24091]" started-at="2025-01-12T14:14:30 IST" name="tearDown" finished-at="2025-01-12T14:14:30 IST" duration-ms="185" status="PASS">
          <params>
            <param index="0">
              <value>
                <![CDATA[[TestResult name=verifyHomeAndLifeStylePageTitleTest status=SUCCESS method=HomeAndLifeStylePageTest.verifyHomeAndLifeStylePageTitleTest()[pri:1, instance:com.odel.test.HomeAndLifeStylePageTest@1ce24091] output={null}]]]>
              </value>
            </param>
          </params>
          <reporter-output>
          </reporter-output>
        </test-method> <!-- tearDown -->
      </class> <!-- com.odel.test.HomeAndLifeStylePageTest -->
      <class name="com.odel.test.NewCollectionPageTest">
        <test-method is-config="true" signature="setup(java.lang.String)[pri:0, instance:com.odel.test.NewCollectionPageTest@2aceadd4]" started-at="2025-01-12T14:15:07 IST" name="setup" finished-at="2025-01-12T14:15:18 IST" duration-ms="10497" status="PASS">
          <params>
            <param index="0">
              <value>
                <![CDATA[chrome]]>
              </value>
            </param>
          </params>
          <reporter-output>
          </reporter-output>
        </test-method> <!-- setup -->
        <test-method is-config="true" signature="setUp()[pri:0, instance:com.odel.test.NewCollectionPageTest@2aceadd4]" started-at="2025-01-12T14:15:18 IST" name="setUp" finished-at="2025-01-12T14:15:23 IST" duration-ms="4652" status="PASS">
          <reporter-output>
          </reporter-output>
        </test-method> <!-- setUp -->
        <test-method signature="verifyNewCollectionPageTitleTest()[pri:1, instance:com.odel.test.NewCollectionPageTest@2aceadd4]" started-at="2025-01-12T14:15:23 IST" name="verifyNewCollectionPageTitleTest" finished-at="2025-01-12T14:15:23 IST" duration-ms="16" status="PASS">
          <reporter-output>
          </reporter-output>
        </test-method> <!-- verifyNewCollectionPageTitleTest -->
        <test-method is-config="true" signature="tearDown(org.testng.ITestResult)[pri:0, instance:com.odel.test.NewCollectionPageTest@2aceadd4]" started-at="2025-01-12T14:15:23 IST" name="tearDown" finished-at="2025-01-12T14:15:23 IST" duration-ms="189" status="PASS">
          <params>
            <param index="0">
              <value>
                <![CDATA[[TestResult name=verifyNewCollectionPageTitleTest status=SUCCESS method=NewCollectionPageTest.verifyNewCollectionPageTitleTest()[pri:1, instance:com.odel.test.NewCollectionPageTest@2aceadd4] output={null}]]]>
              </value>
            </param>
          </params>
          <reporter-output>
          </reporter-output>
        </test-method> <!-- tearDown -->
      </class> <!-- com.odel.test.NewCollectionPageTest -->
      <class name="com.odel.test.SouvenirsAndGiftsPageTest">
        <test-method is-config="true" signature="setup(java.lang.String)[pri:0, instance:com.odel.test.SouvenirsAndGiftsPageTest@3a52dba3]" started-at="2025-01-12T14:15:37 IST" name="setup" finished-at="2025-01-12T14:15:44 IST" duration-ms="7242" status="PASS">
          <params>
            <param index="0">
              <value>
                <![CDATA[chrome]]>
              </value>
            </param>
          </params>
          <reporter-output>
          </reporter-output>
        </test-method> <!-- setup -->
        <test-method is-config="true" signature="setUp()[pri:0, instance:com.odel.test.SouvenirsAndGiftsPageTest@3a52dba3]" started-at="2025-01-12T14:15:44 IST" name="setUp" finished-at="2025-01-12T14:15:46 IST" duration-ms="1657" status="PASS">
          <reporter-output>
          </reporter-output>
        </test-method> <!-- setUp -->
        <test-method signature="verifySouvenirsAndGiftsPageTitleTest()[pri:1, instance:com.odel.test.SouvenirsAndGiftsPageTest@3a52dba3]" started-at="2025-01-12T14:15:46 IST" name="verifySouvenirsAndGiftsPageTitleTest" finished-at="2025-01-12T14:15:46 IST" duration-ms="10" status="PASS">
          <reporter-output>
          </reporter-output>
        </test-method> <!-- verifySouvenirsAndGiftsPageTitleTest -->
        <test-method is-config="true" signature="tearDown(org.testng.ITestResult)[pri:0, instance:com.odel.test.SouvenirsAndGiftsPageTest@3a52dba3]" started-at="2025-01-12T14:15:46 IST" name="tearDown" finished-at="2025-01-12T14:15:46 IST" duration-ms="176" status="PASS">
          <params>
            <param index="0">
              <value>
                <![CDATA[[TestResult name=verifySouvenirsAndGiftsPageTitleTest status=SUCCESS method=SouvenirsAndGiftsPageTest.verifySouvenirsAndGiftsPageTitleTest()[pri:1, instance:com.odel.test.SouvenirsAndGiftsPageTest@3a52dba3] output={null}]]]>
              </value>
            </param>
          </params>
          <reporter-output>
          </reporter-output>
        </test-method> <!-- tearDown -->
      </class> <!-- com.odel.test.SouvenirsAndGiftsPageTest -->
      <class name="com.odel.test.WomenPageTest">
        <test-method is-config="true" signature="setup(java.lang.String)[pri:0, instance:com.odel.test.WomenPageTest@45c7e403]" started-at="2025-01-12T14:16:17 IST" name="setup" finished-at="2025-01-12T14:16:25 IST" duration-ms="7614" status="PASS">
          <params>
            <param index="0">
              <value>
                <![CDATA[chrome]]>
              </value>
            </param>
          </params>
          <reporter-output>
          </reporter-output>
        </test-method> <!-- setup -->
        <test-method is-config="true" signature="setUp()[pri:0, instance:com.odel.test.WomenPageTest@45c7e403]" started-at="2025-01-12T14:16:25 IST" name="setUp" finished-at="2025-01-12T14:16:27 IST" duration-ms="2506" status="PASS">
          <reporter-output>
          </reporter-output>
        </test-method> <!-- setUp -->
        <test-method signature="verifyUniSexPageLabelTest()[pri:1, instance:com.odel.test.WomenPageTest@45c7e403]" started-at="2025-01-12T14:16:27 IST" name="verifyUniSexPageLabelTest" finished-at="2025-01-12T14:16:27 IST" duration-ms="37" status="PASS">
          <reporter-output>
          </reporter-output>
        </test-method> <!-- verifyUniSexPageLabelTest -->
        <test-method is-config="true" signature="tearDown(org.testng.ITestResult)[pri:0, instance:com.odel.test.WomenPageTest@45c7e403]" started-at="2025-01-12T14:16:27 IST" name="tearDown" finished-at="2025-01-12T14:16:27 IST" duration-ms="183" status="PASS">
          <params>
            <param index="0">
              <value>
                <![CDATA[[TestResult name=verifyUniSexPageLabelTest status=SUCCESS method=WomenPageTest.verifyUniSexPageLabelTest()[pri:1, instance:com.odel.test.WomenPageTest@45c7e403] output={null}]]]>
              </value>
            </param>
          </params>
          <reporter-output>
          </reporter-output>
        </test-method> <!-- tearDown -->
      </class> <!-- com.odel.test.WomenPageTest -->
      <class name="com.odel.test.SignUpPageTest">
        <test-method is-config="true" signature="setup(java.lang.String)[pri:0, instance:com.odel.test.SignUpPageTest@49438269]" started-at="2025-01-12T14:12:20 IST" name="setup" finished-at="2025-01-12T14:12:30 IST" duration-ms="10342" status="PASS">
          <params>
            <param index="0">
              <value>
                <![CDATA[chrome]]>
              </value>
            </param>
          </params>
          <reporter-output>
          </reporter-output>
        </test-method> <!-- setup -->
        <test-method is-config="true" signature="setUp()[pri:0, instance:com.odel.test.SignUpPageTest@49438269]" started-at="2025-01-12T14:12:30 IST" name="setUp" finished-at="2025-01-12T14:12:30 IST" duration-ms="0" status="PASS">
          <reporter-output>
          </reporter-output>
        </test-method> <!-- setUp -->
        <test-method signature="verifySignUpPageTitleTest()[pri:1, instance:com.odel.test.SignUpPageTest@49438269]" started-at="2025-01-12T14:12:30 IST" name="verifySignUpPageTitleTest" finished-at="2025-01-12T14:12:32 IST" duration-ms="2319" status="PASS">
          <reporter-output>
          </reporter-output>
        </test-method> <!-- verifySignUpPageTitleTest -->
        <test-method is-config="true" signature="tearDown(org.testng.ITestResult)[pri:0, instance:com.odel.test.SignUpPageTest@49438269]" started-at="2025-01-12T14:12:32 IST" name="tearDown" finished-at="2025-01-12T14:12:33 IST" duration-ms="174" status="PASS">
          <params>
            <param index="0">
              <value>
                <![CDATA[[TestResult name=verifySignUpPageTitleTest status=SUCCESS method=SignUpPageTest.verifySignUpPageTitleTest()[pri:1, instance:com.odel.test.SignUpPageTest@49438269] output={null}]]]>
              </value>
            </param>
          </params>
          <reporter-output>
          </reporter-output>
        </test-method> <!-- tearDown -->
        <test-method is-config="true" signature="setup(java.lang.String)[pri:0, instance:com.odel.test.SignUpPageTest@49438269]" started-at="2025-01-12T14:12:33 IST" name="setup" finished-at="2025-01-12T14:12:39 IST" duration-ms="6824" status="PASS">
          <params>
            <param index="0">
              <value>
                <![CDATA[chrome]]>
              </value>
            </param>
          </params>
          <reporter-output>
          </reporter-output>
        </test-method> <!-- setup -->
        <test-method is-config="true" signature="setUp()[pri:0, instance:com.odel.test.SignUpPageTest@49438269]" started-at="2025-01-12T14:12:39 IST" name="setUp" finished-at="2025-01-12T14:12:39 IST" duration-ms="1" status="PASS">
          <reporter-output>
          </reporter-output>
        </test-method> <!-- setUp -->
        <test-method signature="verifySignUpPageLabelTest()[pri:2, instance:com.odel.test.SignUpPageTest@49438269]" started-at="2025-01-12T14:12:39 IST" name="verifySignUpPageLabelTest" finished-at="2025-01-12T14:12:41 IST" duration-ms="1192" status="PASS">
          <reporter-output>
          </reporter-output>
        </test-method> <!-- verifySignUpPageLabelTest -->
        <test-method is-config="true" signature="tearDown(org.testng.ITestResult)[pri:0, instance:com.odel.test.SignUpPageTest@49438269]" started-at="2025-01-12T14:12:41 IST" name="tearDown" finished-at="2025-01-12T14:12:41 IST" duration-ms="203" status="PASS">
          <params>
            <param index="0">
              <value>
                <![CDATA[[TestResult name=verifySignUpPageLabelTest status=SUCCESS method=SignUpPageTest.verifySignUpPageLabelTest()[pri:2, instance:com.odel.test.SignUpPageTest@49438269] output={null}]]]>
              </value>
            </param>
          </params>
          <reporter-output>
          </reporter-output>
        </test-method> <!-- tearDown -->
        <test-method is-config="true" signature="setup(java.lang.String)[pri:0, instance:com.odel.test.SignUpPageTest@49438269]" started-at="2025-01-12T14:12:41 IST" name="setup" finished-at="2025-01-12T14:12:48 IST" duration-ms="7128" status="PASS">
          <params>
            <param index="0">
              <value>
                <![CDATA[chrome]]>
              </value>
            </param>
          </params>
          <reporter-output>
          </reporter-output>
        </test-method> <!-- setup -->
        <test-method signature="verifyLoginPageButtonClickTest()[pri:3, instance:com.odel.test.SignUpPageTest@49438269]" started-at="2025-01-12T14:12:48 IST" name="verifyLoginPageButtonClickTest" finished-at="2025-01-12T14:12:50 IST" duration-ms="1914" status="PASS">
          <reporter-output>
          </reporter-output>
        </test-method> <!-- verifyLoginPageButtonClickTest -->
        <test-method is-config="true" signature="setUp()[pri:0, instance:com.odel.test.SignUpPageTest@49438269]" started-at="2025-01-12T14:12:48 IST" name="setUp" finished-at="2025-01-12T14:12:48 IST" duration-ms="0" status="PASS">
          <reporter-output>
          </reporter-output>
        </test-method> <!-- setUp -->
        <test-method is-config="true" signature="tearDown(org.testng.ITestResult)[pri:0, instance:com.odel.test.SignUpPageTest@49438269]" started-at="2025-01-12T14:12:50 IST" name="tearDown" finished-at="2025-01-12T14:12:50 IST" duration-ms="185" status="PASS">
          <params>
            <param index="0">
              <value>
                <![CDATA[[TestResult name=verifyLoginPageButtonClickTest status=SUCCESS method=SignUpPageTest.verifyLoginPageButtonClickTest()[pri:3, instance:com.odel.test.SignUpPageTest@49438269] output={null}]]]>
              </value>
            </param>
          </params>
          <reporter-output>
          </reporter-output>
        </test-method> <!-- tearDown -->
        <test-method is-config="true" signature="setup(java.lang.String)[pri:0, instance:com.odel.test.SignUpPageTest@49438269]" started-at="2025-01-12T14:12:50 IST" name="setup" finished-at="2025-01-12T14:12:58 IST" duration-ms="7630" status="PASS">
          <params>
            <param index="0">
              <value>
                <![CDATA[chrome]]>
              </value>
            </param>
          </params>
          <reporter-output>
          </reporter-output>
        </test-method> <!-- setup -->
        <test-method is-config="true" signature="setUp()[pri:0, instance:com.odel.test.SignUpPageTest@49438269]" started-at="2025-01-12T14:12:58 IST" name="setUp" finished-at="2025-01-12T14:12:58 IST" duration-ms="1" status="PASS">
          <reporter-output>
          </reporter-output>
        </test-method> <!-- setUp -->
        <test-method signature="forgotPasswordLinkTest()[pri:4, instance:com.odel.test.SignUpPageTest@49438269]" started-at="2025-01-12T14:12:58 IST" name="forgotPasswordLinkTest" finished-at="2025-01-12T14:12:59 IST" duration-ms="1594" status="PASS">
          <reporter-output>
          </reporter-output>
        </test-method> <!-- forgotPasswordLinkTest -->
        <test-method is-config="true" signature="tearDown(org.testng.ITestResult)[pri:0, instance:com.odel.test.SignUpPageTest@49438269]" started-at="2025-01-12T14:12:59 IST" name="tearDown" finished-at="2025-01-12T14:12:59 IST" duration-ms="179" status="PASS">
          <params>
            <param index="0">
              <value>
                <![CDATA[[TestResult name=forgotPasswordLinkTest status=SUCCESS method=SignUpPageTest.forgotPasswordLinkTest()[pri:4, instance:com.odel.test.SignUpPageTest@49438269] output={null}]]]>
              </value>
            </param>
          </params>
          <reporter-output>
          </reporter-output>
        </test-method> <!-- tearDown -->
        <test-method is-config="true" signature="setup(java.lang.String)[pri:0, instance:com.odel.test.SignUpPageTest@49438269]" started-at="2025-01-12T14:12:59 IST" name="setup" finished-at="2025-01-12T14:13:10 IST" duration-ms="10186" status="PASS">
          <params>
            <param index="0">
              <value>
                <![CDATA[chrome]]>
              </value>
            </param>
          </params>
          <reporter-output>
          </reporter-output>
        </test-method> <!-- setup -->
        <test-method is-config="true" signature="setUp()[pri:0, instance:com.odel.test.SignUpPageTest@49438269]" started-at="2025-01-12T14:13:10 IST" name="setUp" finished-at="2025-01-12T14:13:10 IST" duration-ms="0" status="PASS">
          <reporter-output>
          </reporter-output>
        </test-method> <!-- setUp -->
        <test-method signature="welcomeTextDisplayTest()[pri:4, instance:com.odel.test.SignUpPageTest@49438269]" started-at="2025-01-12T14:13:10 IST" name="welcomeTextDisplayTest" finished-at="2025-01-12T14:13:13 IST" duration-ms="3137" status="PASS">
          <reporter-output>
          </reporter-output>
        </test-method> <!-- welcomeTextDisplayTest -->
        <test-method is-config="true" signature="tearDown(org.testng.ITestResult)[pri:0, instance:com.odel.test.SignUpPageTest@49438269]" started-at="2025-01-12T14:13:13 IST" name="tearDown" finished-at="2025-01-12T14:13:13 IST" duration-ms="161" status="PASS">
          <params>
            <param index="0">
              <value>
                <![CDATA[[TestResult name=welcomeTextDisplayTest status=SUCCESS method=SignUpPageTest.welcomeTextDisplayTest()[pri:4, instance:com.odel.test.SignUpPageTest@49438269] output={null}]]]>
              </value>
            </param>
          </params>
          <reporter-output>
          </reporter-output>
        </test-method> <!-- tearDown -->
        <test-method is-config="true" signature="setup(java.lang.String)[pri:0, instance:com.odel.test.SignUpPageTest@49438269]" started-at="2025-01-12T14:13:13 IST" name="setup" finished-at="2025-01-12T14:13:22 IST" duration-ms="9075" status="PASS">
          <params>
            <param index="0">
              <value>
                <![CDATA[chrome]]>
              </value>
            </param>
          </params>
          <reporter-output>
          </reporter-output>
        </test-method> <!-- setup -->
        <test-method is-config="true" signature="setUp()[pri:0, instance:com.odel.test.SignUpPageTest@49438269]" started-at="2025-01-12T14:13:22 IST" name="setUp" finished-at="2025-01-12T14:13:22 IST" duration-ms="1" status="PASS">
          <reporter-output>
          </reporter-output>
        </test-method> <!-- setUp -->
        <test-method signature="verifySignUpPageLogoClickTest()[pri:5, instance:com.odel.test.SignUpPageTest@49438269]" started-at="2025-01-12T14:13:22 IST" name="verifySignUpPageLogoClickTest" finished-at="2025-01-12T14:13:26 IST" duration-ms="3970" status="PASS">
          <reporter-output>
          </reporter-output>
        </test-method> <!-- verifySignUpPageLogoClickTest -->
        <test-method is-config="true" signature="tearDown(org.testng.ITestResult)[pri:0, instance:com.odel.test.SignUpPageTest@49438269]" started-at="2025-01-12T14:13:26 IST" name="tearDown" finished-at="2025-01-12T14:13:26 IST" duration-ms="177" status="PASS">
          <params>
            <param index="0">
              <value>
                <![CDATA[[TestResult name=verifySignUpPageLogoClickTest status=SUCCESS method=SignUpPageTest.verifySignUpPageLogoClickTest()[pri:5, instance:com.odel.test.SignUpPageTest@49438269] output={null}]]]>
              </value>
            </param>
          </params>
          <reporter-output>
          </reporter-output>
        </test-method> <!-- tearDown -->
      </class> <!-- com.odel.test.SignUpPageTest -->
      <class name="com.odel.test.BagsPageTest">
        <test-method is-config="true" signature="setup(java.lang.String)[pri:0, instance:com.odel.test.BagsPageTest@ba2f4ec]" started-at="2025-01-12T14:13:26 IST" name="setup" finished-at="2025-01-12T14:13:34 IST" duration-ms="7818" status="PASS">
          <params>
            <param index="0">
              <value>
                <![CDATA[chrome]]>
              </value>
            </param>
          </params>
          <reporter-output>
          </reporter-output>
        </test-method> <!-- setup -->
        <test-method is-config="true" signature="setUp()[pri:0, instance:com.odel.test.BagsPageTest@ba2f4ec]" started-at="2025-01-12T14:13:34 IST" name="setUp" finished-at="2025-01-12T14:13:38 IST" duration-ms="3612" status="PASS">
          <reporter-output>
          </reporter-output>
        </test-method> <!-- setUp -->
        <test-method signature="verifyBagsPageTitleTest()[pri:1, instance:com.odel.test.BagsPageTest@ba2f4ec]" started-at="2025-01-12T14:13:38 IST" name="verifyBagsPageTitleTest" finished-at="2025-01-12T14:13:38 IST" duration-ms="11" status="PASS">
          <reporter-output>
          </reporter-output>
        </test-method> <!-- verifyBagsPageTitleTest -->
        <test-method is-config="true" signature="tearDown(org.testng.ITestResult)[pri:0, instance:com.odel.test.BagsPageTest@ba2f4ec]" started-at="2025-01-12T14:13:38 IST" name="tearDown" finished-at="2025-01-12T14:13:38 IST" duration-ms="200" status="PASS">
          <params>
            <param index="0">
              <value>
[...]
          <params>
            <param index="0">
              <value>
                <![CDATA[[TestResult name=verifyLoginCredentials status=SUCCESS method=LoginPageTest.verifyLoginCredentials(java.lang.String,java.lang.String,java.lang.String)[pri:9, instance:com.odel.test.LoginPageTest@4e50c791] output={null}]]]>
              </value>
            </param>
          </params>
          <reporter-output>
          </reporter-output>
        </test-method> <!-- tearDown -->
        <test-method is-config="true" signature="setup(java.lang.String)[pri:0, instance:com.odel.test.LoginPageTest@4e50c791]" started-at="2025-01-12T14:24:08 IST" name="setup" finished-at="2025-01-12T14:24:19 IST" duration-ms="10347" status="PASS">
          <params>
            <param index="0">
              <value>
                <![CDATA[edge]]>
              </value>
            </param>
          </params>
          <reporter-output>
          </reporter-output>
        </test-method> <!-- setup -->
        <test-method is-config="true" signature="setUp()[pri:0, instance:com.odel.test.LoginPageTest@4e50c791]" started-at="2025-01-12T14:24:19 IST" name="setUp" finished-at="2025-01-12T14:24:19 IST" duration-ms="0" status="PASS">
          <reporter-output>
          </reporter-output>
        </test-method> <!-- setUp -->
        <test-method signature="verifyLoginCredentials(java.lang.String,java.lang.String,java.lang.String)[pri:9, instance:com.odel.test.LoginPageTest@4e50c791]" started-at="2025-01-12T14:24:19 IST" name="verifyLoginCredentials" data-provider="getTestData" finished-at="2025-01-12T14:24:23 IST" duration-ms="3956" status="PASS">
          <params>
            <param index="0">
              <value>
                <![CDATA[correctusername]]>
              </value>
            </param>
            <param index="1">
              <value>
                <![CDATA[rixopo9775@wirelay.com]]>
              </value>
            </param>
            <param index="2">
              <value>
                <![CDATA[admin1234]]>
              </value>
            </param>
          </params>
          <reporter-output>
          </reporter-output>
        </test-method> <!-- verifyLoginCredentials -->
        <test-method is-config="true" signature="tearDown(org.testng.ITestResult)[pri:0, instance:com.odel.test.LoginPageTest@4e50c791]" started-at="2025-01-12T14:24:23 IST" name="tearDown" finished-at="2025-01-12T14:24:24 IST" duration-ms="1263" status="PASS">
          <params>
            <param index="0">
              <value>
                <![CDATA[[TestResult name=verifyLoginCredentials status=SUCCESS method=LoginPageTest.verifyLoginCredentials(java.lang.String,java.lang.String,java.lang.String)[pri:9, instance:com.odel.test.LoginPageTest@4e50c791] output={null}]]]>
              </value>
            </param>
          </params>
          <reporter-output>
          </reporter-output>
        </test-method> <!-- tearDown -->
        <test-method is-config="true" signature="setup(java.lang.String)[pri:0, instance:com.odel.test.LoginPageTest@4e50c791]" started-at="2025-01-12T14:24:24 IST" name="setup" finished-at="2025-01-12T14:24:34 IST" duration-ms="10174" status="PASS">
          <params>
            <param index="0">
              <value>
                <![CDATA[edge]]>
              </value>
            </param>
          </params>
          <reporter-output>
          </reporter-output>
        </test-method> <!-- setup -->
        <test-method signature="verifyLoginCredentials(java.lang.String,java.lang.String,java.lang.String)[pri:9, instance:com.odel.test.LoginPageTest@4e50c791]" started-at="2025-01-12T14:24:34 IST" name="verifyLoginCredentials" data-provider="getTestData" finished-at="2025-01-12T14:24:40 IST" duration-ms="5604" status="PASS">
          <params>
            <param index="0">
              <value>
                <![CDATA[correctpassword]]>
              </value>
            </param>
            <param index="1">
              <value>
                <![CDATA[admin@gmail.com]]>
              </value>
            </param>
            <param index="2">
              <value>
                <![CDATA[#Abc1234]]>
              </value>
            </param>
          </params>
          <reporter-output>
          </reporter-output>
        </test-method> <!-- verifyLoginCredentials -->
        <test-method is-config="true" signature="setUp()[pri:0, instance:com.odel.test.LoginPageTest@4e50c791]" started-at="2025-01-12T14:24:34 IST" name="setUp" finished-at="2025-01-12T14:24:34 IST" duration-ms="0" status="PASS">
          <reporter-output>
          </reporter-output>
        </test-method> <!-- setUp -->
        <test-method is-config="true" signature="tearDown(org.testng.ITestResult)[pri:0, instance:com.odel.test.LoginPageTest@4e50c791]" started-at="2025-01-12T14:24:40 IST" name="tearDown" finished-at="2025-01-12T14:24:41 IST" duration-ms="1257" status="PASS">
          <params>
            <param index="0">
              <value>
                <![CDATA[[TestResult name=verifyLoginCredentials status=SUCCESS method=LoginPageTest.verifyLoginCredentials(java.lang.String,java.lang.String,java.lang.String)[pri:9, instance:com.odel.test.LoginPageTest@4e50c791] output={null}]]]>
              </value>
            </param>
          </params>
          <reporter-output>
          </reporter-output>
        </test-method> <!-- tearDown -->
      </class> <!-- com.odel.test.LoginPageTest -->
      <class name="com.odel.test.FoodAndBeveragePageTest">
        <test-method is-config="true" signature="setup(java.lang.String)[pri:0, instance:com.odel.test.FoodAndBeveragePageTest@394df057]" started-at="2025-01-12T14:26:35 IST" name="setup" finished-at="2025-01-12T14:26:41 IST" duration-ms="5755" status="PASS">
          <params>
            <param index="0">
              <value>
                <![CDATA[edge]]>
              </value>
            </param>
          </params>
          <reporter-output>
          </reporter-output>
        </test-method> <!-- setup -->
        <test-method is-config="true" signature="setUp()[pri:0, instance:com.odel.test.FoodAndBeveragePageTest@394df057]" started-at="2025-01-12T14:26:41 IST" name="setUp" finished-at="2025-01-12T14:26:43 IST" duration-ms="2477" status="PASS">
          <reporter-output>
          </reporter-output>
        </test-method> <!-- setUp -->
        <test-method signature="verifyFoodAndBeveragePageTitleTest()[pri:1, instance:com.odel.test.FoodAndBeveragePageTest@394df057]" started-at="2025-01-12T14:26:43 IST" name="verifyFoodAndBeveragePageTitleTest" finished-at="2025-01-12T14:26:43 IST" duration-ms="30" status="PASS">
          <reporter-output>
          </reporter-output>
        </test-method> <!-- verifyFoodAndBeveragePageTitleTest -->
        <test-method is-config="true" signature="tearDown(org.testng.ITestResult)[pri:0, instance:com.odel.test.FoodAndBeveragePageTest@394df057]" started-at="2025-01-12T14:26:43 IST" name="tearDown" finished-at="2025-01-12T14:26:45 IST" duration-ms="1513" status="PASS">
          <params>
            <param index="0">
              <value>
                <![CDATA[[TestResult name=verifyFoodAndBeveragePageTitleTest status=SUCCESS method=FoodAndBeveragePageTest.verifyFoodAndBeveragePageTitleTest()[pri:1, instance:com.odel.test.FoodAndBeveragePageTest@394df057] output={null}]]]>
              </value>
            </param>
          </params>
          <reporter-output>
          </reporter-output>
        </test-method> <!-- tearDown -->
      </class> <!-- com.odel.test.FoodAndBeveragePageTest -->
      <class name="com.odel.test.ShopByBrandsPageTest">
        <test-method is-config="true" signature="setup(java.lang.String)[pri:0, instance:com.odel.test.ShopByBrandsPageTest@1190200a]" started-at="2025-01-12T14:27:54 IST" name="setup" finished-at="2025-01-12T14:28:04 IST" duration-ms="10254" status="PASS">
          <params>
            <param index="0">
              <value>
                <![CDATA[edge]]>
              </value>
            </param>
          </params>
          <reporter-output>
          </reporter-output>
        </test-method> <!-- setup -->
        <test-method is-config="true" signature="setUp()[pri:0, instance:com.odel.test.ShopByBrandsPageTest@1190200a]" started-at="2025-01-12T14:28:04 IST" name="setUp" finished-at="2025-01-12T14:28:07 IST" duration-ms="2704" status="PASS">
          <reporter-output>
          </reporter-output>
        </test-method> <!-- setUp -->
        <test-method signature="verifyShopByBrandsPageTitleTest()[pri:1, instance:com.odel.test.ShopByBrandsPageTest@1190200a]" started-at="2025-01-12T14:28:07 IST" name="verifyShopByBrandsPageTitleTest" finished-at="2025-01-12T14:28:07 IST" duration-ms="10" status="PASS">
          <reporter-output>
          </reporter-output>
        </test-method> <!-- verifyShopByBrandsPageTitleTest -->
        <test-method is-config="true" signature="tearDown(org.testng.ITestResult)[pri:0, instance:com.odel.test.ShopByBrandsPageTest@1190200a]" started-at="2025-01-12T14:28:07 IST" name="tearDown" finished-at="2025-01-12T14:28:08 IST" duration-ms="1299" status="PASS">
          <params>
            <param index="0">
              <value>
                <![CDATA[[TestResult name=verifyShopByBrandsPageTitleTest status=SUCCESS method=ShopByBrandsPageTest.verifyShopByBrandsPageTitleTest()[pri:1, instance:com.odel.test.ShopByBrandsPageTest@1190200a] output={null}]]]>
              </value>
            </param>
          </params>
          <reporter-output>
          </reporter-output>
        </test-method> <!-- tearDown -->
        <test-method is-config="true" signature="setup(java.lang.String)[pri:0, instance:com.odel.test.ShopByBrandsPageTest@1190200a]" started-at="2025-01-12T14:28:08 IST" name="setup" finished-at="2025-01-12T14:28:19 IST" duration-ms="10672" status="PASS">
          <params>
            <param index="0">
              <value>
                <![CDATA[edge]]>
              </value>
            </param>
          </params>
          <reporter-output>
          </reporter-output>
        </test-method> <!-- setup -->
        <test-method is-config="true" signature="setUp()[pri:0, instance:com.odel.test.ShopByBrandsPageTest@1190200a]" started-at="2025-01-12T14:28:19 IST" name="setUp" finished-at="2025-01-12T14:28:22 IST" duration-ms="2716" status="PASS">
          <reporter-output>
          </reporter-output>
        </test-method> <!-- setUp -->
        <test-method signature="verifyShopByBrandsPageLabelTest()[pri:2, instance:com.odel.test.ShopByBrandsPageTest@1190200a]" started-at="2025-01-12T14:28:22 IST" name="verifyShopByBrandsPageLabelTest" finished-at="2025-01-12T14:28:22 IST" duration-ms="60" status="PASS">
          <reporter-output>
          </reporter-output>
        </test-method> <!-- verifyShopByBrandsPageLabelTest -->
        <test-method is-config="true" signature="tearDown(org.testng.ITestResult)[pri:0, instance:com.odel.test.ShopByBrandsPageTest@1190200a]" started-at="2025-01-12T14:28:22 IST" name="tearDown" finished-at="2025-01-12T14:28:23 IST" duration-ms="1355" status="PASS">
          <params>
            <param index="0">
              <value>
                <![CDATA[[TestResult name=verifyShopByBrandsPageLabelTest status=SUCCESS method=ShopByBrandsPageTest.verifyShopByBrandsPageLabelTest()[pri:2, instance:com.odel.test.ShopByBrandsPageTest@1190200a] output={null}]]]>
              </value>
            </param>
          </params>
          <reporter-output>
          </reporter-output>
        </test-method> <!-- tearDown -->
      </class> <!-- com.odel.test.ShopByBrandsPageTest -->
      <class name="com.odel.test.KidsPageTest">
        <test-method is-config="true" signature="setup(java.lang.String)[pri:0, instance:com.odel.test.KidsPageTest@33c911a1]" started-at="2025-01-12T14:27:13 IST" name="setup" finished-at="2025-01-12T14:27:21 IST" duration-ms="7600" status="PASS">
          <params>
            <param index="0">
              <value>
                <![CDATA[edge]]>
              </value>
            </param>
          </params>
          <reporter-output>
          </reporter-output>
        </test-method> <!-- setup -->
        <test-method is-config="true" signature="setUp()[pri:0, instance:com.odel.test.KidsPageTest@33c911a1]" started-at="2025-01-12T14:27:21 IST" name="setUp" finished-at="2025-01-12T14:27:23 IST" duration-ms="2142" status="PASS">
          <reporter-output>
          </reporter-output>
        </test-method> <!-- setUp -->
        <test-method signature="verifyKidsPageTitleTest()[pri:1, instance:com.odel.test.KidsPageTest@33c911a1]" started-at="2025-01-12T14:27:23 IST" name="verifyKidsPageTitleTest" finished-at="2025-01-12T14:27:23 IST" duration-ms="11" status="PASS">
          <reporter-output>
          </reporter-output>
        </test-method> <!-- verifyKidsPageTitleTest -->
        <test-method is-config="true" signature="tearDown(org.testng.ITestResult)[pri:0, instance:com.odel.test.KidsPageTest@33c911a1]" started-at="2025-01-12T14:27:23 IST" name="tearDown" finished-at="2025-01-12T14:27:24 IST" duration-ms="1269" status="PASS">
          <params>
            <param index="0">
              <value>
                <![CDATA[[TestResult name=verifyKidsPageTitleTest status=SUCCESS method=KidsPageTest.verifyKidsPageTitleTest()[pri:1, instance:com.odel.test.KidsPageTest@33c911a1] output={null}]]]>
              </value>
            </param>
          </params>
          <reporter-output>
          </reporter-output>
        </test-method> <!-- tearDown -->
      </class> <!-- com.odel.test.KidsPageTest -->
      <class name="com.odel.test.FootwearPageTest">
        <test-method is-config="true" signature="setup(java.lang.String)[pri:0, instance:com.odel.test.FootwearPageTest@4961f6af]" started-at="2025-01-12T14:26:45 IST" name="setup" finished-at="2025-01-12T14:26:52 IST" duration-ms="7381" status="PASS">
          <params>
            <param index="0">
              <value>
                <![CDATA[edge]]>
              </value>
            </param>
          </params>
          <reporter-output>
          </reporter-output>
        </test-method> <!-- setup -->
        <test-method is-config="true" signature="setUp()[pri:0, instance:com.odel.test.FootwearPageTest@4961f6af]" started-at="2025-01-12T14:26:52 IST" name="setUp" finished-at="2025-01-12T14:26:53 IST" duration-ms="1291" status="PASS">
          <reporter-output>
          </reporter-output>
        </test-method> <!-- setUp -->
        <test-method signature="verifyFootwearPageTitleTest()[pri:1, instance:com.odel.test.FootwearPageTest@4961f6af]" started-at="2025-01-12T14:26:53 IST" name="verifyFootwearPageTitleTest" finished-at="2025-01-12T14:26:53 IST" duration-ms="18" status="PASS">
          <reporter-output>
          </reporter-output>
        </test-method> <!-- verifyFootwearPageTitleTest -->
        <test-method is-config="true" signature="tearDown(org.testng.ITestResult)[pri:0, instance:com.odel.test.FootwearPageTest@4961f6af]" started-at="2025-01-12T14:26:53 IST" name="tearDown" finished-at="2025-01-12T14:26:55 IST" duration-ms="1343" status="PASS">
          <params>
            <param index="0">
              <value>
                <![CDATA[[TestResult name=verifyFootwearPageTitleTest status=SUCCESS method=FootwearPageTest.verifyFootwearPageTitleTest()[pri:1, instance:com.odel.test.FootwearPageTest@4961f6af] output={null}]]]>
              </value>
            </param>
          </params>
          <reporter-output>
          </reporter-output>
        </test-method> <!-- tearDown -->
      </class> <!-- com.odel.test.FootwearPageTest -->
      <class name="com.odel.test.SportsPageTest">
        <test-method is-config="true" signature="setup(java.lang.String)[pri:0, instance:com.odel.test.SportsPageTest@45b4c3a9]" started-at="2025-01-12T14:28:41 IST" name="setup" finished-at="2025-01-12T14:28:49 IST" duration-ms="7940" status="PASS">
          <params>
            <param index="0">
              <value>
                <![CDATA[edge]]>
              </value>
            </param>
          </params>
          <reporter-output>
          </reporter-output>
        </test-method> <!-- setup -->
        <test-method is-config="true" signature="setUp()[pri:0, instance:com.odel.test.SportsPageTest@45b4c3a9]" started-at="2025-01-12T14:28:49 IST" name="setUp" finished-at="2025-01-12T14:28:50 IST" duration-ms="1551" status="PASS">
          <reporter-output>
          </reporter-output>
        </test-method> <!-- setUp -->
        <test-method signature="verifySportsPageTitleTest()[pri:1, instance:com.odel.test.SportsPageTest@45b4c3a9]" started-at="2025-01-12T14:28:50 IST" name="verifySportsPageTitleTest" finished-at="2025-01-12T14:28:50 IST" duration-ms="6" status="PASS">
          <reporter-output>
          </reporter-output>
        </test-method> <!-- verifySportsPageTitleTest -->
        <test-method is-config="true" signature="tearDown(org.testng.ITestResult)[pri:0, instance:com.odel.test.SportsPageTest@45b4c3a9]" started-at="2025-01-12T14:28:50 IST" name="tearDown" finished-at="2025-01-12T14:28:52 IST" duration-ms="1318" status="PASS">
          <params>
            <param index="0">
              <value>
                <![CDATA[[TestResult name=verifySportsPageTitleTest status=SUCCESS method=SportsPageTest.verifySportsPageTitleTest()[pri:1, instance:com.odel.test.SportsPageTest@45b4c3a9] output={null}]]]>
              </value>
            </param>
          </params>
          <reporter-output>
          </reporter-output>
        </test-method> <!-- tearDown -->
      </class> <!-- com.odel.test.SportsPageTest -->
      <class name="com.odel.test.DealsPageTest">
        <test-method is-config="true" signature="setup(java.lang.String)[pri:0, instance:com.odel.test.DealsPageTest@71e9ddb4]" started-at="2025-01-12T14:26:20 IST" name="setup" finished-at="2025-01-12T14:26:29 IST" duration-ms="9636" status="PASS">
          <params>
            <param index="0">
              <value>
                <![CDATA[edge]]>
              </value>
            </param>
          </params>
          <reporter-output>
          </reporter-output>
        </test-method> <!-- setup -->
        <test-method is-config="true" signature="setUp()[pri:0, instance:com.odel.test.DealsPageTest@71e9ddb4]" started-at="2025-01-12T14:26:29 IST" name="setUp" finished-at="2025-01-12T14:26:34 IST" duration-ms="4436" status="PASS">
          <reporter-output>
          </reporter-output>
        </test-method> <!-- setUp -->
        <test-method signature="verifyDealsPageTitleTest()[pri:1, instance:com.odel.test.DealsPageTest@71e9ddb4]" started-at="2025-01-12T14:26:34 IST" name="verifyDealsPageTitleTest" finished-at="2025-01-12T14:26:34 IST" duration-ms="11" status="PASS">
          <reporter-output>
          </reporter-output>
        </test-method> <!-- verifyDealsPageTitleTest -->
        <test-method is-config="true" signature="tearDown(org.testng.ITestResult)[pri:0, instance:com.odel.test.DealsPageTest@71e9ddb4]" started-at="2025-01-12T14:26:34 IST" name="tearDown" finished-at="2025-01-12T14:26:35 IST" duration-ms="1287" status="PASS">
          <params>
            <param index="0">
              <value>
                <![CDATA[[TestResult name=verifyDealsPageTitleTest status=SUCCESS method=DealsPageTest.verifyDealsPageTitleTest()[pri:1, instance:com.odel.test.DealsPageTest@71e9ddb4] output={null}]]]>
              </value>
            </param>
          </params>
          <reporter-output>
          </reporter-output>
        </test-method> <!-- tearDown -->
      </class> <!-- com.odel.test.DealsPageTest -->
    </test> <!-- Test Automation Framework Edge Test -->
  </suite> <!-- Test Automation Framework Test Suite -->
</testng-results>
