<?xml version="1.0" encoding="UTF-8"?>
<testng-results ignored="25" total="26" passed="1" failed="0" skipped="0">
  <reporter-output>
  </reporter-output>
  <suite started-at="2025-01-11T21:08:35 IST" name="Default suite" finished-at="2025-01-11T21:08:53 IST" duration-ms="18627">
    <groups>
    </groups>
    <test started-at="2025-01-11T21:08:35 IST" name="Default test" finished-at="2025-01-11T21:08:53 IST" duration-ms="18627">
      <class name="com.odel.test.HomePageTest">
        <test-method is-config="true" signature="loadConfig()[pri:0, instance:com.odel.test.HomePageTest@557caf28]" started-at="2025-01-11T21:08:35 IST" name="loadConfig" finished-at="2025-01-11T21:08:35 IST" duration-ms="7" status="PASS">
          <reporter-output>
          </reporter-output>
        </test-method> <!-- loadConfig -->
        <test-method is-config="true" signature="setup()[pri:0, instance:com.odel.test.HomePageTest@557caf28]" started-at="2025-01-11T21:08:35 IST" name="setup" finished-at="2025-01-11T21:08:43 IST" duration-ms="7778" status="PASS">
          <reporter-output>
          </reporter-output>
        </test-method> <!-- setup -->
        <test-method is-config="true" signature="setUp()[pri:0, instance:com.odel.test.HomePageTest@557caf28]" started-at="2025-01-11T21:08:43 IST" name="setUp" finished-at="2025-01-11T21:08:43 IST" duration-ms="47" status="PASS">
          <reporter-output>
          </reporter-output>
        </test-method> <!-- setUp -->
        <test-method signature="verifyProfileAfterlogin()[pri:26, instance:com.odel.test.HomePageTest@557caf28]" started-at="2025-01-11T21:08:43 IST" name="verifyProfileAfterlogin" finished-at="2025-01-11T21:08:53 IST" duration-ms="10530" status="PASS">
          <reporter-output>
          </reporter-output>
        </test-method> <!-- verifyProfileAfterlogin -->
        <test-method is-config="true" signature="tearDown(org.testng.ITestResult)[pri:0, instance:com.odel.test.HomePageTest@557caf28]" started-at="2025-01-11T21:08:53 IST" name="tearDown" finished-at="2025-01-11T21:08:53 IST" duration-ms="243" status="PASS">
          <params>
            <param index="0">
              <value>
                <![CDATA[[TestResult name=verifyProfileAfterlogin status=SUCCESS method=HomePageTest.verifyProfileAfterlogin()[pri:26, instance:com.odel.test.HomePageTest@557caf28] output={null}]]]>
              </value>
            </param>
          </params>
          <reporter-output>
          </reporter-output>
        </test-method> <!-- tearDown -->
      </class> <!-- com.odel.test.HomePageTest -->
    </test> <!-- Default test -->
  </suite> <!-- Default suite -->
</testng-results>
